#
# There is insufficient memory for the Java Runtime Environment to continue.
# Native memory allocation (malloc) failed to allocate 2364416 bytes for Chunk::new
# Possible reasons:
#   The system is out of physical RAM or swap space
#   The process is running with CompressedOops enabled, and the Java Heap may be blocking the growth of the native heap
# Possible solutions:
#   Reduce memory load on the system
#   Increase physical memory or swap space
#   Check if swap backing store is full
#   Decrease Java heap size (-Xmx/-Xms)
#   Decrease number of Java threads
#   Decrease Java thread stack sizes (-Xss)
#   Set larger code cache with -XX:ReservedCodeCacheSize=
#   JVM is running with Zero Based Compressed Oops mode in which the Java heap is
#     placed in the first 32GB address space. The Java Heap base address is the
#     maximum limit for the native heap growth. Please use -XX:HeapBaseMinAddress
#     to set the Java Heap base and to place the Java Heap above 32GB virtual address.
# This output file may be truncated or incomplete.
#
#  Out of Memory Error (arena.cpp:184), pid=32512, tid=33152
#
# JRE version: Java(TM) SE Runtime Environment (20.0.1+9) (build 20.0.1+9-29)
# Java VM: Java HotSpot(TM) 64-Bit Server VM (20.0.1+9-29, mixed mode, sharing, tiered, compressed oops, compressed class ptrs, g1 gc, windows-amd64)
# No core dump will be written. Minidumps are not enabled by default on client versions of Windows
#

---------------  S U M M A R Y ------------

Command Line: -Dmaven.multiModuleProjectDirectory=E:\University\E-Pharmacy -Djansi.passthrough=true -Dmaven.home=C:\Program Files\JetBrains\IntelliJ IDEA 2023.1.4\plugins\maven\lib\maven3 -Dclassworlds.conf=C:\Program Files\JetBrains\IntelliJ IDEA 2023.1.4\plugins\maven\lib\maven3\bin\m2.conf -Dmaven.ext.class.path=C:\Program Files\JetBrains\IntelliJ IDEA 2023.1.4\plugins\maven\lib\maven-event-listener.jar -javaagent:C:\Program Files\JetBrains\IntelliJ IDEA 2023.1.4\lib\idea_rt.jar=63409:C:\Program Files\JetBrains\IntelliJ IDEA 2023.1.4\bin -Dfile.encoding=UTF-8 -Dsun.stdout.encoding=UTF-8 -Dsun.stderr.encoding=UTF-8 org.codehaus.classworlds.Launcher -Didea.version=2023.1.4 install

Host: 11th Gen Intel(R) Core(TM) i7-11800H @ 2.30GHz, 16 cores, 15G,  Windows 10 , 64 bit Build 19041 (10.0.19041.3636)
Time: Thu Jun  6 03:01:55 2024 Egypt Daylight Time elapsed time: 7.514925 seconds (0d 0h 0m 7s)

---------------  T H R E A D  ---------------

Current thread (0x0000028782502560):  JavaThread "C2 CompilerThread0" daemon [_thread_in_native, id=33152, stack(0x000000d1c4b00000,0x000000d1c4c00000)]


Current CompileTask:
C2:   7515 10395   !   4       java.lang.ClassLoader::loadClass (121 bytes)

Stack: [0x000000d1c4b00000,0x000000d1c4c00000]
Native frames: (J=compiled Java code, j=interpreted, Vv=VM code, C=native code)
V  [jvm.dll+0x6bb95a]
V  [jvm.dll+0x8485fa]
V  [jvm.dll+0x84a1f5]
V  [jvm.dll+0x84a8f3]
V  [jvm.dll+0x280b0f]
V  [jvm.dll+0xc2b11]
V  [jvm.dll+0xc2e35]
V  [jvm.dll+0x2f5dbf]
V  [jvm.dll+0x5e32eb]
V  [jvm.dll+0x2543b4]
V  [jvm.dll+0x25477f]
V  [jvm.dll+0x24cf6d]
V  [jvm.dll+0x24a549]
V  [jvm.dll+0x1ce491]
V  [jvm.dll+0x259e1b]
V  [jvm.dll+0x2584f0]
V  [jvm.dll+0x3f2895]
V  [jvm.dll+0x7f4b56]
V  [jvm.dll+0x6ba5cb]
C  [ucrtbase.dll+0x21bb2]
C  [KERNEL32.DLL+0x17344]
C  [ntdll.dll+0x526b1]


---------------  P R O C E S S  ---------------

Threads class SMR info:
_java_thread_list=0x000002878bfaf560, length=18, elements={
0x00000287e24593a0, 0x00000287824f0a70, 0x00000287824f1870, 0x00000287824f55c0,
0x00000287824f9280, 0x00000287824fa360, 0x00000287824fb440, 0x0000028782502560,
0x0000028782502ee0, 0x0000028786901220, 0x000002878690fcb0, 0x0000028786915260,
0x0000028786a3eee0, 0x0000028786a3f430, 0x0000028786dfa130, 0x0000028786ea95e0,
0x00000287870da5b0, 0x00000287873fe4a0
}

Java Threads: ( => current thread )
  0x00000287e24593a0 JavaThread "main" [_thread_in_native, id=22220, stack(0x000000d1c3e00000,0x000000d1c3f00000)]
  0x00000287824f0a70 JavaThread "Reference Handler" daemon [_thread_blocked, id=29864, stack(0x000000d1c4500000,0x000000d1c4600000)]
  0x00000287824f1870 JavaThread "Finalizer" daemon [_thread_blocked, id=20548, stack(0x000000d1c4600000,0x000000d1c4700000)]
  0x00000287824f55c0 JavaThread "Signal Dispatcher" daemon [_thread_blocked, id=21724, stack(0x000000d1c4700000,0x000000d1c4800000)]
  0x00000287824f9280 JavaThread "Attach Listener" daemon [_thread_blocked, id=10700, stack(0x000000d1c4800000,0x000000d1c4900000)]
  0x00000287824fa360 JavaThread "Service Thread" daemon [_thread_blocked, id=32828, stack(0x000000d1c4900000,0x000000d1c4a00000)]
  0x00000287824fb440 JavaThread "Monitor Deflation Thread" daemon [_thread_blocked, id=29224, stack(0x000000d1c4a00000,0x000000d1c4b00000)]
=>0x0000028782502560 JavaThread "C2 CompilerThread0" daemon [_thread_in_native, id=33152, stack(0x000000d1c4b00000,0x000000d1c4c00000)]
  0x0000028782502ee0 JavaThread "C1 CompilerThread0" daemon [_thread_blocked, id=28220, stack(0x000000d1c4c00000,0x000000d1c4d00000)]
  0x0000028786901220 JavaThread "Common-Cleaner" daemon [_thread_blocked, id=31940, stack(0x000000d1c4d00000,0x000000d1c4e00000)]
  0x000002878690fcb0 JavaThread "C1 CompilerThread1" daemon [_thread_blocked, id=23268, stack(0x000000d1c4e00000,0x000000d1c4f00000)]
  0x0000028786915260 JavaThread "C1 CompilerThread2" daemon [_thread_blocked, id=17592, stack(0x000000d1c4f00000,0x000000d1c5000000)]
  0x0000028786a3eee0 JavaThread "Monitor Ctrl-Break" daemon [_thread_in_native, id=26476, stack(0x000000d1c5000000,0x000000d1c5100000)]
  0x0000028786a3f430 JavaThread "Notification Thread" daemon [_thread_blocked, id=32196, stack(0x000000d1c5100000,0x000000d1c5200000)]
  0x0000028786dfa130 JavaThread "C2 CompilerThread1" daemon [_thread_blocked, id=28588, stack(0x000000d1c5300000,0x000000d1c5400000)]
  0x0000028786ea95e0 JavaThread "C1 CompilerThread3" daemon [_thread_blocked, id=32292, stack(0x000000d1c5400000,0x000000d1c5500000)]
  0x00000287870da5b0 JavaThread "C2 CompilerThread2" daemon [_thread_in_native, id=29692, stack(0x000000d1c5500000,0x000000d1c5600000)]
  0x00000287873fe4a0 JavaThread "C2 CompilerThread3" daemon [_thread_blocked, id=28664, stack(0x000000d1c5600000,0x000000d1c5700000)]

Other Threads:
  0x00000287824d2950 VMThread "VM Thread" [stack: 0x000000d1c4400000,0x000000d1c4500000] [id=25004]
  0x0000028786a42b00 WatcherThread "VM Periodic Task Thread" [stack: 0x000000d1c5200000,0x000000d1c5300000] [id=32640]
  0x00000287e24c7c60 WorkerThread "GC Thread#0" [stack: 0x000000d1c3f00000,0x000000d1c4000000] [id=21896]
  0x0000028786b30ee0 WorkerThread "GC Thread#1" [stack: 0x000000d1c5b00000,0x000000d1c5c00000] [id=27956]
  0x0000028786b31a20 WorkerThread "GC Thread#2" [stack: 0x000000d1c5c00000,0x000000d1c5d00000] [id=22552]
  0x0000028786b31cf0 WorkerThread "GC Thread#3" [stack: 0x000000d1c5d00000,0x000000d1c5e00000] [id=3648]
  0x0000028786b311b0 WorkerThread "GC Thread#4" [stack: 0x000000d1c5e00000,0x000000d1c5f00000] [id=31396]
  0x0000028786b31750 WorkerThread "GC Thread#5" [stack: 0x000000d1c5f00000,0x000000d1c6000000] [id=22068]
  0x0000028786b300d0 WorkerThread "GC Thread#6" [stack: 0x000000d1c6000000,0x000000d1c6100000] [id=23028]
  0x000002878835eb50 WorkerThread "GC Thread#7" [stack: 0x000000d1c6100000,0x000000d1c6200000] [id=7692]
  0x000002878835ee20 WorkerThread "GC Thread#8" [stack: 0x000000d1c6200000,0x000000d1c6300000] [id=10680]
  0x000002878835f3c0 WorkerThread "GC Thread#9" [stack: 0x000000d1c5a00000,0x000000d1c5b00000] [id=13084]
  0x000002878835dd40 WorkerThread "GC Thread#10" [stack: 0x000000d1c6300000,0x000000d1c6400000] [id=15792]
  0x000002878835f690 WorkerThread "GC Thread#11" [stack: 0x000000d1c6400000,0x000000d1c6500000] [id=21904]
  0x0000028788360770 WorkerThread "GC Thread#12" [stack: 0x000000d1c5900000,0x000000d1c5a00000] [id=28948]
  0x00000287e24d87f0 ConcurrentGCThread "G1 Main Marker" [stack: 0x000000d1c4000000,0x000000d1c4100000] [id=25824]
  0x00000287e24d9130 WorkerThread "G1 Conc#0" [stack: 0x000000d1c4100000,0x000000d1c4200000] [id=16468]
  0x000002878835e010 WorkerThread "G1 Conc#1" [stack: 0x000000d1c6500000,0x000000d1c6600000] [id=33708]
  0x000002878835e2e0 WorkerThread "G1 Conc#2" [stack: 0x000000d1c6600000,0x000000d1c6700000] [id=31700]
  0x00000287823919e0 ConcurrentGCThread "G1 Refine#0" [stack: 0x000000d1c4200000,0x000000d1c4300000] [id=31340]
  0x0000028782392290 ConcurrentGCThread "G1 Service" [stack: 0x000000d1c4300000,0x000000d1c4400000] [id=27104]

Threads with active compile tasks:
C2 CompilerThread0     7529 10395   !   4       java.lang.ClassLoader::loadClass (121 bytes)
C2 CompilerThread2     7529 10263       4       org.apache.maven.model.inheritance.DefaultInheritanceAssembler$InheritanceModelMerger::mergePluginContainer_Plugins (430 bytes)

VM state: not at safepoint (normal execution)

VM Mutex/Monitor currently owned by a thread: None

Heap address: 0x0000000704200000, size: 4030 MB, Compressed Oops mode: Zero based, Oop shift amount: 3

CDS archive(s) mapped at: [0x0000000800000000-0x0000000800c60000-0x0000000800c60000), size 12976128, SharedBaseAddress: 0x0000000800000000, ArchiveRelocationMode: 0.
Compressed class space mapped at: 0x0000000801000000-0x0000000841000000, reserved size: 1073741824
Narrow klass base: 0x0000000800000000, Narrow klass shift: 0, Narrow klass range: 0x100000000

GC Precious Log:
 CardTable entry size: 512
 Card Set container configuration: InlinePtr #cards 4 size 8 Array Of Cards #cards 16 size 48 Howl #buckets 8 coarsen threshold 3686 Howl Bitmap #cards 512 size 80 coarsen threshold 460 Card regions per heap region 1 cards per card region 4096
 CPUs: 16 total, 16 available
 Memory: 16114M
 Large Page Support: Disabled
 NUMA Support: Disabled
 Compressed Oops: Enabled (Zero based)
 Heap Region Size: 2M
 Heap Min Capacity: 8M
 Heap Initial Capacity: 252M
 Heap Max Capacity: 4030M
 Pre-touch: Disabled
 Parallel Workers: 13
 Concurrent Workers: 3
 Concurrent Refinement Workers: 13
 Periodic GC: Disabled

Heap:
 garbage-first heap   total 172032K, used 83380K [0x0000000704200000, 0x0000000800000000)
  region size 2048K, 7 young (14336K), 3 survivors (6144K)
 Metaspace       used 35162K, committed 35712K, reserved 1114112K
  class space    used 3695K, committed 3968K, reserved 1048576K

Heap Regions: E=young(eden), S=young(survivor), O=old, HS=humongous(starts), HC=humongous(continues), CS=collection set, F=free, OA=open archive, CA=closed archive, TAMS=top-at-mark-start, PB=parsable bottom
|   0|0x0000000704200000, 0x0000000704400000, 0x0000000704400000|100%| O|  |TAMS 0x0000000704200000| PB 0x0000000704200000| Untracked 
|   1|0x0000000704400000, 0x0000000704600000, 0x0000000704600000|100%|HS|  |TAMS 0x0000000704400000| PB 0x0000000704400000| Complete 
|   2|0x0000000704600000, 0x0000000704800000, 0x0000000704800000|100%| O|  |TAMS 0x0000000704600000| PB 0x0000000704600000| Untracked 
|   3|0x0000000704800000, 0x0000000704a00000, 0x0000000704a00000|100%| O|  |TAMS 0x0000000704800000| PB 0x0000000704800000| Untracked 
|   4|0x0000000704a00000, 0x0000000704c00000, 0x0000000704c00000|100%| O|  |TAMS 0x0000000704a00000| PB 0x0000000704a00000| Untracked 
|   5|0x0000000704c00000, 0x0000000704e00000, 0x0000000704e00000|100%| O|  |TAMS 0x0000000704c00000| PB 0x0000000704c00000| Untracked 
|   6|0x0000000704e00000, 0x0000000705000000, 0x0000000705000000|100%| O|  |TAMS 0x0000000704e00000| PB 0x0000000704e00000| Untracked 
|   7|0x0000000705000000, 0x0000000705200000, 0x0000000705200000|100%| O|  |TAMS 0x0000000705000000| PB 0x0000000705000000| Untracked 
|   8|0x0000000705200000, 0x0000000705400000, 0x0000000705400000|100%| O|  |TAMS 0x0000000705200000| PB 0x0000000705200000| Untracked 
|   9|0x0000000705400000, 0x0000000705600000, 0x0000000705600000|100%| O|  |TAMS 0x0000000705400000| PB 0x0000000705400000| Untracked 
|  10|0x0000000705600000, 0x0000000705800000, 0x0000000705800000|100%| O|  |TAMS 0x0000000705600000| PB 0x0000000705600000| Untracked 
|  11|0x0000000705800000, 0x0000000705a00000, 0x0000000705a00000|100%| O|  |TAMS 0x0000000705800000| PB 0x0000000705800000| Untracked 
|  12|0x0000000705a00000, 0x0000000705c00000, 0x0000000705c00000|100%| O|  |TAMS 0x0000000705a00000| PB 0x0000000705a00000| Untracked 
|  13|0x0000000705c00000, 0x0000000705e00000, 0x0000000705e00000|100%|HS|  |TAMS 0x0000000705c00000| PB 0x0000000705c00000| Complete 
|  14|0x0000000705e00000, 0x0000000706000000, 0x0000000706000000|100%| O|  |TAMS 0x0000000705e00000| PB 0x0000000705e00000| Untracked 
|  15|0x0000000706000000, 0x0000000706200000, 0x0000000706200000|100%| O|  |TAMS 0x0000000706000000| PB 0x0000000706000000| Untracked 
|  16|0x0000000706200000, 0x0000000706400000, 0x0000000706400000|100%| O|  |TAMS 0x0000000706200000| PB 0x0000000706200000| Untracked 
|  17|0x0000000706400000, 0x0000000706600000, 0x0000000706600000|100%| O|  |TAMS 0x0000000706400000| PB 0x0000000706400000| Untracked 
|  18|0x0000000706600000, 0x0000000706800000, 0x0000000706800000|100%| O|  |TAMS 0x0000000706600000| PB 0x0000000706600000| Untracked 
|  19|0x0000000706800000, 0x0000000706a00000, 0x0000000706a00000|100%|HS|  |TAMS 0x0000000706800000| PB 0x0000000706800000| Complete 
|  20|0x0000000706a00000, 0x0000000706c00000, 0x0000000706c00000|100%| O|  |TAMS 0x0000000706a00000| PB 0x0000000706a00000| Untracked 
|  21|0x0000000706c00000, 0x0000000706c00000, 0x0000000706e00000|  0%| F|  |TAMS 0x0000000706c00000| PB 0x0000000706c00000| Untracked 
|  22|0x0000000706e00000, 0x0000000706e00000, 0x0000000707000000|  0%| F|  |TAMS 0x0000000706e00000| PB 0x0000000706e00000| Untracked 
|  23|0x0000000707000000, 0x0000000707000000, 0x0000000707200000|  0%| F|  |TAMS 0x0000000707000000| PB 0x0000000707000000| Untracked 
|  24|0x0000000707200000, 0x00000007072ff000, 0x0000000707400000| 49%| O|  |TAMS 0x0000000707200000| PB 0x0000000707200000| Untracked 
|  25|0x0000000707400000, 0x0000000707400000, 0x0000000707600000|  0%| F|  |TAMS 0x0000000707400000| PB 0x0000000707400000| Untracked 
|  26|0x0000000707600000, 0x0000000707600000, 0x0000000707800000|  0%| F|  |TAMS 0x0000000707600000| PB 0x0000000707600000| Untracked 
|  27|0x0000000707800000, 0x0000000707800000, 0x0000000707a00000|  0%| F|  |TAMS 0x0000000707800000| PB 0x0000000707800000| Untracked 
|  28|0x0000000707a00000, 0x0000000707a00000, 0x0000000707c00000|  0%| F|  |TAMS 0x0000000707a00000| PB 0x0000000707a00000| Untracked 
|  29|0x0000000707c00000, 0x0000000707c00000, 0x0000000707e00000|  0%| F|  |TAMS 0x0000000707c00000| PB 0x0000000707c00000| Untracked 
|  30|0x0000000707e00000, 0x0000000707e00000, 0x0000000708000000|  0%| F|  |TAMS 0x0000000707e00000| PB 0x0000000707e00000| Untracked 
|  31|0x0000000708000000, 0x0000000708000000, 0x0000000708200000|  0%| F|  |TAMS 0x0000000708000000| PB 0x0000000708000000| Untracked 
|  32|0x0000000708200000, 0x0000000708200000, 0x0000000708400000|  0%| F|  |TAMS 0x0000000708200000| PB 0x0000000708200000| Untracked 
|  33|0x0000000708400000, 0x0000000708400000, 0x0000000708600000|  0%| F|  |TAMS 0x0000000708400000| PB 0x0000000708400000| Untracked 
|  34|0x0000000708600000, 0x0000000708600000, 0x0000000708800000|  0%| F|  |TAMS 0x0000000708600000| PB 0x0000000708600000| Untracked 
|  35|0x0000000708800000, 0x0000000708800000, 0x0000000708a00000|  0%| F|  |TAMS 0x0000000708800000| PB 0x0000000708800000| Untracked 
|  36|0x0000000708a00000, 0x0000000708a00000, 0x0000000708c00000|  0%| F|  |TAMS 0x0000000708a00000| PB 0x0000000708a00000| Untracked 
|  37|0x0000000708c00000, 0x0000000708c6e0d0, 0x0000000708e00000| 21%| S|CS|TAMS 0x0000000708c00000| PB 0x0000000708c00000| Complete 
|  38|0x0000000708e00000, 0x0000000709000000, 0x0000000709000000|100%| S|CS|TAMS 0x0000000708e00000| PB 0x0000000708e00000| Complete 
|  39|0x0000000709000000, 0x0000000709200000, 0x0000000709200000|100%| S|CS|TAMS 0x0000000709000000| PB 0x0000000709000000| Complete 
|  40|0x0000000709200000, 0x0000000709200000, 0x0000000709400000|  0%| F|  |TAMS 0x0000000709200000| PB 0x0000000709200000| Untracked 
|  41|0x0000000709400000, 0x0000000709400000, 0x0000000709600000|  0%| F|  |TAMS 0x0000000709400000| PB 0x0000000709400000| Untracked 
|  42|0x0000000709600000, 0x0000000709600000, 0x0000000709800000|  0%| F|  |TAMS 0x0000000709600000| PB 0x0000000709600000| Untracked 
|  43|0x0000000709800000, 0x0000000709800000, 0x0000000709a00000|  0%| F|  |TAMS 0x0000000709800000| PB 0x0000000709800000| Untracked 
|  44|0x0000000709a00000, 0x0000000709a00000, 0x0000000709c00000|  0%| F|  |TAMS 0x0000000709a00000| PB 0x0000000709a00000| Untracked 
|  45|0x0000000709c00000, 0x0000000709c00000, 0x0000000709e00000|  0%| F|  |TAMS 0x0000000709c00000| PB 0x0000000709c00000| Untracked 
|  46|0x0000000709e00000, 0x0000000709e00000, 0x000000070a000000|  0%| F|  |TAMS 0x0000000709e00000| PB 0x0000000709e00000| Untracked 
|  47|0x000000070a000000, 0x000000070a000000, 0x000000070a200000|  0%| F|  |TAMS 0x000000070a000000| PB 0x000000070a000000| Untracked 
|  48|0x000000070a200000, 0x000000070a200000, 0x000000070a400000|  0%| F|  |TAMS 0x000000070a200000| PB 0x000000070a200000| Untracked 
|  49|0x000000070a400000, 0x000000070a400000, 0x000000070a600000|  0%| F|  |TAMS 0x000000070a400000| PB 0x000000070a400000| Untracked 
|  50|0x000000070a600000, 0x000000070a600000, 0x000000070a800000|  0%| F|  |TAMS 0x000000070a600000| PB 0x000000070a600000| Untracked 
|  51|0x000000070a800000, 0x000000070a800000, 0x000000070aa00000|  0%| F|  |TAMS 0x000000070a800000| PB 0x000000070a800000| Untracked 
|  52|0x000000070aa00000, 0x000000070aa00000, 0x000000070ac00000|  0%| F|  |TAMS 0x000000070aa00000| PB 0x000000070aa00000| Untracked 
|  53|0x000000070ac00000, 0x000000070ac00000, 0x000000070ae00000|  0%| F|  |TAMS 0x000000070ac00000| PB 0x000000070ac00000| Untracked 
|  54|0x000000070ae00000, 0x000000070ae00000, 0x000000070b000000|  0%| F|  |TAMS 0x000000070ae00000| PB 0x000000070ae00000| Untracked 
|  55|0x000000070b000000, 0x000000070b000000, 0x000000070b200000|  0%| F|  |TAMS 0x000000070b000000| PB 0x000000070b000000| Untracked 
|  56|0x000000070b200000, 0x000000070b200000, 0x000000070b400000|  0%| F|  |TAMS 0x000000070b200000| PB 0x000000070b200000| Untracked 
|  57|0x000000070b400000, 0x000000070b400000, 0x000000070b600000|  0%| F|  |TAMS 0x000000070b400000| PB 0x000000070b400000| Untracked 
|  58|0x000000070b600000, 0x000000070b600000, 0x000000070b800000|  0%| F|  |TAMS 0x000000070b600000| PB 0x000000070b600000| Untracked 
|  59|0x000000070b800000, 0x000000070b800000, 0x000000070ba00000|  0%| F|  |TAMS 0x000000070b800000| PB 0x000000070b800000| Untracked 
|  60|0x000000070ba00000, 0x000000070ba00000, 0x000000070bc00000|  0%| F|  |TAMS 0x000000070ba00000| PB 0x000000070ba00000| Untracked 
|  61|0x000000070bc00000, 0x000000070bc00000, 0x000000070be00000|  0%| F|  |TAMS 0x000000070bc00000| PB 0x000000070bc00000| Untracked 
|  62|0x000000070be00000, 0x000000070be00000, 0x000000070c000000|  0%| F|  |TAMS 0x000000070be00000| PB 0x000000070be00000| Untracked 
|  63|0x000000070c000000, 0x000000070c000000, 0x000000070c200000|  0%| F|  |TAMS 0x000000070c000000| PB 0x000000070c000000| Untracked 
|  64|0x000000070c200000, 0x000000070c200000, 0x000000070c400000|  0%| F|  |TAMS 0x000000070c200000| PB 0x000000070c200000| Untracked 
|  65|0x000000070c400000, 0x000000070c400000, 0x000000070c600000|  0%| F|  |TAMS 0x000000070c400000| PB 0x000000070c400000| Untracked 
|  66|0x000000070c600000, 0x000000070c800000, 0x000000070c800000|100%| E|  |TAMS 0x000000070c600000| PB 0x000000070c600000| Complete 
|  67|0x000000070c800000, 0x000000070ca00000, 0x000000070ca00000|100%| E|CS|TAMS 0x000000070c800000| PB 0x000000070c800000| Complete 
|  68|0x000000070ca00000, 0x000000070cc00000, 0x000000070cc00000|100%| E|CS|TAMS 0x000000070ca00000| PB 0x000000070ca00000| Complete 
| 125|0x0000000713c00000, 0x0000000713e00000, 0x0000000713e00000|100%| E|CS|TAMS 0x0000000713c00000| PB 0x0000000713c00000| Complete 
|2001|0x00000007fe400000, 0x00000007fe600000, 0x00000007fe600000|100%| O|  |TAMS 0x00000007fe400000| PB 0x00000007fe400000| Untracked 
|2002|0x00000007fe600000, 0x00000007fe800000, 0x00000007fe800000|100%| O|  |TAMS 0x00000007fe600000| PB 0x00000007fe600000| Untracked 
|2003|0x00000007fe800000, 0x00000007fea00000, 0x00000007fea00000|100%| O|  |TAMS 0x00000007fe800000| PB 0x00000007fe800000| Untracked 
|2004|0x00000007fea00000, 0x00000007fec00000, 0x00000007fec00000|100%| O|  |TAMS 0x00000007fea00000| PB 0x00000007fea00000| Untracked 
|2005|0x00000007fec00000, 0x00000007fee00000, 0x00000007fee00000|100%| O|  |TAMS 0x00000007fec00000| PB 0x00000007fec00000| Untracked 
|2006|0x00000007fee00000, 0x00000007ff000000, 0x00000007ff000000|100%| O|  |TAMS 0x00000007fee00000| PB 0x00000007fee00000| Untracked 
|2007|0x00000007ff000000, 0x00000007ff200000, 0x00000007ff200000|100%| O|  |TAMS 0x00000007ff000000| PB 0x00000007ff000000| Untracked 
|2008|0x00000007ff200000, 0x00000007ff400000, 0x00000007ff400000|100%| O|  |TAMS 0x00000007ff200000| PB 0x00000007ff200000| Untracked 
|2009|0x00000007ff400000, 0x00000007ff600000, 0x00000007ff600000|100%| O|  |TAMS 0x00000007ff400000| PB 0x00000007ff400000| Untracked 
|2010|0x00000007ff600000, 0x00000007ff800000, 0x00000007ff800000|100%| O|  |TAMS 0x00000007ff600000| PB 0x00000007ff600000| Untracked 
|2011|0x00000007ff800000, 0x00000007ffa00000, 0x00000007ffa00000|100%| O|  |TAMS 0x00000007ff800000| PB 0x00000007ff800000| Untracked 
|2012|0x00000007ffa00000, 0x00000007ffc00000, 0x00000007ffc00000|100%| O|  |TAMS 0x00000007ffa00000| PB 0x00000007ffa00000| Untracked 
|2013|0x00000007ffc00000, 0x00000007ffe00000, 0x00000007ffe00000|100%| O|  |TAMS 0x00000007ffc00000| PB 0x00000007ffc00000| Untracked 
|2014|0x00000007ffe00000, 0x0000000800000000, 0x0000000800000000|100%| O|  |TAMS 0x00000007ffe00000| PB 0x00000007ffe00000| Untracked 

Card table byte_map: [0x00000287fa570000,0x00000287fad50000] _byte_map_base: 0x00000287f6d4f000

Marking Bits: (CMBitMap*) 0x00000287e24c81a0
 Bits: [0x00000287fb530000, 0x00000287ff428000)

Polling page: 0x00000287e0460000

Metaspace:

Usage:
  Non-class:     30.74 MB used.
      Class:      3.61 MB used.
       Both:     34.35 MB used.

Virtual space:
  Non-class space:       64.00 MB reserved,      31.06 MB ( 49%) committed,  1 nodes.
      Class space:        1.00 GB reserved,       3.88 MB ( <1%) committed,  1 nodes.
             Both:        1.06 GB reserved,      34.94 MB (  3%) committed. 

Chunk freelists:
   Non-Class:  896.00 KB
       Class:  128.00 KB
        Both:  1.00 MB

MaxMetaspaceSize: unlimited
CompressedClassSpaceSize: 1.00 GB
Initial GC threshold: 21.00 MB
Current GC threshold: 35.31 MB
CDS: on
MetaspaceReclaimPolicy: balanced
 - commit_granule_bytes: 65536.
 - commit_granule_words: 8192.
 - virtual_space_node_default_size: 8388608.
 - enlarge_chunks_in_place: 1.
 - new_chunks_are_fully_committed: 0.
 - uncommit_free_chunks: 1.
 - use_allocation_guard: 0.


Internal statistics:

num_allocs_failed_limit: 3.
num_arena_births: 704.
num_arena_deaths: 0.
num_vsnodes_births: 2.
num_vsnodes_deaths: 0.
num_space_committed: 559.
num_space_uncommitted: 0.
num_chunks_returned_to_freelist: 3.
num_chunks_taken_from_freelist: 1971.
num_chunk_merges: 3.
num_chunk_splits: 1419.
num_chunks_enlarged: 1072.
num_inconsistent_stats: 0.

CodeHeap 'non-profiled nmethods': size=119168Kb used=8404Kb max_used=8404Kb free=110763Kb
 bounds [0x00000287f20b0000, 0x00000287f28f0000, 0x00000287f9510000]
CodeHeap 'profiled nmethods': size=119104Kb used=25588Kb max_used=25588Kb free=93515Kb
 bounds [0x00000287ea510000, 0x00000287ebe10000, 0x00000287f1960000]
CodeHeap 'non-nmethods': size=7488Kb used=3392Kb max_used=3502Kb free=4095Kb
 bounds [0x00000287f1960000, 0x00000287f1cd0000, 0x00000287f20b0000]
 total_blobs=11108 nmethods=10526 adapters=488
 compilation: enabled
              stopped_count=0, restarted_count=0
 full_count=0

Compilation events (20 events):
Event: 7.498 Thread 0x000002878690fcb0 10516       3       java.util.Locale::hashCode (41 bytes)
Event: 7.498 Thread 0x00000287873fe4a0 10517       4       java.nio.CharBuffer::arrayOffset (35 bytes)
Event: 7.498 Thread 0x0000028786dfa130 10518       4       java.nio.CharBuffer::<init> (24 bytes)
Event: 7.498 Thread 0x000002878690fcb0 nmethod 10516 0x00000287ebe0b910 code [0x00000287ebe0bac0, 0x00000287ebe0bcd0]
Event: 7.499 Thread 0x00000287873fe4a0 nmethod 10517 0x00000287f28e2790 code [0x00000287f28e2900, 0x00000287f28e29b8]
Event: 7.499 Thread 0x000002878690fcb0 10519       1       org.apache.maven.surefire.api.stream.AbstractStreamDecoder$Memento::access$000 (5 bytes)
Event: 7.499 Thread 0x0000028786ea95e0 10520       1       org.apache.maven.surefire.api.stream.AbstractStreamDecoder$Memento::getLine (5 bytes)
Event: 7.499 Thread 0x0000028786915260 10521       1       org.apache.maven.surefire.api.stream.AbstractStreamDecoder$Memento::getByteBuffer (5 bytes)
Event: 7.499 Thread 0x0000028782502ee0 10522       1       org.apache.maven.surefire.api.stream.AbstractStreamDecoder$MalformedFrameException::readFrom (5 bytes)
Event: 7.499 Thread 0x0000028786ea95e0 nmethod 10520 0x00000287f28e2a90 code [0x00000287f28e2c00, 0x00000287f28e2cd0]
Event: 7.499 Thread 0x0000028782502ee0 nmethod 10522 0x00000287f28e2d90 code [0x00000287f28e2f00, 0x00000287f28e2fc8]
Event: 7.499 Thread 0x0000028786915260 nmethod 10521 0x00000287f28e3090 code [0x00000287f28e3200, 0x00000287f28e32d0]
Event: 7.499 Thread 0x000002878690fcb0 nmethod 10519 0x00000287f28e3390 code [0x00000287f28e3500, 0x00000287f28e35b0]
Event: 7.500 Thread 0x000002878690fcb0 10523       1       org.apache.maven.surefire.api.stream.AbstractStreamDecoder$BufferedStream::getPositionByteBuffer (5 bytes)
Event: 7.500 Thread 0x0000028782502ee0 10524       1       org.apache.maven.surefire.api.stream.AbstractStreamDecoder$MalformedFrameException::readTo (5 bytes)
Event: 7.500 Thread 0x0000028782502ee0 nmethod 10524 0x00000287f28e3690 code [0x00000287f28e3800, 0x00000287f28e38c8]
Event: 7.500 Thread 0x000002878690fcb0 nmethod 10523 0x00000287f28e3990 code [0x00000287f28e3b00, 0x00000287f28e3bc8]
Event: 7.500 Thread 0x0000028782502ee0 10525       3       java.util.Calendar::internalGet (7 bytes)
Event: 7.500 Thread 0x0000028782502ee0 nmethod 10525 0x00000287ebe0bd90 code [0x00000287ebe0bf20, 0x00000287ebe0c060]
Event: 7.501 Thread 0x0000028786dfa130 nmethod 10518 0x00000287f28e3c90 code [0x00000287f28e3e00, 0x00000287f28e41b8]

GC Heap History (20 events):
Event: 0.491 GC heap before
{Heap before GC invocations=0 (full 0):
 garbage-first heap   total 258048K, used 22528K [0x0000000704200000, 0x0000000800000000)
  region size 2048K, 11 young (22528K), 0 survivors (0K)
 Metaspace       used 5882K, committed 6080K, reserved 1114112K
  class space    used 653K, committed 704K, reserved 1048576K
}
Event: 0.495 GC heap after
{Heap after GC invocations=1 (full 0):
 garbage-first heap   total 258048K, used 4060K [0x0000000704200000, 0x0000000800000000)
  region size 2048K, 2 young (4096K), 2 survivors (4096K)
 Metaspace       used 5882K, committed 6080K, reserved 1114112K
  class space    used 653K, committed 704K, reserved 1048576K
}
Event: 1.003 GC heap before
{Heap before GC invocations=1 (full 0):
 garbage-first heap   total 258048K, used 36828K [0x0000000704200000, 0x0000000800000000)
  region size 2048K, 18 young (36864K), 2 survivors (4096K)
 Metaspace       used 10974K, committed 11136K, reserved 1114112K
  class space    used 1302K, committed 1408K, reserved 1048576K
}
Event: 1.009 GC heap after
{Heap after GC invocations=2 (full 0):
 garbage-first heap   total 258048K, used 6248K [0x0000000704200000, 0x0000000800000000)
  region size 2048K, 2 young (4096K), 2 survivors (4096K)
 Metaspace       used 10974K, committed 11136K, reserved 1114112K
  class space    used 1302K, committed 1408K, reserved 1048576K
}
Event: 2.780 GC heap before
{Heap before GC invocations=2 (full 0):
 garbage-first heap   total 258048K, used 172136K [0x0000000704200000, 0x0000000800000000)
  region size 2048K, 67 young (137216K), 2 survivors (4096K)
 Metaspace       used 21113K, committed 21504K, reserved 1114112K
  class space    used 2320K, committed 2496K, reserved 1048576K
}
Event: 2.788 GC heap after
{Heap after GC invocations=3 (full 0):
 garbage-first heap   total 258048K, used 24553K [0x0000000704200000, 0x0000000800000000)
  region size 2048K, 9 young (18432K), 9 survivors (18432K)
 Metaspace       used 21113K, committed 21504K, reserved 1114112K
  class space    used 2320K, committed 2496K, reserved 1048576K
}
Event: 3.560 GC heap before
{Heap before GC invocations=4 (full 0):
 garbage-first heap   total 96256K, used 92137K [0x0000000704200000, 0x0000000800000000)
  region size 2048K, 43 young (88064K), 9 survivors (18432K)
 Metaspace       used 25455K, committed 25856K, reserved 1114112K
  class space    used 2706K, committed 2880K, reserved 1048576K
}
Event: 3.580 GC heap after
{Heap after GC invocations=5 (full 0):
 garbage-first heap   total 133120K, used 42261K [0x0000000704200000, 0x0000000800000000)
  region size 2048K, 10 young (20480K), 10 survivors (20480K)
 Metaspace       used 25455K, committed 25856K, reserved 1114112K
  class space    used 2706K, committed 2880K, reserved 1048576K
}
Event: 4.236 GC heap before
{Heap before GC invocations=5 (full 0):
 garbage-first heap   total 133120K, used 99605K [0x0000000704200000, 0x0000000800000000)
  region size 2048K, 39 young (79872K), 10 survivors (20480K)
 Metaspace       used 28015K, committed 28480K, reserved 1114112K
  class space    used 2986K, committed 3200K, reserved 1048576K
}
Event: 4.249 GC heap after
{Heap after GC invocations=6 (full 0):
 garbage-first heap   total 133120K, used 45021K [0x0000000704200000, 0x0000000800000000)
  region size 2048K, 2 young (4096K), 2 survivors (4096K)
 Metaspace       used 28015K, committed 28480K, reserved 1114112K
  class space    used 2986K, committed 3200K, reserved 1048576K
}
Event: 4.625 GC heap before
{Heap before GC invocations=6 (full 0):
 garbage-first heap   total 133120K, used 106461K [0x0000000704200000, 0x0000000800000000)
  region size 2048K, 32 young (65536K), 2 survivors (4096K)
 Metaspace       used 28332K, committed 28864K, reserved 1114112K
  class space    used 3013K, committed 3264K, reserved 1048576K
}
Event: 4.632 GC heap after
{Heap after GC invocations=7 (full 0):
 garbage-first heap   total 133120K, used 46080K [0x0000000704200000, 0x0000000800000000)
  region size 2048K, 2 young (4096K), 2 survivors (4096K)
 Metaspace       used 28332K, committed 28864K, reserved 1114112K
  class space    used 3013K, committed 3264K, reserved 1048576K
}
Event: 4.910 GC heap before
{Heap before GC invocations=7 (full 0):
 garbage-first heap   total 133120K, used 109568K [0x0000000704200000, 0x0000000800000000)
  region size 2048K, 33 young (67584K), 2 survivors (4096K)
 Metaspace       used 28548K, committed 29056K, reserved 1114112K
  class space    used 3017K, committed 3264K, reserved 1048576K
}
Event: 4.916 GC heap after
{Heap after GC invocations=8 (full 0):
 garbage-first heap   total 133120K, used 46640K [0x0000000704200000, 0x0000000800000000)
  region size 2048K, 3 young (6144K), 3 survivors (6144K)
 Metaspace       used 28548K, committed 29056K, reserved 1114112K
  class space    used 3017K, committed 3264K, reserved 1048576K
}
Event: 5.717 GC heap before
{Heap before GC invocations=8 (full 0):
 garbage-first heap   total 133120K, used 112176K [0x0000000704200000, 0x0000000800000000)
  region size 2048K, 35 young (71680K), 3 survivors (6144K)
 Metaspace       used 30832K, committed 31424K, reserved 1114112K
  class space    used 3242K, committed 3520K, reserved 1048576K
}
Event: 5.726 GC heap after
{Heap after GC invocations=9 (full 0):
 garbage-first heap   total 159744K, used 48692K [0x0000000704200000, 0x0000000800000000)
  region size 2048K, 4 young (8192K), 4 survivors (8192K)
 Metaspace       used 30832K, committed 31424K, reserved 1114112K
  class space    used 3242K, committed 3520K, reserved 1048576K
}
Event: 6.665 GC heap before
{Heap before GC invocations=9 (full 0):
 garbage-first heap   total 159744K, used 138804K [0x0000000704200000, 0x0000000800000000)
  region size 2048K, 46 young (94208K), 4 survivors (8192K)
 Metaspace       used 31626K, committed 32256K, reserved 1114112K
  class space    used 3326K, committed 3648K, reserved 1048576K
}
Event: 6.682 GC heap after
{Heap after GC invocations=10 (full 0):
 garbage-first heap   total 172032K, used 76321K [0x0000000704200000, 0x0000000800000000)
  region size 2048K, 6 young (12288K), 6 survivors (12288K)
 Metaspace       used 31626K, committed 32256K, reserved 1114112K
  class space    used 3326K, committed 3648K, reserved 1048576K
}
Event: 7.353 GC heap before
{Heap before GC invocations=10 (full 0):
 garbage-first heap   total 172032K, used 137761K [0x0000000704200000, 0x0000000800000000)
  region size 2048K, 36 young (73728K), 6 survivors (12288K)
 Metaspace       used 33963K, committed 34560K, reserved 1114112K
  class space    used 3544K, committed 3840K, reserved 1048576K
}
Event: 7.361 GC heap after
{Heap after GC invocations=11 (full 0):
 garbage-first heap   total 172032K, used 77236K [0x0000000704200000, 0x0000000800000000)
  region size 2048K, 3 young (6144K), 3 survivors (6144K)
 Metaspace       used 33963K, committed 34560K, reserved 1114112K
  class space    used 3544K, committed 3840K, reserved 1048576K
}

Dll operation events (12 events):
Event: 0.006 Loaded shared library C:\Program Files\Java\jdk-20\bin\java.dll
Event: 0.016 Loaded shared library C:\Program Files\Java\jdk-20\bin\jsvml.dll
Event: 0.052 Loaded shared library C:\Program Files\Java\jdk-20\bin\zip.dll
Event: 0.053 Loaded shared library C:\Program Files\Java\jdk-20\bin\instrument.dll
Event: 0.057 Loaded shared library C:\Program Files\Java\jdk-20\bin\net.dll
Event: 0.058 Loaded shared library C:\Program Files\Java\jdk-20\bin\nio.dll
Event: 0.060 Loaded shared library C:\Program Files\Java\jdk-20\bin\zip.dll
Event: 0.070 Loaded shared library C:\Program Files\JetBrains\IntelliJ IDEA 2023.1.4\bin\breakgen64.dll
Event: 0.075 Loaded shared library C:\Program Files\Java\jdk-20\bin\extnet.dll
Event: 0.132 Loaded shared library C:\Program Files\Java\jdk-20\bin\verify.dll
Event: 0.141 Loaded shared library C:\Program Files\Java\jdk-20\bin\jimage.dll
Event: 0.212 Loaded shared library C:\Users\Mahmoud Ghania\AppData\Local\Temp\jansi-1.17.1-1727841838669335075.dll

Deoptimization events (20 events):
Event: 7.453 Thread 0x000002878c0553a0 Uncommon trap: trap_request=0xffffff45 fr.pc=0x00000287f21c6a64 relative=0x00000000000004c4
Event: 7.453 Thread 0x000002878c0553a0 Uncommon trap: reason=unstable_if action=reinterpret pc=0x00000287f21c6a64 method=java.lang.AbstractStringBuilder.inflateIfNeededFor(Ljava/lang/String;)V @ 14 c2
Event: 7.453 Thread 0x000002878c0553a0 DEOPT PACKING pc=0x00000287f21c6a64 sp=0x000000d1c69ff2f0
Event: 7.453 Thread 0x000002878c0553a0 DEOPT UNPACKING pc=0x00000287f197d2a2 sp=0x000000d1c69ff1f8 mode 2
Event: 7.453 Thread 0x000002878c0553a0 Uncommon trap: trap_request=0xffffff45 fr.pc=0x00000287f20e1f08 relative=0x0000000000000108
Event: 7.453 Thread 0x000002878c0553a0 Uncommon trap: reason=unstable_if action=reinterpret pc=0x00000287f20e1f08 method=java.lang.String.getBytes([BIB)V @ 5 c2
Event: 7.453 Thread 0x000002878c0553a0 DEOPT PACKING pc=0x00000287f20e1f08 sp=0x000000d1c69ff220
Event: 7.453 Thread 0x000002878c0553a0 DEOPT UNPACKING pc=0x00000287f197d2a2 sp=0x000000d1c69ff1e8 mode 2
Event: 7.453 Thread 0x000002878c0553a0 Uncommon trap: trap_request=0xffffff45 fr.pc=0x00000287f285f4f4 relative=0x00000000000007d4
Event: 7.453 Thread 0x000002878c0553a0 Uncommon trap: reason=unstable_if action=reinterpret pc=0x00000287f285f4f4 method=java.lang.String.<init>(Ljava/lang/AbstractStringBuilder;Ljava/lang/Void;)V @ 51 c2
Event: 7.453 Thread 0x000002878c0553a0 DEOPT PACKING pc=0x00000287f285f4f4 sp=0x000000d1c69ff370
Event: 7.453 Thread 0x000002878c0553a0 DEOPT UNPACKING pc=0x00000287f197d2a2 sp=0x000000d1c69ff258 mode 2
Event: 7.453 Thread 0x000002878c0553a0 Uncommon trap: trap_request=0xffffff76 fr.pc=0x00000287f289de60 relative=0x0000000000001f80
Event: 7.453 Thread 0x000002878c0553a0 Uncommon trap: reason=predicate action=maybe_recompile pc=0x00000287f289de60 method=java.util.regex.Pattern.compile()V @ 78 c2
Event: 7.453 Thread 0x000002878c0553a0 DEOPT PACKING pc=0x00000287f289de60 sp=0x000000d1c69ff350
Event: 7.453 Thread 0x000002878c0553a0 DEOPT UNPACKING pc=0x00000287f197d2a2 sp=0x000000d1c69ff330 mode 2
Event: 7.453 Thread 0x000002878c0553a0 Uncommon trap: trap_request=0xffffff45 fr.pc=0x00000287f238aac0 relative=0x00000000000000c0
Event: 7.453 Thread 0x000002878c0553a0 Uncommon trap: reason=unstable_if action=reinterpret pc=0x00000287f238aac0 method=java.lang.String.codePointAt(I)I @ 4 c2
Event: 7.453 Thread 0x000002878c0553a0 DEOPT PACKING pc=0x00000287f238aac0 sp=0x000000d1c69ff330
Event: 7.453 Thread 0x000002878c0553a0 DEOPT UNPACKING pc=0x00000287f197d2a2 sp=0x000000d1c69ff2c8 mode 2

Classes loaded (20 events):
Event: 7.430 Loading class java/lang/ProcessImpl
Event: 7.430 Loading class java/lang/Process
Event: 7.430 Loading class java/lang/Process done
Event: 7.430 Loading class java/lang/ProcessImpl done
Event: 7.439 Loading class java/lang/ProcessImpl$2
Event: 7.440 Loading class java/lang/ProcessImpl$2 done
Event: 7.440 Loading class java/lang/Process$PipeInputStream
Event: 7.440 Loading class java/lang/Process$PipeInputStream done
Event: 7.441 Loading class jdk/internal/event/ProcessStartEvent
Event: 7.441 Loading class jdk/internal/event/ProcessStartEvent done
Event: 7.442 Loading class java/nio/channels/ClosedChannelException
Event: 7.442 Loading class java/nio/channels/ClosedChannelException done
Event: 7.443 Loading class java/nio/channels/NonReadableChannelException
Event: 7.443 Loading class java/nio/channels/NonReadableChannelException done
Event: 7.443 Loading class java/nio/channels/NonWritableChannelException
Event: 7.443 Loading class java/nio/channels/NonWritableChannelException done
Event: 7.450 Loading class java/util/Scanner
Event: 7.451 Loading class java/util/Scanner done
Event: 7.452 Loading class java/util/Scanner$PatternLRUCache
Event: 7.452 Loading class java/util/Scanner$PatternLRUCache done

Classes unloaded (0 events):
No events

Classes redefined (0 events):
No events

Internal exceptions (20 events):
Event: 6.886 Thread 0x00000287e24593a0 Exception <a 'sun/nio/fs/WindowsException'{0x000000070ba2b420}> (0x000000070ba2b420) 
thrown [s\open\src\hotspot\share\prims\jni.cpp, line 519]
Event: 6.887 Thread 0x00000287e24593a0 Exception <a 'sun/nio/fs/WindowsException'{0x000000070ba347b8}> (0x000000070ba347b8) 
thrown [s\open\src\hotspot\share\prims\jni.cpp, line 519]
Event: 6.887 Thread 0x00000287e24593a0 Exception <a 'sun/nio/fs/WindowsException'{0x000000070ba4b488}> (0x000000070ba4b488) 
thrown [s\open\src\hotspot\share\prims\jni.cpp, line 519]
Event: 6.887 Thread 0x00000287e24593a0 Exception <a 'sun/nio/fs/WindowsException'{0x000000070ba4c160}> (0x000000070ba4c160) 
thrown [s\open\src\hotspot\share\prims\jni.cpp, line 519]
Event: 6.930 Thread 0x00000287e24593a0 Exception <a 'sun/nio/fs/WindowsException'{0x000000070b591358}> (0x000000070b591358) 
thrown [s\open\src\hotspot\share\prims\jni.cpp, line 519]
Event: 6.930 Thread 0x00000287e24593a0 Implicit null exception at 0x00000287f27c13c0 to 0x00000287f27c152c
Event: 6.932 Thread 0x00000287e24593a0 Exception <a 'sun/nio/fs/WindowsException'{0x000000070b5aa458}> (0x000000070b5aa458) 
thrown [s\open\src\hotspot\share\prims\jni.cpp, line 519]
Event: 6.935 Thread 0x00000287e24593a0 Exception <a 'sun/nio/fs/WindowsException'{0x000000070b5c4900}> (0x000000070b5c4900) 
thrown [s\open\src\hotspot\share\prims\jni.cpp, line 519]
Event: 6.935 Thread 0x00000287e24593a0 Exception <a 'sun/nio/fs/WindowsException'{0x000000070b5c5048}> (0x000000070b5c5048) 
thrown [s\open\src\hotspot\share\prims\jni.cpp, line 519]
Event: 6.935 Thread 0x00000287e24593a0 Exception <a 'sun/nio/fs/WindowsException'{0x000000070b5c5770}> (0x000000070b5c5770) 
thrown [s\open\src\hotspot\share\prims\jni.cpp, line 519]
Event: 6.935 Thread 0x00000287e24593a0 Exception <a 'sun/nio/fs/WindowsException'{0x000000070b5c5e78}> (0x000000070b5c5e78) 
thrown [s\open\src\hotspot\share\prims\jni.cpp, line 519]
Event: 6.935 Thread 0x00000287e24593a0 Exception <a 'sun/nio/fs/WindowsException'{0x000000070b5c6568}> (0x000000070b5c6568) 
thrown [s\open\src\hotspot\share\prims\jni.cpp, line 519]
Event: 6.935 Thread 0x00000287e24593a0 Exception <a 'sun/nio/fs/WindowsException'{0x000000070b5c6c28}> (0x000000070b5c6c28) 
thrown [s\open\src\hotspot\share\prims\jni.cpp, line 519]
Event: 7.013 Thread 0x00000287e24593a0 Implicit null exception at 0x00000287f22a65e6 to 0x00000287f22a7898
Event: 7.273 Thread 0x000002878c0598b0 Exception <a 'java/lang/NoSuchMethodError'{0x0000000709805290}: 'java.lang.Object java.lang.invoke.DirectMethodHandle$Holder.invokeStatic(java.lang.Object, long, java.lang.Object)'> (0x0000000709805290) 
thrown [s\open\src\hotspot\share\interpreter\linkResolver.cpp, line 773]
Event: 7.273 Thread 0x000002878c0598b0 Exception <a 'java/lang/NoSuchMethodError'{0x0000000709808638}: 'java.lang.Object java.lang.invoke.DirectMethodHandle$Holder.invokeStaticInit(java.lang.Object, long, java.lang.Object)'> (0x0000000709808638) 
thrown [s\open\src\hotspot\share\interpreter\linkResolver.cpp, line 773]
Event: 7.274 Thread 0x000002878c0598b0 Exception <a 'java/lang/NoSuchMethodError'{0x000000070980dfb8}: 'java.lang.Object java.lang.invoke.DirectMethodHandle$Holder.newInvokeSpecial(java.lang.Object, long)'> (0x000000070980dfb8) 
thrown [s\open\src\hotspot\share\interpreter\linkResolver.cpp, line 773]
Event: 7.274 Thread 0x000002878c0598b0 Exception <a 'java/lang/NoSuchMethodError'{0x0000000709812418}: 'long java.lang.invoke.DirectMethodHandle$Holder.invokeInterface(java.lang.Object, java.lang.Object)'> (0x0000000709812418) 
thrown [s\open\src\hotspot\share\interpreter\linkResolver.cpp, line 773]
Event: 7.275 Thread 0x000002878c0598b0 Exception <a 'java/lang/NoSuchMethodError'{0x0000000709815a80}: 'long java.lang.invoke.DelegatingMethodHandle$Holder.reinvoke_L(java.lang.Object, java.lang.Object)'> (0x0000000709815a80) 
thrown [s\open\src\hotspot\share\interpreter\linkResolver.cpp, line 773]
Event: 7.439 Thread 0x00000287e24593a0 Exception <a 'java/lang/NoSuchMethodError'{0x000000070c8a7180}: 'void java.lang.invoke.DirectMethodHandle$Holder.invokeStatic(java.lang.Object, long)'> (0x000000070c8a7180) 
thrown [s\open\src\hotspot\share\interpreter\linkResolver.cpp, line 773]

VM Operations (20 events):
Event: 6.665 Executing VM operation: G1CollectForAllocation
Event: 6.682 Executing VM operation: G1CollectForAllocation done
Event: 7.013 Executing VM operation: ICBufferFull
Event: 7.013 Executing VM operation: ICBufferFull done
Event: 7.266 Executing VM operation: HandshakeAllThreads
Event: 7.266 Executing VM operation: HandshakeAllThreads done
Event: 7.279 Executing VM operation: HandshakeAllThreads
Event: 7.279 Executing VM operation: HandshakeAllThreads done
Event: 7.296 Executing VM operation: ICBufferFull
Event: 7.296 Executing VM operation: ICBufferFull done
Event: 7.352 Executing VM operation: G1CollectForAllocation
Event: 7.361 Executing VM operation: G1CollectForAllocation done
Event: 7.396 Executing VM operation: HandshakeAllThreads
Event: 7.396 Executing VM operation: HandshakeAllThreads done
Event: 7.399 Executing VM operation: HandshakeAllThreads
Event: 7.399 Executing VM operation: HandshakeAllThreads done
Event: 7.400 Executing VM operation: HandshakeAllThreads
Event: 7.400 Executing VM operation: HandshakeAllThreads done
Event: 7.441 Executing VM operation: HandshakeAllThreads
Event: 7.441 Executing VM operation: HandshakeAllThreads done

Events (20 events):
Event: 0.473 Thread 0x00000287877a5010 Thread added: 0x00000287877a5010
Event: 0.483 Thread 0x0000028787214a80 Thread added: 0x0000028787214a80
Event: 0.483 Thread 0x0000028787215010 Thread added: 0x0000028787215010
Event: 0.887 Thread 0x0000028787215010 Thread exited: 0x0000028787215010
Event: 2.181 Thread 0x0000028787214a80 Thread exited: 0x0000028787214a80
Event: 3.075 Thread 0x00000287894a01c0 Thread added: 0x00000287894a01c0
Event: 3.075 Thread 0x0000028789b533d0 Thread added: 0x0000028789b533d0
Event: 3.964 Thread 0x0000028789b533d0 Thread exited: 0x0000028789b533d0
Event: 4.166 Thread 0x000002878a56dcd0 Thread added: 0x000002878a56dcd0
Event: 6.192 Thread 0x000002878a56dcd0 Thread exited: 0x000002878a56dcd0
Event: 6.741 Thread 0x00000287894a01c0 Thread exited: 0x00000287894a01c0
Event: 6.741 Thread 0x00000287877a5010 Thread exited: 0x00000287877a5010
Event: 7.268 Thread 0x000002878c0598b0 Thread added: 0x000002878c0598b0
Event: 7.275 Thread 0x000002878c0598b0 Thread exited: 0x000002878c0598b0
Event: 7.352 Thread 0x000002878c052920 Thread added: 0x000002878c052920
Event: 7.364 Thread 0x000002878c0598b0 Thread added: 0x000002878c0598b0
Event: 7.427 Thread 0x000002878c0588c0 Thread added: 0x000002878c0588c0
Event: 7.450 Thread 0x000002878c0553a0 Thread added: 0x000002878c0553a0
Event: 7.450 Thread 0x000002878c059e00 Thread added: 0x000002878c059e00
Event: 7.455 Thread 0x000002878c058e10 Thread added: 0x000002878c058e10


Dynamic libraries:
0x00007ff747150000 - 0x00007ff747160000 	C:\Program Files\Java\jdk-20\bin\java.exe
0x00007ffce5cb0000 - 0x00007ffce5ea8000 	C:\Windows\SYSTEM32\ntdll.dll
0x00007ffce4bd0000 - 0x00007ffce4c8d000 	C:\Windows\System32\KERNEL32.DLL
0x00007ffce3450000 - 0x00007ffce3746000 	C:\Windows\System32\KERNELBASE.dll
0x00007ffce39b0000 - 0x00007ffce3ab0000 	C:\Windows\System32\ucrtbase.dll
0x00007ffca1ce0000 - 0x00007ffca1cf9000 	C:\Program Files\Java\jdk-20\bin\jli.dll
0x00007ffca1cc0000 - 0x00007ffca1cdb000 	C:\Program Files\Java\jdk-20\bin\VCRUNTIME140.dll
0x00007ffce4c90000 - 0x00007ffce4d40000 	C:\Windows\System32\ADVAPI32.dll
0x00007ffce4420000 - 0x00007ffce44be000 	C:\Windows\System32\msvcrt.dll
0x00007ffce5120000 - 0x00007ffce51c0000 	C:\Windows\System32\sechost.dll
0x00007ffce3e80000 - 0x00007ffce3fa3000 	C:\Windows\System32\RPCRT4.dll
0x00007ffce3390000 - 0x00007ffce33b7000 	C:\Windows\System32\bcrypt.dll
0x00007ffce45e0000 - 0x00007ffce477f000 	C:\Windows\System32\USER32.dll
0x00007ffce3360000 - 0x00007ffce3382000 	C:\Windows\System32\win32u.dll
0x00007ffcc78d0000 - 0x00007ffcc7b6a000 	C:\Windows\WinSxS\amd64_microsoft.windows.common-controls_6595b64144ccf1df_6.0.19041.4355_none_60b8b9eb71f62e16\COMCTL32.dll
0x00007ffce3ce0000 - 0x00007ffce3d0b000 	C:\Windows\System32\GDI32.dll
0x00007ffce3b50000 - 0x00007ffce3c67000 	C:\Windows\System32\gdi32full.dll
0x00007ffce3ab0000 - 0x00007ffce3b4d000 	C:\Windows\System32\msvcp_win.dll
0x00007ffcd8490000 - 0x00007ffcd849a000 	C:\Windows\SYSTEM32\VERSION.dll
0x00007ffce4ae0000 - 0x00007ffce4b12000 	C:\Windows\System32\IMM32.DLL
0x00007ffca8d10000 - 0x00007ffca8d1c000 	C:\Program Files\Java\jdk-20\bin\vcruntime140_1.dll
0x00007ffca11b0000 - 0x00007ffca123e000 	C:\Program Files\Java\jdk-20\bin\msvcp140.dll
0x00007ffca0510000 - 0x00007ffca11a7000 	C:\Program Files\Java\jdk-20\bin\server\jvm.dll
0x00007ffcd6120000 - 0x00007ffcd6147000 	C:\Windows\SYSTEM32\WINMM.dll
0x00007ffcd5dc0000 - 0x00007ffcd5dc9000 	C:\Windows\SYSTEM32\WSOCK32.dll
0x00007ffce4e20000 - 0x00007ffce4e8b000 	C:\Windows\System32\WS2_32.dll
0x00007ffce1210000 - 0x00007ffce1222000 	C:\Windows\SYSTEM32\kernel.appcore.dll
0x00007ffca8d00000 - 0x00007ffca8d0a000 	C:\Program Files\Java\jdk-20\bin\jimage.dll
0x00007ffce0a70000 - 0x00007ffce0c54000 	C:\Windows\SYSTEM32\DBGHELP.DLL
0x00007ffcd47b0000 - 0x00007ffcd47e4000 	C:\Windows\SYSTEM32\dbgcore.DLL
0x00007ffce33c0000 - 0x00007ffce3442000 	C:\Windows\System32\bcryptPrimitives.dll
0x00007ffcca400000 - 0x00007ffcca40e000 	C:\Program Files\Java\jdk-20\bin\instrument.dll
0x00007ffc9fa90000 - 0x00007ffc9fab6000 	C:\Program Files\Java\jdk-20\bin\java.dll
0x00007ffc9f430000 - 0x00007ffc9f507000 	C:\Program Files\Java\jdk-20\bin\jsvml.dll
0x00007ffce52f0000 - 0x00007ffce5a5b000 	C:\Windows\System32\SHELL32.dll
0x00007ffce13e0000 - 0x00007ffce1b7d000 	C:\Windows\SYSTEM32\windows.storage.dll
0x00007ffce4780000 - 0x00007ffce4ad3000 	C:\Windows\System32\combase.dll
0x00007ffce2d80000 - 0x00007ffce2dae000 	C:\Windows\SYSTEM32\Wldp.dll
0x00007ffce5a60000 - 0x00007ffce5b2d000 	C:\Windows\System32\OLEAUT32.dll
0x00007ffce4b20000 - 0x00007ffce4bcd000 	C:\Windows\System32\SHCORE.dll
0x00007ffce5b30000 - 0x00007ffce5b85000 	C:\Windows\System32\shlwapi.dll
0x00007ffce3290000 - 0x00007ffce32b4000 	C:\Windows\SYSTEM32\profapi.dll
0x00007ffc9e670000 - 0x00007ffc9e688000 	C:\Program Files\Java\jdk-20\bin\zip.dll
0x00007ffc9e6b0000 - 0x00007ffc9e6c3000 	C:\Program Files\Java\jdk-20\bin\net.dll
0x00007ffcda5f0000 - 0x00007ffcda6fa000 	C:\Windows\SYSTEM32\WINHTTP.dll
0x00007ffce2ae0000 - 0x00007ffce2b4a000 	C:\Windows\system32\mswsock.dll
0x00007ffc9e690000 - 0x00007ffc9e6a6000 	C:\Program Files\Java\jdk-20\bin\nio.dll
0x00007ffcc5830000 - 0x00007ffcc584a000 	C:\Program Files\JetBrains\IntelliJ IDEA 2023.1.4\bin\breakgen64.dll
0x00007ffc9f050000 - 0x00007ffc9f057000 	C:\Program Files\Java\jdk-20\bin\extnet.dll
0x00007ffcc4230000 - 0x00007ffcc4240000 	C:\Program Files\Java\jdk-20\bin\verify.dll
0x00007ffce2cd0000 - 0x00007ffce2ce8000 	C:\Windows\SYSTEM32\CRYPTSP.dll
0x00007ffce2390000 - 0x00007ffce23c4000 	C:\Windows\system32\rsaenh.dll
0x00007ffce3200000 - 0x00007ffce322e000 	C:\Windows\SYSTEM32\USERENV.dll
0x00007ffce2cf0000 - 0x00007ffce2cfc000 	C:\Windows\SYSTEM32\CRYPTBASE.dll
0x00007ffce2770000 - 0x00007ffce27ab000 	C:\Windows\SYSTEM32\IPHLPAPI.DLL
0x00007ffce5110000 - 0x00007ffce5118000 	C:\Windows\System32\NSI.dll
0x00007ffcd9520000 - 0x00007ffcd9537000 	C:\Windows\SYSTEM32\dhcpcsvc6.DLL
0x00007ffcd9500000 - 0x00007ffcd951d000 	C:\Windows\SYSTEM32\dhcpcsvc.DLL
0x00007ffce27b0000 - 0x00007ffce287b000 	C:\Windows\SYSTEM32\DNSAPI.dll
0x00007ffcca8e0000 - 0x00007ffcca8ea000 	C:\Users\Mahmoud Ghania\AppData\Local\Temp\jansi-1.17.1-1727841838669335075.dll
0x00007ffce24d0000 - 0x00007ffce2503000 	C:\Windows\SYSTEM32\ntmarta.dll

dbghelp: loaded successfully - version: 4.0.5 - missing functions: none
symbol engine: initialized successfully - sym options: 0x614 - pdb path: .;C:\Program Files\Java\jdk-20\bin;C:\Windows\SYSTEM32;C:\Windows\WinSxS\amd64_microsoft.windows.common-controls_6595b64144ccf1df_6.0.19041.4355_none_60b8b9eb71f62e16;C:\Program Files\Java\jdk-20\bin\server;C:\Program Files\JetBrains\IntelliJ IDEA 2023.1.4\bin;C:\Users\Mahmoud Ghania\AppData\Local\Temp

VM Arguments:
jvm_args: -Dmaven.multiModuleProjectDirectory=E:\University\E-Pharmacy -Djansi.passthrough=true -Dmaven.home=C:\Program Files\JetBrains\IntelliJ IDEA 2023.1.4\plugins\maven\lib\maven3 -Dclassworlds.conf=C:\Program Files\JetBrains\IntelliJ IDEA 2023.1.4\plugins\maven\lib\maven3\bin\m2.conf -Dmaven.ext.class.path=C:\Program Files\JetBrains\IntelliJ IDEA 2023.1.4\plugins\maven\lib\maven-event-listener.jar -javaagent:C:\Program Files\JetBrains\IntelliJ IDEA 2023.1.4\lib\idea_rt.jar=63409:C:\Program Files\JetBrains\IntelliJ IDEA 2023.1.4\bin -Dfile.encoding=UTF-8 -Dsun.stdout.encoding=UTF-8 -Dsun.stderr.encoding=UTF-8 
java_command: org.codehaus.classworlds.Launcher -Didea.version=2023.1.4 install
java_class_path (initial): C:\Program Files\JetBrains\IntelliJ IDEA 2023.1.4\plugins\maven\lib\maven3\boot\plexus-classworlds-2.6.0.jar;C:\Program Files\JetBrains\IntelliJ IDEA 2023.1.4\plugins\maven\lib\maven3\boot\plexus-classworlds.license
Launcher Type: SUN_STANDARD

[Global flags]
     intx CICompilerCount                          = 12                                        {product} {ergonomic}
     uint ConcGCThreads                            = 3                                         {product} {ergonomic}
     uint G1ConcRefinementThreads                  = 13                                        {product} {ergonomic}
   size_t G1HeapRegionSize                         = 2097152                                   {product} {ergonomic}
    uintx GCDrainStackTargetSize                   = 64                                        {product} {ergonomic}
   size_t InitialHeapSize                          = 264241152                                 {product} {ergonomic}
   size_t MarkStackSize                            = 4194304                                   {product} {ergonomic}
   size_t MaxHeapSize                              = 4225761280                                {product} {ergonomic}
   size_t MaxNewSize                               = 2535456768                                {product} {ergonomic}
   size_t MinHeapDeltaBytes                        = 2097152                                   {product} {ergonomic}
   size_t MinHeapSize                              = 8388608                                   {product} {ergonomic}
    uintx NonNMethodCodeHeapSize                   = 7602480                                {pd product} {ergonomic}
    uintx NonProfiledCodeHeapSize                  = 122027880                              {pd product} {ergonomic}
    uintx ProfiledCodeHeapSize                     = 122027880                              {pd product} {ergonomic}
    uintx ReservedCodeCacheSize                    = 251658240                              {pd product} {ergonomic}
     bool SegmentedCodeCache                       = true                                      {product} {ergonomic}
   size_t SoftMaxHeapSize                          = 4225761280                             {manageable} {ergonomic}
     bool UseCompressedClassPointers               = true                           {product lp64_product} {ergonomic}
     bool UseCompressedOops                        = true                           {product lp64_product} {ergonomic}
     bool UseG1GC                                  = true                                      {product} {ergonomic}
     bool UseLargePagesIndividualAllocation        = false                                  {pd product} {ergonomic}

Logging:
Log output configuration:
 #0: stdout all=warning uptime,level,tags foldmultilines=false
 #1: stderr all=off uptime,level,tags foldmultilines=false

Environment Variables:
JAVA_HOME=C:\Program Files\Java\jdk-20
PATH=C:\Program Files\Common Files\Oracle\Java\javapath;C:\oraclexe\app\oracle\product\11.2.0\server\bin;C:\Program Files (x86)\Common Files\Oracle\Java\javapath;C:\Windows\system32;C:\Windows;C:\Windows\System32\Wbem;C:\Windows\System32\WindowsPowerShell\v1.0\;C:\Windows\System32\OpenSSH\;C:\Program Files (x86)\NVIDIA Corporation\PhysX\Common;C:\Program Files\NVIDIA Corporation\NVIDIA NvDLISR;C:\Program Files\dotnet\;C:\Program Files\Microsoft SQL Server\Client SDK\ODBC\110\Tools\Binn\;C:\Program Files (x86)\Microsoft SQL Server\120\Tools\Binn\;C:\Program Files\Microsoft SQL Server\120\Tools\Binn\;C:\Program Files\Microsoft SQL Server\120\DTS\Binn\;C:\Program Files (x86)\Microsoft SQL Server\120\Tools\Binn\ManagementStudio\;C:\Program Files (x86)\Microsoft SQL Server\120\DTS\Binn\;C:\Users\MAHMOU~1\AppData\Local\Pub\Cache\bin;C:\Program Files (x86)\Microsoft SQL Server\160\Tools\Binn\;C:\Program Files\Microsoft SQL Server\160\Tools\Binn\;C:\Program Files\Microsoft SQL Server\Client SDK\ODBC\170\Tools\Binn\;C:\Program Files\Microsoft SQL Server\160\DTS\Binn\;C:\Program Files\Microsoft SQL Server\150\Tools\Binn\;C:\Program Files\Java\jdk-20\bin;C:\Program Files\Git\cmd;C:\Program Files (x86)\Touch Portal\plugins\adb\platform-tools;C:\Program Files\nodejs\;C:\Program Files\Docker\Docker\resources\bin;C:\Program Files\MySQL\MySQL Server 8.0\bin;C:\Program Files\MySQL\MySQL Shell 8.0\bin\;C:\Users\Mahmoud Ghania\AppData\Local\Programs\Python\Python311\Scripts\;C:\Users\Mahmoud Ghania\AppData\Local\Programs\Python\Python311\;C:\Users\Mahmoud Ghania\AppData\Local\Microsoft\WindowsApps;C:\Users\Mahmoud Ghania\AppData\Local\Pub\Cache\bin;C:\Users\Mahmoud Ghania\AppData\Local\Pub\Cache\bin;C:\Program Files\Java\jre1.8.0_351\bin;E:\Flutter\SDKS\dart-sdk\bin;E:\Flutter\SDKS\flutter\bin;C:\Program Files\JetBrains\IntelliJ IDEA 2023.1.4\bin;;C:\Users\Mahmoud Ghania\AppData\Roaming\npm;C:\Users\Mahmoud Ghania\AppData\Local\Programs\Microsoft VS Code\bin;C:\src\ffmpeg\bin;C:\Users\Mahmoud Ghania\AppData\Local\Packages\PythonSoftwareFoundation.Python.3.12_qbz5n2kfra8p0\LocalCache\local-packages\Python312\Scripts;
USERNAME=Mahmoud Ghania
OS=Windows_NT
PROCESSOR_IDENTIFIER=Intel64 Family 6 Model 141 Stepping 1, GenuineIntel
TMP=C:\Users\MAHMOU~1\AppData\Local\Temp
TEMP=C:\Users\MAHMOU~1\AppData\Local\Temp




---------------  S Y S T E M  ---------------

OS:
 Windows 10 , 64 bit Build 19041 (10.0.19041.3636)
OS uptime: 0 days 13:58 hours

CPU: total 16 (initial active 16) (8 cores per cpu, 2 threads per core) family 6 model 141 stepping 1 microcode 0x4e, cx8, cmov, fxsr, ht, mmx, 3dnowpref, sse, sse2, sse3, ssse3, sse4.1, sse4.2, popcnt, lzcnt, tsc, tscinvbit, avx, avx2, aes, erms, clmul, bmi1, bmi2, adx, avx512f, avx512dq, avx512cd, avx512bw, avx512vl, sha, fma, vzeroupper, avx512_vpopcntdq, avx512_vpclmulqdq, avx512_vaes, avx512_vnni, clflush, clflushopt, clwb, avx512_vbmi2, avx512_vbmi, rdtscp, rdpid, fsrm, gfni, avx512_bitalg, f16c, pku, cet_ibt, cet_ss, avx512_ifma

Memory: 4k page, system-wide physical 16114M (1791M free)
TotalPageFile size 34932M (AvailPageFile size 76M)
current process WorkingSet (physical memory assigned to process): 379M, peak: 418M
current process commit charge ("private bytes"): 425M, peak: 466M

vm_info: Java HotSpot(TM) 64-Bit Server VM (20.0.1+9-29) for windows-amd64 JRE (20.0.1+9-29), built on 2023-03-07T13:56:11Z by "mach5one" with MS VC++ 17.1 (VS2022)

END.
