#
# There is insufficient memory for the Java Runtime Environment to continue.
# Native memory allocation (malloc) failed to allocate 32744 bytes for Chunk::new
# Possible reasons:
#   The system is out of physical RAM or swap space
#   The process is running with CompressedOops enabled, and the Java Heap may be blocking the growth of the native heap
# Possible solutions:
#   Reduce memory load on the system
#   Increase physical memory or swap space
#   Check if swap backing store is full
#   Decrease Java heap size (-Xmx/-Xms)
#   Decrease number of Java threads
#   Decrease Java thread stack sizes (-Xss)
#   Set larger code cache with -XX:ReservedCodeCacheSize=
#   JVM is running with Zero Based Compressed Oops mode in which the Java heap is
#     placed in the first 32GB address space. The Java Heap base address is the
#     maximum limit for the native heap growth. Please use -XX:HeapBaseMinAddress
#     to set the Java Heap base and to place the Java Heap above 32GB virtual address.
# This output file may be truncated or incomplete.
#
#  Out of Memory Error (arena.cpp:184), pid=15724, tid=22860
#
# JRE version: Java(TM) SE Runtime Environment (20.0.1+9) (build 20.0.1+9-29)
# Java VM: Java HotSpot(TM) 64-Bit Server VM (20.0.1+9-29, mixed mode, sharing, tiered, compressed oops, compressed class ptrs, g1 gc, windows-amd64)
# No core dump will be written. Minidumps are not enabled by default on client versions of Windows
#

---------------  S U M M A R Y ------------

Command Line: -Dmaven.multiModuleProjectDirectory=E:\University\E-Pharmacy -Djansi.passthrough=true -Dmaven.home=C:\Program Files\JetBrains\IntelliJ IDEA 2023.1.4\plugins\maven\lib\maven3 -Dclassworlds.conf=C:\Program Files\JetBrains\IntelliJ IDEA 2023.1.4\plugins\maven\lib\maven3\bin\m2.conf -Dmaven.ext.class.path=C:\Program Files\JetBrains\IntelliJ IDEA 2023.1.4\plugins\maven\lib\maven-event-listener.jar -javaagent:C:\Program Files\JetBrains\IntelliJ IDEA 2023.1.4\lib\idea_rt.jar=63507:C:\Program Files\JetBrains\IntelliJ IDEA 2023.1.4\bin -Dfile.encoding=UTF-8 -Dsun.stdout.encoding=UTF-8 -Dsun.stderr.encoding=UTF-8 org.codehaus.classworlds.Launcher -Didea.version=2023.1.4 install

Host: 11th Gen Intel(R) Core(TM) i7-11800H @ 2.30GHz, 16 cores, 15G,  Windows 10 , 64 bit Build 19041 (10.0.19041.3636)
Time: Thu Jun  6 03:02:51 2024 Egypt Daylight Time elapsed time: 7.000885 seconds (0d 0h 0m 7s)

---------------  T H R E A D  ---------------

Current thread (0x000002d1382e44c0):  JavaThread "C2 CompilerThread1" daemon [_thread_in_native, id=22860, stack(0x000000e5acf00000,0x000000e5ad000000)]


Current CompileTask:
C2:   7000 10427   !   4       java.lang.ClassLoader::loadClass (121 bytes)

Stack: [0x000000e5acf00000,0x000000e5ad000000]
Native frames: (J=compiled Java code, j=interpreted, Vv=VM code, C=native code)
V  [jvm.dll+0x6bb95a]
V  [jvm.dll+0x8485fa]
V  [jvm.dll+0x84a1f5]
V  [jvm.dll+0x84a8f3]
V  [jvm.dll+0x280b0f]
V  [jvm.dll+0xc2b11]
V  [jvm.dll+0xc2e35]
V  [jvm.dll+0x3c0a6d]
V  [jvm.dll+0x3c0111]
V  [jvm.dll+0x3c0154]
V  [jvm.dll+0x1e982e]
V  [jvm.dll+0x3bb33b]
V  [jvm.dll+0x3ba2c5]
V  [jvm.dll+0x1e6c78]
V  [jvm.dll+0x24b3ab]
V  [jvm.dll+0x24a651]
V  [jvm.dll+0x1ce491]
V  [jvm.dll+0x259e1b]
V  [jvm.dll+0x2584f0]
V  [jvm.dll+0x3f2895]
V  [jvm.dll+0x7f4b56]
V  [jvm.dll+0x6ba5cb]
C  [ucrtbase.dll+0x21bb2]
C  [KERNEL32.DLL+0x17344]
C  [ntdll.dll+0x526b1]


---------------  P R O C E S S  ---------------

Threads class SMR info:
_java_thread_list=0x000002d140dd7620, length=23, elements={
0x000002d11827a2c0, 0x000002d1382b10c0, 0x000002d1382b1ec0, 0x000002d1382b6360,
0x000002d1382b6b30, 0x000002d1382dc4a0, 0x000002d1382dc9f0, 0x000002d1382e0a40,
0x000002d1382e1dd0, 0x000002d13c4d1c90, 0x000002d1382e3f30, 0x000002d1382e39a0,
0x000002d13c6b2780, 0x000002d13c6b2cd0, 0x000002d1382e44c0, 0x000002d1382e5570,
0x000002d1382e2360, 0x000002d14015e8b0, 0x000002d14015d8c0, 0x000002d14015ee00,
0x000002d14015f350, 0x000002d14015f8a0, 0x000002d13c4c1bd0
}

Java Threads: ( => current thread )
  0x000002d11827a2c0 JavaThread "main" [_thread_in_native, id=16732, stack(0x000000e5aba00000,0x000000e5abb00000)]
  0x000002d1382b10c0 JavaThread "Reference Handler" daemon [_thread_blocked, id=7884, stack(0x000000e5ac100000,0x000000e5ac200000)]
  0x000002d1382b1ec0 JavaThread "Finalizer" daemon [_thread_blocked, id=17592, stack(0x000000e5ac200000,0x000000e5ac300000)]
  0x000002d1382b6360 JavaThread "Signal Dispatcher" daemon [_thread_blocked, id=24948, stack(0x000000e5ac300000,0x000000e5ac400000)]
  0x000002d1382b6b30 JavaThread "Attach Listener" daemon [_thread_blocked, id=24968, stack(0x000000e5ac400000,0x000000e5ac500000)]
  0x000002d1382dc4a0 JavaThread "Service Thread" daemon [_thread_blocked, id=17444, stack(0x000000e5ac500000,0x000000e5ac600000)]
  0x000002d1382dc9f0 JavaThread "Monitor Deflation Thread" daemon [_thread_blocked, id=9460, stack(0x000000e5ac600000,0x000000e5ac700000)]
  0x000002d1382e0a40 JavaThread "C2 CompilerThread0" daemon [_thread_blocked, id=28808, stack(0x000000e5ac700000,0x000000e5ac800000)]
  0x000002d1382e1dd0 JavaThread "C1 CompilerThread0" daemon [_thread_blocked, id=21904, stack(0x000000e5ac800000,0x000000e5ac900000)]
  0x000002d13c4d1c90 JavaThread "Common-Cleaner" daemon [_thread_blocked, id=33756, stack(0x000000e5ac900000,0x000000e5aca00000)]
  0x000002d1382e3f30 JavaThread "C1 CompilerThread1" daemon [_thread_blocked, id=29956, stack(0x000000e5aca00000,0x000000e5acb00000)]
  0x000002d1382e39a0 JavaThread "C1 CompilerThread2" daemon [_thread_blocked, id=22700, stack(0x000000e5acb00000,0x000000e5acc00000)]
  0x000002d13c6b2780 JavaThread "Monitor Ctrl-Break" daemon [_thread_in_native, id=21900, stack(0x000000e5acc00000,0x000000e5acd00000)]
  0x000002d13c6b2cd0 JavaThread "Notification Thread" daemon [_thread_blocked, id=32296, stack(0x000000e5acd00000,0x000000e5ace00000)]
=>0x000002d1382e44c0 JavaThread "C2 CompilerThread1" daemon [_thread_in_native, id=22860, stack(0x000000e5acf00000,0x000000e5ad000000)]
  0x000002d1382e5570 JavaThread "C2 CompilerThread2" daemon [_thread_blocked, id=28120, stack(0x000000e5ad000000,0x000000e5ad100000)]
  0x000002d1382e2360 JavaThread "C1 CompilerThread3" daemon [_thread_blocked, id=25004, stack(0x000000e5ad100000,0x000000e5ad200000)]
  0x000002d14015e8b0 JavaThread "timeout-check-timer" daemon [_thread_blocked, id=17044, stack(0x000000e5ad300000,0x000000e5ad400000)]
  0x000002d14015d8c0 JavaThread "ping-timer-10s" daemon [_thread_blocked, id=26360, stack(0x000000e5ae200000,0x000000e5ae300000)]
  0x000002d14015ee00 JavaThread "ThreadedStreamConsumer" daemon [_thread_blocked, id=29884, stack(0x000000e5ae300000,0x000000e5ae400000)]
  0x000002d14015f350 JavaThread "fork-1-err-thread" daemon [_thread_in_native, id=20636, stack(0x000000e5ae400000,0x000000e5ae500000)]
  0x000002d14015f8a0 JavaThread "commands-fork-1" daemon [_thread_blocked, id=23496, stack(0x000000e5ae500000,0x000000e5ae600000)]
  0x000002d13c4c1bd0 JavaThread "fork-1-event-thread" daemon [_thread_in_native, id=30460, stack(0x000000e5ae600000,0x000000e5ae700000)]

Other Threads:
  0x000002d138292f30 VMThread "VM Thread" [stack: 0x000000e5ac000000,0x000000e5ac100000] [id=29524]
  0x000002d13c6b3ab0 WatcherThread "VM Periodic Task Thread" [stack: 0x000000e5ace00000,0x000000e5acf00000] [id=3856]
  0x000002d1182e8b80 WorkerThread "GC Thread#0" [stack: 0x000000e5abb00000,0x000000e5abc00000] [id=11096]
  0x000002d13c82ca00 WorkerThread "GC Thread#1" [stack: 0x000000e5ad700000,0x000000e5ad800000] [id=15780]
  0x000002d13c82bbf0 WorkerThread "GC Thread#2" [stack: 0x000000e5ad800000,0x000000e5ad900000] [id=28216]
  0x000002d13c82ade0 WorkerThread "GC Thread#3" [stack: 0x000000e5ad900000,0x000000e5ada00000] [id=11772]
  0x000002d13c82b0b0 WorkerThread "GC Thread#4" [stack: 0x000000e5ada00000,0x000000e5adb00000] [id=4100]
  0x000002d13c82b650 WorkerThread "GC Thread#5" [stack: 0x000000e5adb00000,0x000000e5adc00000] [id=2496]
  0x000002d13c82b920 WorkerThread "GC Thread#6" [stack: 0x000000e5adc00000,0x000000e5add00000] [id=33264]
  0x000002d13e2bfab0 WorkerThread "GC Thread#7" [stack: 0x000000e5add00000,0x000000e5ade00000] [id=22728]
  0x000002d13e2bd080 WorkerThread "GC Thread#8" [stack: 0x000000e5ade00000,0x000000e5adf00000] [id=27104]
  0x000002d13e2bd350 WorkerThread "GC Thread#9" [stack: 0x000000e5ad600000,0x000000e5ad700000] [id=12496]
  0x000002d13e2bcdb0 WorkerThread "GC Thread#10" [stack: 0x000000e5adf00000,0x000000e5ae000000] [id=26792]
  0x000002d13e2c0050 WorkerThread "GC Thread#11" [stack: 0x000000e5ae000000,0x000000e5ae100000] [id=24492]
  0x000002d13e2bef70 WorkerThread "GC Thread#12" [stack: 0x000000e5ad400000,0x000000e5ad500000] [id=27332]
  0x000002d1182f9710 ConcurrentGCThread "G1 Main Marker" [stack: 0x000000e5abc00000,0x000000e5abd00000] [id=32292]
  0x000002d1182fa7f0 WorkerThread "G1 Conc#0" [stack: 0x000000e5abd00000,0x000000e5abe00000] [id=31308]
  0x000002d13e2bfd80 WorkerThread "G1 Conc#1" [stack: 0x000000e5ad500000,0x000000e5ad600000] [id=16840]
  0x000002d13e2c0320 WorkerThread "G1 Conc#2" [stack: 0x000000e5ae100000,0x000000e5ae200000] [id=25696]
  0x000002d11833ebe0 ConcurrentGCThread "G1 Refine#0" [stack: 0x000000e5abe00000,0x000000e5abf00000] [id=24864]
  0x000002d138152430 ConcurrentGCThread "G1 Service" [stack: 0x000000e5abf00000,0x000000e5ac000000] [id=14016]

Threads with active compile tasks:
C2 CompilerThread1     7014 10427   !   4       java.lang.ClassLoader::loadClass (121 bytes)

VM state: not at safepoint (normal execution)

VM Mutex/Monitor currently owned by a thread: None

Heap address: 0x0000000704200000, size: 4030 MB, Compressed Oops mode: Zero based, Oop shift amount: 3

CDS archive(s) mapped at: [0x0000000800000000-0x0000000800c60000-0x0000000800c60000), size 12976128, SharedBaseAddress: 0x0000000800000000, ArchiveRelocationMode: 0.
Compressed class space mapped at: 0x0000000801000000-0x0000000841000000, reserved size: 1073741824
Narrow klass base: 0x0000000800000000, Narrow klass shift: 0, Narrow klass range: 0x100000000

GC Precious Log:
 CardTable entry size: 512
 Card Set container configuration: InlinePtr #cards 4 size 8 Array Of Cards #cards 16 size 48 Howl #buckets 8 coarsen threshold 3686 Howl Bitmap #cards 512 size 80 coarsen threshold 460 Card regions per heap region 1 cards per card region 4096
 CPUs: 16 total, 16 available
 Memory: 16114M
 Large Page Support: Disabled
 NUMA Support: Disabled
 Compressed Oops: Enabled (Zero based)
 Heap Region Size: 2M
 Heap Min Capacity: 8M
 Heap Initial Capacity: 252M
 Heap Max Capacity: 4030M
 Pre-touch: Disabled
 Parallel Workers: 13
 Concurrent Workers: 3
 Concurrent Refinement Workers: 13
 Periodic GC: Disabled

Heap:
 garbage-first heap   total 174080K, used 135168K [0x0000000704200000, 0x0000000800000000)
  region size 2048K, 36 young (73728K), 6 survivors (12288K)
 Metaspace       used 35131K, committed 35776K, reserved 1114112K
  class space    used 3697K, committed 3968K, reserved 1048576K

Heap Regions: E=young(eden), S=young(survivor), O=old, HS=humongous(starts), HC=humongous(continues), CS=collection set, F=free, OA=open archive, CA=closed archive, TAMS=top-at-mark-start, PB=parsable bottom
|   0|0x0000000704200000, 0x0000000704400000, 0x0000000704400000|100%| O|  |TAMS 0x0000000704200000| PB 0x0000000704200000| Untracked 
|   1|0x0000000704400000, 0x0000000704600000, 0x0000000704600000|100%|HS|  |TAMS 0x0000000704400000| PB 0x0000000704400000| Complete 
|   2|0x0000000704600000, 0x0000000704800000, 0x0000000704800000|100%| O|  |TAMS 0x0000000704600000| PB 0x0000000704600000| Untracked 
|   3|0x0000000704800000, 0x0000000704a00000, 0x0000000704a00000|100%|HS|  |TAMS 0x0000000704800000| PB 0x0000000704800000| Complete 
|   4|0x0000000704a00000, 0x0000000704c00000, 0x0000000704c00000|100%| O|  |TAMS 0x0000000704a00000| PB 0x0000000704a00000| Untracked 
|   5|0x0000000704c00000, 0x0000000704e00000, 0x0000000704e00000|100%| O|  |TAMS 0x0000000704c00000| PB 0x0000000704c00000| Untracked 
|   6|0x0000000704e00000, 0x0000000705000000, 0x0000000705000000|100%| O|  |TAMS 0x0000000704e00000| PB 0x0000000704e00000| Untracked 
|   7|0x0000000705000000, 0x0000000705200000, 0x0000000705200000|100%| O|  |TAMS 0x0000000705000000| PB 0x0000000705000000| Untracked 
|   8|0x0000000705200000, 0x0000000705400000, 0x0000000705400000|100%| O|  |TAMS 0x0000000705200000| PB 0x0000000705200000| Untracked 
|   9|0x0000000705400000, 0x0000000705600000, 0x0000000705600000|100%| O|  |TAMS 0x0000000705400000| PB 0x0000000705400000| Untracked 
|  10|0x0000000705600000, 0x0000000705800000, 0x0000000705800000|100%| O|  |TAMS 0x0000000705600000| PB 0x0000000705600000| Untracked 
|  11|0x0000000705800000, 0x0000000705a00000, 0x0000000705a00000|100%| O|  |TAMS 0x0000000705800000| PB 0x0000000705800000| Untracked 
|  12|0x0000000705a00000, 0x0000000705c00000, 0x0000000705c00000|100%| O|  |TAMS 0x0000000705a00000| PB 0x0000000705a00000| Untracked 
|  13|0x0000000705c00000, 0x0000000705e00000, 0x0000000705e00000|100%|HS|  |TAMS 0x0000000705c00000| PB 0x0000000705c00000| Complete 
|  14|0x0000000705e00000, 0x0000000706000000, 0x0000000706000000|100%| O|  |TAMS 0x0000000705e00000| PB 0x0000000705e00000| Untracked 
|  15|0x0000000706000000, 0x0000000706200000, 0x0000000706200000|100%| O|  |TAMS 0x0000000706000000| PB 0x0000000706000000| Untracked 
|  16|0x0000000706200000, 0x0000000706400000, 0x0000000706400000|100%| O|  |TAMS 0x0000000706200000| PB 0x0000000706200000| Untracked 
|  17|0x0000000706400000, 0x0000000706600000, 0x0000000706600000|100%| S|CS|TAMS 0x0000000706400000| PB 0x0000000706400000| Complete 
|  18|0x0000000706600000, 0x0000000706600000, 0x0000000706800000|  0%| F|  |TAMS 0x0000000706600000| PB 0x0000000706600000| Untracked 
|  19|0x0000000706800000, 0x0000000706800000, 0x0000000706a00000|  0%| F|  |TAMS 0x0000000706800000| PB 0x0000000706800000| Untracked 
|  20|0x0000000706a00000, 0x0000000706c00000, 0x0000000706c00000|100%| S|CS|TAMS 0x0000000706a00000| PB 0x0000000706a00000| Complete 
|  21|0x0000000706c00000, 0x0000000706e00000, 0x0000000706e00000|100%| S|CS|TAMS 0x0000000706c00000| PB 0x0000000706c00000| Complete 
|  22|0x0000000706e00000, 0x0000000707000000, 0x0000000707000000|100%| S|CS|TAMS 0x0000000706e00000| PB 0x0000000706e00000| Complete 
|  23|0x0000000707000000, 0x0000000707000000, 0x0000000707200000|  0%| F|  |TAMS 0x0000000707000000| PB 0x0000000707000000| Untracked 
|  24|0x0000000707200000, 0x0000000707400000, 0x0000000707400000|100%| S|CS|TAMS 0x0000000707200000| PB 0x0000000707200000| Complete 
|  25|0x0000000707400000, 0x0000000707600000, 0x0000000707600000|100%| S|CS|TAMS 0x0000000707400000| PB 0x0000000707400000| Complete 
|  26|0x0000000707600000, 0x0000000707600000, 0x0000000707800000|  0%| F|  |TAMS 0x0000000707600000| PB 0x0000000707600000| Untracked 
|  27|0x0000000707800000, 0x0000000707800000, 0x0000000707a00000|  0%| F|  |TAMS 0x0000000707800000| PB 0x0000000707800000| Untracked 
|  28|0x0000000707a00000, 0x0000000707a00000, 0x0000000707c00000|  0%| F|  |TAMS 0x0000000707a00000| PB 0x0000000707a00000| Untracked 
|  29|0x0000000707c00000, 0x0000000707c00000, 0x0000000707e00000|  0%| F|  |TAMS 0x0000000707c00000| PB 0x0000000707c00000| Untracked 
|  30|0x0000000707e00000, 0x0000000707e00000, 0x0000000708000000|  0%| F|  |TAMS 0x0000000707e00000| PB 0x0000000707e00000| Untracked 
|  31|0x0000000708000000, 0x0000000708000000, 0x0000000708200000|  0%| F|  |TAMS 0x0000000708000000| PB 0x0000000708000000| Untracked 
|  32|0x0000000708200000, 0x0000000708200000, 0x0000000708400000|  0%| F|  |TAMS 0x0000000708200000| PB 0x0000000708200000| Untracked 
|  33|0x0000000708400000, 0x0000000708400000, 0x0000000708600000|  0%| F|  |TAMS 0x0000000708400000| PB 0x0000000708400000| Untracked 
|  34|0x0000000708600000, 0x0000000708600000, 0x0000000708800000|  0%| F|  |TAMS 0x0000000708600000| PB 0x0000000708600000| Untracked 
|  35|0x0000000708800000, 0x0000000708800000, 0x0000000708a00000|  0%| F|  |TAMS 0x0000000708800000| PB 0x0000000708800000| Untracked 
|  36|0x0000000708a00000, 0x0000000708a00000, 0x0000000708c00000|  0%| F|  |TAMS 0x0000000708a00000| PB 0x0000000708a00000| Untracked 
|  37|0x0000000708c00000, 0x0000000708c00000, 0x0000000708e00000|  0%| F|  |TAMS 0x0000000708c00000| PB 0x0000000708c00000| Untracked 
|  38|0x0000000708e00000, 0x0000000708e00000, 0x0000000709000000|  0%| F|  |TAMS 0x0000000708e00000| PB 0x0000000708e00000| Untracked 
|  39|0x0000000709000000, 0x0000000709000000, 0x0000000709200000|  0%| F|  |TAMS 0x0000000709000000| PB 0x0000000709000000| Untracked 
|  40|0x0000000709200000, 0x0000000709200000, 0x0000000709400000|  0%| F|  |TAMS 0x0000000709200000| PB 0x0000000709200000| Untracked 
|  41|0x0000000709400000, 0x0000000709438e28, 0x0000000709600000| 11%| E|  |TAMS 0x0000000709400000| PB 0x0000000709400000| Complete 
|  42|0x0000000709600000, 0x0000000709800000, 0x0000000709800000|100%| E|CS|TAMS 0x0000000709600000| PB 0x0000000709600000| Complete 
|  43|0x0000000709800000, 0x0000000709a00000, 0x0000000709a00000|100%| E|CS|TAMS 0x0000000709800000| PB 0x0000000709800000| Complete 
|  44|0x0000000709a00000, 0x0000000709c00000, 0x0000000709c00000|100%| E|CS|TAMS 0x0000000709a00000| PB 0x0000000709a00000| Complete 
|  45|0x0000000709c00000, 0x0000000709e00000, 0x0000000709e00000|100%| E|CS|TAMS 0x0000000709c00000| PB 0x0000000709c00000| Complete 
|  46|0x0000000709e00000, 0x000000070a000000, 0x000000070a000000|100%| E|CS|TAMS 0x0000000709e00000| PB 0x0000000709e00000| Complete 
|  47|0x000000070a000000, 0x000000070a200000, 0x000000070a200000|100%| E|CS|TAMS 0x000000070a000000| PB 0x000000070a000000| Complete 
|  48|0x000000070a200000, 0x000000070a400000, 0x000000070a400000|100%| E|CS|TAMS 0x000000070a200000| PB 0x000000070a200000| Complete 
|  49|0x000000070a400000, 0x000000070a600000, 0x000000070a600000|100%| E|CS|TAMS 0x000000070a400000| PB 0x000000070a400000| Complete 
|  50|0x000000070a600000, 0x000000070a800000, 0x000000070a800000|100%| E|CS|TAMS 0x000000070a600000| PB 0x000000070a600000| Complete 
|  51|0x000000070a800000, 0x000000070aa00000, 0x000000070aa00000|100%| E|CS|TAMS 0x000000070a800000| PB 0x000000070a800000| Complete 
|  52|0x000000070aa00000, 0x000000070ac00000, 0x000000070ac00000|100%| E|CS|TAMS 0x000000070aa00000| PB 0x000000070aa00000| Complete 
|  53|0x000000070ac00000, 0x000000070ae00000, 0x000000070ae00000|100%| E|CS|TAMS 0x000000070ac00000| PB 0x000000070ac00000| Complete 
|  54|0x000000070ae00000, 0x000000070b000000, 0x000000070b000000|100%| E|CS|TAMS 0x000000070ae00000| PB 0x000000070ae00000| Complete 
|  55|0x000000070b000000, 0x000000070b200000, 0x000000070b200000|100%| E|CS|TAMS 0x000000070b000000| PB 0x000000070b000000| Complete 
|  56|0x000000070b200000, 0x000000070b400000, 0x000000070b400000|100%| E|CS|TAMS 0x000000070b200000| PB 0x000000070b200000| Complete 
|  57|0x000000070b400000, 0x000000070b600000, 0x000000070b600000|100%| E|CS|TAMS 0x000000070b400000| PB 0x000000070b400000| Complete 
|  58|0x000000070b600000, 0x000000070b800000, 0x000000070b800000|100%| E|CS|TAMS 0x000000070b600000| PB 0x000000070b600000| Complete 
|  59|0x000000070b800000, 0x000000070ba00000, 0x000000070ba00000|100%| E|CS|TAMS 0x000000070b800000| PB 0x000000070b800000| Complete 
|  60|0x000000070ba00000, 0x000000070bc00000, 0x000000070bc00000|100%| E|CS|TAMS 0x000000070ba00000| PB 0x000000070ba00000| Complete 
|  61|0x000000070bc00000, 0x000000070be00000, 0x000000070be00000|100%| E|CS|TAMS 0x000000070bc00000| PB 0x000000070bc00000| Complete 
|  62|0x000000070be00000, 0x000000070c000000, 0x000000070c000000|100%| E|CS|TAMS 0x000000070be00000| PB 0x000000070be00000| Complete 
|  63|0x000000070c000000, 0x000000070c200000, 0x000000070c200000|100%| E|CS|TAMS 0x000000070c000000| PB 0x000000070c000000| Complete 
|  64|0x000000070c200000, 0x000000070c400000, 0x000000070c400000|100%| E|CS|TAMS 0x000000070c200000| PB 0x000000070c200000| Complete 
|  65|0x000000070c400000, 0x000000070c600000, 0x000000070c600000|100%| E|CS|TAMS 0x000000070c400000| PB 0x000000070c400000| Complete 
|  66|0x000000070c600000, 0x000000070c800000, 0x000000070c800000|100%| E|CS|TAMS 0x000000070c600000| PB 0x000000070c600000| Complete 
|  67|0x000000070c800000, 0x000000070ca00000, 0x000000070ca00000|100%| E|CS|TAMS 0x000000070c800000| PB 0x000000070c800000| Complete 
|  68|0x000000070ca00000, 0x000000070cc00000, 0x000000070cc00000|100%| E|CS|TAMS 0x000000070ca00000| PB 0x000000070ca00000| Complete 
|  69|0x000000070cc00000, 0x000000070ce00000, 0x000000070ce00000|100%| E|CS|TAMS 0x000000070cc00000| PB 0x000000070cc00000| Complete 
| 125|0x0000000713c00000, 0x0000000713e00000, 0x0000000713e00000|100%| E|CS|TAMS 0x0000000713c00000| PB 0x0000000713c00000| Complete 
|2001|0x00000007fe400000, 0x00000007fe600000, 0x00000007fe600000|100%| O|  |TAMS 0x00000007fe400000| PB 0x00000007fe400000| Untracked 
|2002|0x00000007fe600000, 0x00000007fe800000, 0x00000007fe800000|100%| O|  |TAMS 0x00000007fe600000| PB 0x00000007fe600000| Untracked 
|2003|0x00000007fe800000, 0x00000007fea00000, 0x00000007fea00000|100%| O|  |TAMS 0x00000007fe800000| PB 0x00000007fe800000| Untracked 
|2004|0x00000007fea00000, 0x00000007fec00000, 0x00000007fec00000|100%| O|  |TAMS 0x00000007fea00000| PB 0x00000007fea00000| Untracked 
|2005|0x00000007fec00000, 0x00000007fee00000, 0x00000007fee00000|100%| O|  |TAMS 0x00000007fec00000| PB 0x00000007fec00000| Untracked 
|2006|0x00000007fee00000, 0x00000007ff000000, 0x00000007ff000000|100%| O|  |TAMS 0x00000007fee00000| PB 0x00000007fee00000| Untracked 
|2007|0x00000007ff000000, 0x00000007ff200000, 0x00000007ff200000|100%| O|  |TAMS 0x00000007ff000000| PB 0x00000007ff000000| Untracked 
|2008|0x00000007ff200000, 0x00000007ff400000, 0x00000007ff400000|100%| O|  |TAMS 0x00000007ff200000| PB 0x00000007ff200000| Untracked 
|2009|0x00000007ff400000, 0x00000007ff600000, 0x00000007ff600000|100%| O|  |TAMS 0x00000007ff400000| PB 0x00000007ff400000| Untracked 
|2010|0x00000007ff600000, 0x00000007ff800000, 0x00000007ff800000|100%| O|  |TAMS 0x00000007ff600000| PB 0x00000007ff600000| Untracked 
|2011|0x00000007ff800000, 0x00000007ffa00000, 0x00000007ffa00000|100%| O|  |TAMS 0x00000007ff800000| PB 0x00000007ff800000| Untracked 
|2012|0x00000007ffa00000, 0x00000007ffc00000, 0x00000007ffc00000|100%| O|  |TAMS 0x00000007ffa00000| PB 0x00000007ffa00000| Untracked 
|2013|0x00000007ffc00000, 0x00000007ffe00000, 0x00000007ffe00000|100%| O|  |TAMS 0x00000007ffc00000| PB 0x00000007ffc00000| Untracked 
|2014|0x00000007ffe00000, 0x0000000800000000, 0x0000000800000000|100%| O|  |TAMS 0x00000007ffe00000| PB 0x00000007ffe00000| Untracked 

Card table byte_map: [0x000002d130390000,0x000002d130b70000] _byte_map_base: 0x000002d12cb6f000

Marking Bits: (CMBitMap*) 0x000002d1182e90c0
 Bits: [0x000002d131350000, 0x000002d135248000)

Polling page: 0x000002d116080000

Metaspace:

Usage:
  Non-class:     30.70 MB used.
      Class:      3.61 MB used.
       Both:     34.31 MB used.

Virtual space:
  Non-class space:       64.00 MB reserved,      31.06 MB ( 49%) committed,  1 nodes.
      Class space:        1.00 GB reserved,       3.88 MB ( <1%) committed,  1 nodes.
             Both:        1.06 GB reserved,      34.94 MB (  3%) committed. 

Chunk freelists:
   Non-Class:  880.00 KB
       Class:  144.00 KB
        Both:  1.00 MB

MaxMetaspaceSize: unlimited
CompressedClassSpaceSize: 1.00 GB
Initial GC threshold: 21.00 MB
Current GC threshold: 35.56 MB
CDS: on
MetaspaceReclaimPolicy: balanced
 - commit_granule_bytes: 65536.
 - commit_granule_words: 8192.
 - virtual_space_node_default_size: 8388608.
 - enlarge_chunks_in_place: 1.
 - new_chunks_are_fully_committed: 0.
 - uncommit_free_chunks: 1.
 - use_allocation_guard: 0.


Internal statistics:

num_allocs_failed_limit: 3.
num_arena_births: 712.
num_arena_deaths: 0.
num_vsnodes_births: 2.
num_vsnodes_deaths: 0.
num_space_committed: 559.
num_space_uncommitted: 0.
num_chunks_returned_to_freelist: 3.
num_chunks_taken_from_freelist: 1985.
num_chunk_merges: 3.
num_chunk_splits: 1422.
num_chunks_enlarged: 1068.
num_inconsistent_stats: 0.

CodeHeap 'non-profiled nmethods': size=119168Kb used=8555Kb max_used=8555Kb free=110613Kb
 bounds [0x000002d127ed0000, 0x000002d128730000, 0x000002d12f330000]
CodeHeap 'profiled nmethods': size=119104Kb used=25620Kb max_used=25620Kb free=93483Kb
 bounds [0x000002d120330000, 0x000002d121c40000, 0x000002d127780000]
CodeHeap 'non-nmethods': size=7488Kb used=3391Kb max_used=3464Kb free=4096Kb
 bounds [0x000002d127780000, 0x000002d127af0000, 0x000002d127ed0000]
 total_blobs=11123 nmethods=10542 adapters=488
 compilation: enabled
              stopped_count=0, restarted_count=0
 full_count=0

Compilation events (20 events):
Event: 6.475 Thread 0x000002d1382e1dd0 10533       3       java.util.Collections::addAll (43 bytes)
Event: 6.475 Thread 0x000002d1382e1dd0 nmethod 10533 0x000002d121c30110 code [0x000002d121c302c0, 0x000002d121c30578]
Event: 6.476 Thread 0x000002d1382e2360 10534       3       java.lang.ProcessEnvironment$CheckedEntrySet$1::next (20 bytes)
Event: 6.476 Thread 0x000002d1382e3f30 10535       3       java.lang.ProcessEnvironment$CheckedEntry::<init> (10 bytes)
Event: 6.476 Thread 0x000002d1382e39a0 10536       3       java.lang.ProcessEnvironment$CheckedEntry::getKey (13 bytes)
Event: 6.476 Thread 0x000002d1382e1dd0 10537       3       java.lang.ProcessEnvironment$NameComparator::compare (90 bytes)
Event: 6.476 Thread 0x000002d1382e3f30 nmethod 10535 0x000002d121c30710 code [0x000002d121c308a0, 0x000002d121c30a60]
Event: 6.476 Thread 0x000002d1382e39a0 nmethod 10536 0x000002d121c30b10 code [0x000002d121c30ca0, 0x000002d121c30f68]
Event: 6.476 Thread 0x000002d1382e3f30 10538       3       java.lang.ProcessEnvironment$CheckedEntry::getKey (5 bytes)
Event: 6.476 Thread 0x000002d1382e2360 nmethod 10534 0x000002d121c31090 code [0x000002d121c31240, 0x000002d121c316a8]
Event: 6.476 Thread 0x000002d1382e39a0 10539       3       java.lang.ProcessEnvironment$CheckedEntry::getValue (13 bytes)
Event: 6.476 Thread 0x000002d1382e3f30 nmethod 10538 0x000002d121c31810 code [0x000002d121c319c0, 0x000002d121c31ce0]
Event: 6.476 Thread 0x000002d1382e39a0 nmethod 10539 0x000002d121c31e10 code [0x000002d121c31fa0, 0x000002d121c32268]
Event: 6.477 Thread 0x000002d1382e1dd0 nmethod 10537 0x000002d121c32390 code [0x000002d121c32680, 0x000002d121c33900]
Event: 6.496 Thread 0x000002d1382e3f30 10541       3       java.util.zip.CRC32::update (38 bytes)
Event: 6.496 Thread 0x000002d1382e3f30 nmethod 10541 0x000002d121c34110 code [0x000002d121c342e0, 0x000002d121c34708]
Event: 6.497 Thread 0x000002d1382e3f30 10542       3       java.lang.AbstractStringBuilder::append (45 bytes)
Event: 6.497 Thread 0x000002d1382e3f30 nmethod 10542 0x000002d121c34910 code [0x000002d121c34b00, 0x000002d121c35030]
Event: 6.706 Thread 0x000002d1382e39a0 10543       1       java.util.concurrent.atomic.AtomicInteger::get (5 bytes)
Event: 6.706 Thread 0x000002d1382e39a0 nmethod 10543 0x000002d12872a910 code [0x000002d12872aa80, 0x000002d12872ab48]

GC Heap History (18 events):
Event: 0.462 GC heap before
{Heap before GC invocations=0 (full 0):
 garbage-first heap   total 258048K, used 22528K [0x0000000704200000, 0x0000000800000000)
  region size 2048K, 11 young (22528K), 0 survivors (0K)
 Metaspace       used 5885K, committed 6080K, reserved 1114112K
  class space    used 653K, committed 704K, reserved 1048576K
}
Event: 0.465 GC heap after
{Heap after GC invocations=1 (full 0):
 garbage-first heap   total 258048K, used 4017K [0x0000000704200000, 0x0000000800000000)
  region size 2048K, 2 young (4096K), 2 survivors (4096K)
 Metaspace       used 5885K, committed 6080K, reserved 1114112K
  class space    used 653K, committed 704K, reserved 1048576K
}
Event: 0.886 GC heap before
{Heap before GC invocations=1 (full 0):
 garbage-first heap   total 258048K, used 36785K [0x0000000704200000, 0x0000000800000000)
  region size 2048K, 18 young (36864K), 2 survivors (4096K)
 Metaspace       used 11016K, committed 11200K, reserved 1114112K
  class space    used 1305K, committed 1408K, reserved 1048576K
}
Event: 0.890 GC heap after
{Heap after GC invocations=2 (full 0):
 garbage-first heap   total 258048K, used 6103K [0x0000000704200000, 0x0000000800000000)
  region size 2048K, 2 young (4096K), 2 survivors (4096K)
 Metaspace       used 11016K, committed 11200K, reserved 1114112K
  class space    used 1305K, committed 1408K, reserved 1048576K
}
Event: 2.176 GC heap before
{Heap before GC invocations=2 (full 0):
 garbage-first heap   total 258048K, used 141271K [0x0000000704200000, 0x0000000800000000)
  region size 2048K, 67 young (137216K), 2 survivors (4096K)
 Metaspace       used 21145K, committed 21504K, reserved 1114112K
  class space    used 2326K, committed 2496K, reserved 1048576K
}
Event: 2.185 GC heap after
{Heap after GC invocations=3 (full 0):
 garbage-first heap   total 258048K, used 24527K [0x0000000704200000, 0x0000000800000000)
  region size 2048K, 9 young (18432K), 9 survivors (18432K)
 Metaspace       used 21145K, committed 21504K, reserved 1114112K
  class space    used 2326K, committed 2496K, reserved 1048576K
}
Event: 2.967 GC heap before
{Heap before GC invocations=4 (full 0):
 garbage-first heap   total 96256K, used 94159K [0x0000000704200000, 0x0000000800000000)
  region size 2048K, 43 young (88064K), 9 survivors (18432K)
 Metaspace       used 25555K, committed 25920K, reserved 1114112K
  class space    used 2715K, committed 2880K, reserved 1048576K
}
Event: 2.989 GC heap after
{Heap after GC invocations=5 (full 0):
 garbage-first heap   total 135168K, used 42828K [0x0000000704200000, 0x0000000800000000)
  region size 2048K, 10 young (20480K), 10 survivors (20480K)
 Metaspace       used 25555K, committed 25920K, reserved 1114112K
  class space    used 2715K, committed 2880K, reserved 1048576K
}
Event: 3.686 GC heap before
{Heap before GC invocations=5 (full 0):
 garbage-first heap   total 135168K, used 102220K [0x0000000704200000, 0x0000000800000000)
  region size 2048K, 39 young (79872K), 10 survivors (20480K)
 Metaspace       used 28092K, committed 28608K, reserved 1114112K
  class space    used 2996K, committed 3200K, reserved 1048576K
}
Event: 3.704 GC heap after
{Heap after GC invocations=6 (full 0):
 garbage-first heap   total 135168K, used 45940K [0x0000000704200000, 0x0000000800000000)
  region size 2048K, 2 young (4096K), 2 survivors (4096K)
 Metaspace       used 28092K, committed 28608K, reserved 1114112K
  class space    used 2996K, committed 3200K, reserved 1048576K
}
Event: 4.013 GC heap before
{Heap before GC invocations=6 (full 0):
 garbage-first heap   total 135168K, used 107380K [0x0000000704200000, 0x0000000800000000)
  region size 2048K, 32 young (65536K), 2 survivors (4096K)
 Metaspace       used 28421K, committed 28928K, reserved 1114112K
  class space    used 3024K, committed 3264K, reserved 1048576K
}
Event: 4.020 GC heap after
{Heap after GC invocations=7 (full 0):
 garbage-first heap   total 135168K, used 46416K [0x0000000704200000, 0x0000000800000000)
  region size 2048K, 3 young (6144K), 3 survivors (6144K)
 Metaspace       used 28421K, committed 28928K, reserved 1114112K
  class space    used 3024K, committed 3264K, reserved 1048576K
}
Event: 4.269 GC heap before
{Heap before GC invocations=7 (full 0):
 garbage-first heap   total 135168K, used 109904K [0x0000000704200000, 0x0000000800000000)
  region size 2048K, 34 young (69632K), 3 survivors (6144K)
 Metaspace       used 28633K, committed 29184K, reserved 1114112K
  class space    used 3028K, committed 3264K, reserved 1048576K
}
Event: 4.275 GC heap after
{Heap after GC invocations=8 (full 0):
 garbage-first heap   total 135168K, used 46635K [0x0000000704200000, 0x0000000800000000)
  region size 2048K, 3 young (6144K), 3 survivors (6144K)
 Metaspace       used 28633K, committed 29184K, reserved 1114112K
  class space    used 3028K, committed 3264K, reserved 1048576K
}
Event: 5.017 GC heap before
{Heap before GC invocations=8 (full 0):
 garbage-first heap   total 135168K, used 116267K [0x0000000704200000, 0x0000000800000000)
  region size 2048K, 36 young (73728K), 3 survivors (6144K)
 Metaspace       used 30942K, committed 31616K, reserved 1114112K
  class space    used 3254K, committed 3584K, reserved 1048576K
}
Event: 5.027 GC heap after
{Heap after GC invocations=9 (full 0):
 garbage-first heap   total 163840K, used 50176K [0x0000000704200000, 0x0000000800000000)
  region size 2048K, 3 young (6144K), 3 survivors (6144K)
 Metaspace       used 30942K, committed 31616K, reserved 1114112K
  class space    used 3254K, committed 3584K, reserved 1048576K
}
Event: 5.978 GC heap before
{Heap before GC invocations=9 (full 0):
 garbage-first heap   total 163840K, used 144384K [0x0000000704200000, 0x0000000800000000)
  region size 2048K, 48 young (98304K), 3 survivors (6144K)
 Metaspace       used 32135K, committed 32768K, reserved 1114112K
  class space    used 3382K, committed 3712K, reserved 1048576K
}
Event: 5.993 GC heap after
{Heap after GC invocations=10 (full 0):
 garbage-first heap   total 174080K, used 75776K [0x0000000704200000, 0x0000000800000000)
  region size 2048K, 6 young (12288K), 6 survivors (12288K)
 Metaspace       used 32135K, committed 32768K, reserved 1114112K
  class space    used 3382K, committed 3712K, reserved 1048576K
}

Dll operation events (12 events):
Event: 0.006 Loaded shared library C:\Program Files\Java\jdk-20\bin\java.dll
Event: 0.015 Loaded shared library C:\Program Files\Java\jdk-20\bin\jsvml.dll
Event: 0.053 Loaded shared library C:\Program Files\Java\jdk-20\bin\zip.dll
Event: 0.056 Loaded shared library C:\Program Files\Java\jdk-20\bin\instrument.dll
Event: 0.059 Loaded shared library C:\Program Files\Java\jdk-20\bin\net.dll
Event: 0.061 Loaded shared library C:\Program Files\Java\jdk-20\bin\nio.dll
Event: 0.063 Loaded shared library C:\Program Files\Java\jdk-20\bin\zip.dll
Event: 0.074 Loaded shared library C:\Program Files\JetBrains\IntelliJ IDEA 2023.1.4\bin\breakgen64.dll
Event: 0.080 Loaded shared library C:\Program Files\Java\jdk-20\bin\extnet.dll
Event: 0.136 Loaded shared library C:\Program Files\Java\jdk-20\bin\verify.dll
Event: 0.146 Loaded shared library C:\Program Files\Java\jdk-20\bin\jimage.dll
Event: 0.216 Loaded shared library C:\Users\Mahmoud Ghania\AppData\Local\Temp\jansi-1.17.1-8417672799538301096.dll

Deoptimization events (20 events):
Event: 6.496 Thread 0x000002d14015f350 Uncommon trap: trap_request=0xffffff45 fr.pc=0x000002d127fe3964 relative=0x00000000000004c4
Event: 6.496 Thread 0x000002d14015f350 Uncommon trap: reason=unstable_if action=reinterpret pc=0x000002d127fe3964 method=java.lang.AbstractStringBuilder.inflateIfNeededFor(Ljava/lang/String;)V @ 14 c2
Event: 6.496 Thread 0x000002d14015f350 DEOPT PACKING pc=0x000002d127fe3964 sp=0x000000e5ae4ff060
Event: 6.496 Thread 0x000002d14015f350 DEOPT UNPACKING pc=0x000002d12779d2a2 sp=0x000000e5ae4fef68 mode 2
Event: 6.496 Thread 0x000002d14015f350 Uncommon trap: trap_request=0xffffff45 fr.pc=0x000002d127f01508 relative=0x0000000000000108
Event: 6.496 Thread 0x000002d14015f350 Uncommon trap: reason=unstable_if action=reinterpret pc=0x000002d127f01508 method=java.lang.String.getBytes([BIB)V @ 5 c2
Event: 6.496 Thread 0x000002d14015f350 DEOPT PACKING pc=0x000002d127f01508 sp=0x000000e5ae4fef90
Event: 6.496 Thread 0x000002d14015f350 DEOPT UNPACKING pc=0x000002d12779d2a2 sp=0x000000e5ae4fef58 mode 2
Event: 6.496 Thread 0x000002d14015f350 Uncommon trap: trap_request=0xffffff45 fr.pc=0x000002d1286eae74 relative=0x00000000000007d4
Event: 6.496 Thread 0x000002d14015f350 Uncommon trap: reason=unstable_if action=reinterpret pc=0x000002d1286eae74 method=java.lang.String.<init>(Ljava/lang/AbstractStringBuilder;Ljava/lang/Void;)V @ 51 c2
Event: 6.496 Thread 0x000002d14015f350 DEOPT PACKING pc=0x000002d1286eae74 sp=0x000000e5ae4ff0e0
Event: 6.496 Thread 0x000002d14015f350 DEOPT UNPACKING pc=0x000002d12779d2a2 sp=0x000000e5ae4fefc8 mode 2
Event: 6.496 Thread 0x000002d14015f350 Uncommon trap: trap_request=0xffffff76 fr.pc=0x000002d1286d3ba8 relative=0x0000000000001fc8
Event: 6.496 Thread 0x000002d14015f350 Uncommon trap: reason=predicate action=maybe_recompile pc=0x000002d1286d3ba8 method=java.util.regex.Pattern.compile()V @ 78 c2
Event: 6.496 Thread 0x000002d14015f350 DEOPT PACKING pc=0x000002d1286d3ba8 sp=0x000000e5ae4ff0c0
Event: 6.496 Thread 0x000002d14015f350 DEOPT UNPACKING pc=0x000002d12779d2a2 sp=0x000000e5ae4ff0a0 mode 2
Event: 6.496 Thread 0x000002d14015f350 Uncommon trap: trap_request=0xffffff45 fr.pc=0x000002d1281b6cc0 relative=0x00000000000000c0
Event: 6.496 Thread 0x000002d14015f350 Uncommon trap: reason=unstable_if action=reinterpret pc=0x000002d1281b6cc0 method=java.lang.String.codePointAt(I)I @ 4 c2
Event: 6.496 Thread 0x000002d14015f350 DEOPT PACKING pc=0x000002d1281b6cc0 sp=0x000000e5ae4ff0a0
Event: 6.496 Thread 0x000002d14015f350 DEOPT UNPACKING pc=0x000002d12779d2a2 sp=0x000000e5ae4ff038 mode 2

Classes loaded (20 events):
Event: 6.475 Loading class java/lang/ProcessImpl
Event: 6.476 Loading class java/lang/Process
Event: 6.476 Loading class java/lang/Process done
Event: 6.476 Loading class java/lang/ProcessImpl done
Event: 6.483 Loading class java/lang/ProcessImpl$2
Event: 6.483 Loading class java/lang/ProcessImpl$2 done
Event: 6.483 Loading class java/lang/Process$PipeInputStream
Event: 6.483 Loading class java/lang/Process$PipeInputStream done
Event: 6.485 Loading class jdk/internal/event/ProcessStartEvent
Event: 6.485 Loading class jdk/internal/event/ProcessStartEvent done
Event: 6.485 Loading class java/nio/channels/ClosedChannelException
Event: 6.485 Loading class java/nio/channels/ClosedChannelException done
Event: 6.486 Loading class java/nio/channels/NonReadableChannelException
Event: 6.486 Loading class java/nio/channels/NonReadableChannelException done
Event: 6.486 Loading class java/nio/channels/NonWritableChannelException
Event: 6.486 Loading class java/nio/channels/NonWritableChannelException done
Event: 6.494 Loading class java/util/Scanner
Event: 6.494 Loading class java/util/Scanner done
Event: 6.495 Loading class java/util/Scanner$PatternLRUCache
Event: 6.495 Loading class java/util/Scanner$PatternLRUCache done

Classes unloaded (0 events):
No events

Classes redefined (0 events):
No events

Internal exceptions (20 events):
Event: 6.081 Thread 0x000002d11827a2c0 Exception <a 'sun/nio/fs/WindowsException'{0x000000070c7f2e80}> (0x000000070c7f2e80) 
thrown [s\open\src\hotspot\share\prims\jni.cpp, line 519]
Event: 6.081 Thread 0x000002d11827a2c0 Exception <a 'sun/nio/fs/WindowsException'{0x000000070c7f3b58}> (0x000000070c7f3b58) 
thrown [s\open\src\hotspot\share\prims\jni.cpp, line 519]
Event: 6.109 Thread 0x000002d11827a2c0 Exception <a 'sun/nio/fs/WindowsException'{0x000000070bf29270}> (0x000000070bf29270) 
thrown [s\open\src\hotspot\share\prims\jni.cpp, line 519]
Event: 6.111 Thread 0x000002d11827a2c0 Exception <a 'sun/nio/fs/WindowsException'{0x000000070bf42370}> (0x000000070bf42370) 
thrown [s\open\src\hotspot\share\prims\jni.cpp, line 519]
Event: 6.114 Thread 0x000002d11827a2c0 Exception <a 'sun/nio/fs/WindowsException'{0x000000070bf5c818}> (0x000000070bf5c818) 
thrown [s\open\src\hotspot\share\prims\jni.cpp, line 519]
Event: 6.114 Thread 0x000002d11827a2c0 Exception <a 'sun/nio/fs/WindowsException'{0x000000070bf5cf60}> (0x000000070bf5cf60) 
thrown [s\open\src\hotspot\share\prims\jni.cpp, line 519]
Event: 6.114 Thread 0x000002d11827a2c0 Exception <a 'sun/nio/fs/WindowsException'{0x000000070bf5d530}> (0x000000070bf5d530) 
thrown [s\open\src\hotspot\share\prims\jni.cpp, line 519]
Event: 6.114 Thread 0x000002d11827a2c0 Exception <a 'sun/nio/fs/WindowsException'{0x000000070bf5dc38}> (0x000000070bf5dc38) 
thrown [s\open\src\hotspot\share\prims\jni.cpp, line 519]
Event: 6.114 Thread 0x000002d11827a2c0 Exception <a 'sun/nio/fs/WindowsException'{0x000000070bf5e328}> (0x000000070bf5e328) 
thrown [s\open\src\hotspot\share\prims\jni.cpp, line 519]
Event: 6.114 Thread 0x000002d11827a2c0 Exception <a 'sun/nio/fs/WindowsException'{0x000000070bf5e9e8}> (0x000000070bf5e9e8) 
thrown [s\open\src\hotspot\share\prims\jni.cpp, line 519]
Event: 6.187 Thread 0x000002d11827a2c0 Implicit null exception at 0x000002d128127046 to 0x000002d12812c110
Event: 6.188 Thread 0x000002d11827a2c0 Implicit null exception at 0x000002d12811820e to 0x000002d12811cd40
Event: 6.188 Thread 0x000002d11827a2c0 Implicit null exception at 0x000002d12810eb56 to 0x000002d1281128ac
Event: 6.209 Thread 0x000002d11827a2c0 Implicit null exception at 0x000002d1280fade6 to 0x000002d1280fc0a4
Event: 6.342 Thread 0x000002d14015d8c0 Exception <a 'java/lang/NoSuchMethodError'{0x000000070a538930}: 'java.lang.Object java.lang.invoke.DirectMethodHandle$Holder.invokeStatic(java.lang.Object, long, java.lang.Object)'> (0x000000070a538930) 
thrown [s\open\src\hotspot\share\interpreter\linkResolver.cpp, line 773]
Event: 6.342 Thread 0x000002d14015d8c0 Exception <a 'java/lang/NoSuchMethodError'{0x000000070a203630}: 'java.lang.Object java.lang.invoke.DirectMethodHandle$Holder.invokeStaticInit(java.lang.Object, long, java.lang.Object)'> (0x000000070a203630) 
thrown [s\open\src\hotspot\share\interpreter\linkResolver.cpp, line 773]
Event: 6.342 Thread 0x000002d14015d8c0 Exception <a 'java/lang/NoSuchMethodError'{0x000000070a208fb0}: 'java.lang.Object java.lang.invoke.DirectMethodHandle$Holder.newInvokeSpecial(java.lang.Object, long)'> (0x000000070a208fb0) 
thrown [s\open\src\hotspot\share\interpreter\linkResolver.cpp, line 773]
Event: 6.343 Thread 0x000002d14015d8c0 Exception <a 'java/lang/NoSuchMethodError'{0x000000070a20d410}: 'long java.lang.invoke.DirectMethodHandle$Holder.invokeInterface(java.lang.Object, java.lang.Object)'> (0x000000070a20d410) 
thrown [s\open\src\hotspot\share\interpreter\linkResolver.cpp, line 773]
Event: 6.343 Thread 0x000002d14015d8c0 Exception <a 'java/lang/NoSuchMethodError'{0x000000070a210a78}: 'long java.lang.invoke.DelegatingMethodHandle$Holder.reinvoke_L(java.lang.Object, java.lang.Object)'> (0x000000070a210a78) 
thrown [s\open\src\hotspot\share\interpreter\linkResolver.cpp, line 773]
Event: 6.482 Thread 0x000002d11827a2c0 Exception <a 'java/lang/NoSuchMethodError'{0x00000007099d5790}: 'void java.lang.invoke.DirectMethodHandle$Holder.invokeStatic(java.lang.Object, long)'> (0x00000007099d5790) 
thrown [s\open\src\hotspot\share\interpreter\linkResolver.cpp, line 773]

VM Operations (20 events):
Event: 5.355 Executing VM operation: ICBufferFull
Event: 5.355 Executing VM operation: ICBufferFull done
Event: 5.664 Executing VM operation: ICBufferFull
Event: 5.664 Executing VM operation: ICBufferFull done
Event: 5.977 Executing VM operation: G1CollectForAllocation
Event: 5.993 Executing VM operation: G1CollectForAllocation done
Event: 6.196 Executing VM operation: ICBufferFull
Event: 6.196 Executing VM operation: ICBufferFull done
Event: 6.335 Executing VM operation: HandshakeAllThreads
Event: 6.335 Executing VM operation: HandshakeAllThreads done
Event: 6.349 Executing VM operation: HandshakeAllThreads
Event: 6.349 Executing VM operation: HandshakeAllThreads done
Event: 6.445 Executing VM operation: HandshakeAllThreads
Event: 6.445 Executing VM operation: HandshakeAllThreads done
Event: 6.447 Executing VM operation: HandshakeAllThreads
Event: 6.447 Executing VM operation: HandshakeAllThreads done
Event: 6.448 Executing VM operation: HandshakeAllThreads
Event: 6.448 Executing VM operation: HandshakeAllThreads done
Event: 6.484 Executing VM operation: HandshakeAllThreads
Event: 6.484 Executing VM operation: HandshakeAllThreads done

Events (20 events):
Event: 0.454 Thread 0x000002d1382e4fe0 Thread added: 0x000002d1382e4fe0
Event: 0.820 Thread 0x000002d1382e4fe0 Thread exited: 0x000002d1382e4fe0
Event: 2.009 Thread 0x000002d1382e4a50 Thread exited: 0x000002d1382e4a50
Event: 2.035 Thread 0x000002d1382e3410 Thread exited: 0x000002d1382e3410
Event: 2.448 Thread 0x000002d13f0558d0 Thread added: 0x000002d13f0558d0
Event: 2.448 Thread 0x000002d13f055e60 Thread added: 0x000002d13f055e60
Event: 2.448 Thread 0x000002d13f054820 Thread added: 0x000002d13f054820
Event: 5.600 Thread 0x000002d13f054820 Thread exited: 0x000002d13f054820
Event: 5.847 Thread 0x000002d13f055e60 Thread exited: 0x000002d13f055e60
Event: 5.860 Thread 0x000002d13f0558d0 Thread exited: 0x000002d13f0558d0
Event: 6.060 Thread 0x000002d1382e2e80 Thread exited: 0x000002d1382e2e80
Event: 6.337 Thread 0x000002d14015d8c0 Thread added: 0x000002d14015d8c0
Event: 6.343 Thread 0x000002d14015d8c0 Thread exited: 0x000002d14015d8c0
Event: 6.402 Thread 0x000002d14015e8b0 Thread added: 0x000002d14015e8b0
Event: 6.405 Thread 0x000002d14015d8c0 Thread added: 0x000002d14015d8c0
Event: 6.473 Thread 0x000002d14015ee00 Thread added: 0x000002d14015ee00
Event: 6.494 Thread 0x000002d14015f350 Thread added: 0x000002d14015f350
Event: 6.494 Thread 0x000002d14015f8a0 Thread added: 0x000002d14015f8a0
Event: 6.498 Thread 0x000002d13c4c1bd0 Thread added: 0x000002d13c4c1bd0
Event: 6.706 Thread 0x000002d1382e28f0 Thread exited: 0x000002d1382e28f0


Dynamic libraries:
0x00007ff747150000 - 0x00007ff747160000 	C:\Program Files\Java\jdk-20\bin\java.exe
0x00007ffce5cb0000 - 0x00007ffce5ea8000 	C:\Windows\SYSTEM32\ntdll.dll
0x00007ffce4bd0000 - 0x00007ffce4c8d000 	C:\Windows\System32\KERNEL32.DLL
0x00007ffce3450000 - 0x00007ffce3746000 	C:\Windows\System32\KERNELBASE.dll
0x00007ffce39b0000 - 0x00007ffce3ab0000 	C:\Windows\System32\ucrtbase.dll
0x00007ffca1ce0000 - 0x00007ffca1cf9000 	C:\Program Files\Java\jdk-20\bin\jli.dll
0x00007ffca1cc0000 - 0x00007ffca1cdb000 	C:\Program Files\Java\jdk-20\bin\VCRUNTIME140.dll
0x00007ffce4c90000 - 0x00007ffce4d40000 	C:\Windows\System32\ADVAPI32.dll
0x00007ffce4420000 - 0x00007ffce44be000 	C:\Windows\System32\msvcrt.dll
0x00007ffce5120000 - 0x00007ffce51c0000 	C:\Windows\System32\sechost.dll
0x00007ffce3e80000 - 0x00007ffce3fa3000 	C:\Windows\System32\RPCRT4.dll
0x00007ffce3390000 - 0x00007ffce33b7000 	C:\Windows\System32\bcrypt.dll
0x00007ffce45e0000 - 0x00007ffce477f000 	C:\Windows\System32\USER32.dll
0x00007ffce3360000 - 0x00007ffce3382000 	C:\Windows\System32\win32u.dll
0x00007ffce3ce0000 - 0x00007ffce3d0b000 	C:\Windows\System32\GDI32.dll
0x00007ffcc78d0000 - 0x00007ffcc7b6a000 	C:\Windows\WinSxS\amd64_microsoft.windows.common-controls_6595b64144ccf1df_6.0.19041.4355_none_60b8b9eb71f62e16\COMCTL32.dll
0x00007ffce3b50000 - 0x00007ffce3c67000 	C:\Windows\System32\gdi32full.dll
0x00007ffce3ab0000 - 0x00007ffce3b4d000 	C:\Windows\System32\msvcp_win.dll
0x00007ffcd8490000 - 0x00007ffcd849a000 	C:\Windows\SYSTEM32\VERSION.dll
0x00007ffce4ae0000 - 0x00007ffce4b12000 	C:\Windows\System32\IMM32.DLL
0x00007ffca8d10000 - 0x00007ffca8d1c000 	C:\Program Files\Java\jdk-20\bin\vcruntime140_1.dll
0x00007ffca11b0000 - 0x00007ffca123e000 	C:\Program Files\Java\jdk-20\bin\msvcp140.dll
0x00007ffca0510000 - 0x00007ffca11a7000 	C:\Program Files\Java\jdk-20\bin\server\jvm.dll
0x00007ffcd5dc0000 - 0x00007ffcd5dc9000 	C:\Windows\SYSTEM32\WSOCK32.dll
0x00007ffcd6120000 - 0x00007ffcd6147000 	C:\Windows\SYSTEM32\WINMM.dll
0x00007ffce4e20000 - 0x00007ffce4e8b000 	C:\Windows\System32\WS2_32.dll
0x00007ffce1210000 - 0x00007ffce1222000 	C:\Windows\SYSTEM32\kernel.appcore.dll
0x00007ffca8d00000 - 0x00007ffca8d0a000 	C:\Program Files\Java\jdk-20\bin\jimage.dll
0x00007ffce0a70000 - 0x00007ffce0c54000 	C:\Windows\SYSTEM32\DBGHELP.DLL
0x00007ffcd47b0000 - 0x00007ffcd47e4000 	C:\Windows\SYSTEM32\dbgcore.DLL
0x00007ffce33c0000 - 0x00007ffce3442000 	C:\Windows\System32\bcryptPrimitives.dll
0x00007ffcca400000 - 0x00007ffcca40e000 	C:\Program Files\Java\jdk-20\bin\instrument.dll
0x00007ffc9fa90000 - 0x00007ffc9fab6000 	C:\Program Files\Java\jdk-20\bin\java.dll
0x00007ffc9f430000 - 0x00007ffc9f507000 	C:\Program Files\Java\jdk-20\bin\jsvml.dll
0x00007ffce52f0000 - 0x00007ffce5a5b000 	C:\Windows\System32\SHELL32.dll
0x00007ffce13e0000 - 0x00007ffce1b7d000 	C:\Windows\SYSTEM32\windows.storage.dll
0x00007ffce4780000 - 0x00007ffce4ad3000 	C:\Windows\System32\combase.dll
0x00007ffce2d80000 - 0x00007ffce2dae000 	C:\Windows\SYSTEM32\Wldp.dll
0x00007ffce5a60000 - 0x00007ffce5b2d000 	C:\Windows\System32\OLEAUT32.dll
0x00007ffce4b20000 - 0x00007ffce4bcd000 	C:\Windows\System32\SHCORE.dll
0x00007ffce5b30000 - 0x00007ffce5b85000 	C:\Windows\System32\shlwapi.dll
0x00007ffce3290000 - 0x00007ffce32b4000 	C:\Windows\SYSTEM32\profapi.dll
0x00007ffc9e670000 - 0x00007ffc9e688000 	C:\Program Files\Java\jdk-20\bin\zip.dll
0x00007ffc9e6b0000 - 0x00007ffc9e6c3000 	C:\Program Files\Java\jdk-20\bin\net.dll
0x00007ffcda5f0000 - 0x00007ffcda6fa000 	C:\Windows\SYSTEM32\WINHTTP.dll
0x00007ffce2ae0000 - 0x00007ffce2b4a000 	C:\Windows\system32\mswsock.dll
0x00007ffc9e690000 - 0x00007ffc9e6a6000 	C:\Program Files\Java\jdk-20\bin\nio.dll
0x00007ffcc5830000 - 0x00007ffcc584a000 	C:\Program Files\JetBrains\IntelliJ IDEA 2023.1.4\bin\breakgen64.dll
0x00007ffc9f050000 - 0x00007ffc9f057000 	C:\Program Files\Java\jdk-20\bin\extnet.dll
0x00007ffcc4230000 - 0x00007ffcc4240000 	C:\Program Files\Java\jdk-20\bin\verify.dll
0x00007ffce2cd0000 - 0x00007ffce2ce8000 	C:\Windows\SYSTEM32\CRYPTSP.dll
0x00007ffce2390000 - 0x00007ffce23c4000 	C:\Windows\system32\rsaenh.dll
0x00007ffce3200000 - 0x00007ffce322e000 	C:\Windows\SYSTEM32\USERENV.dll
0x00007ffce2cf0000 - 0x00007ffce2cfc000 	C:\Windows\SYSTEM32\CRYPTBASE.dll
0x00007ffce2770000 - 0x00007ffce27ab000 	C:\Windows\SYSTEM32\IPHLPAPI.DLL
0x00007ffce5110000 - 0x00007ffce5118000 	C:\Windows\System32\NSI.dll
0x00007ffcd9520000 - 0x00007ffcd9537000 	C:\Windows\SYSTEM32\dhcpcsvc6.DLL
0x00007ffcd9500000 - 0x00007ffcd951d000 	C:\Windows\SYSTEM32\dhcpcsvc.DLL
0x00007ffce27b0000 - 0x00007ffce287b000 	C:\Windows\SYSTEM32\DNSAPI.dll
0x00007ffcca8e0000 - 0x00007ffcca8ea000 	C:\Users\Mahmoud Ghania\AppData\Local\Temp\jansi-1.17.1-8417672799538301096.dll
0x00007ffce24d0000 - 0x00007ffce2503000 	C:\Windows\SYSTEM32\ntmarta.dll

dbghelp: loaded successfully - version: 4.0.5 - missing functions: none
symbol engine: initialized successfully - sym options: 0x614 - pdb path: .;C:\Program Files\Java\jdk-20\bin;C:\Windows\SYSTEM32;C:\Windows\WinSxS\amd64_microsoft.windows.common-controls_6595b64144ccf1df_6.0.19041.4355_none_60b8b9eb71f62e16;C:\Program Files\Java\jdk-20\bin\server;C:\Program Files\JetBrains\IntelliJ IDEA 2023.1.4\bin;C:\Users\Mahmoud Ghania\AppData\Local\Temp

VM Arguments:
jvm_args: -Dmaven.multiModuleProjectDirectory=E:\University\E-Pharmacy -Djansi.passthrough=true -Dmaven.home=C:\Program Files\JetBrains\IntelliJ IDEA 2023.1.4\plugins\maven\lib\maven3 -Dclassworlds.conf=C:\Program Files\JetBrains\IntelliJ IDEA 2023.1.4\plugins\maven\lib\maven3\bin\m2.conf -Dmaven.ext.class.path=C:\Program Files\JetBrains\IntelliJ IDEA 2023.1.4\plugins\maven\lib\maven-event-listener.jar -javaagent:C:\Program Files\JetBrains\IntelliJ IDEA 2023.1.4\lib\idea_rt.jar=63507:C:\Program Files\JetBrains\IntelliJ IDEA 2023.1.4\bin -Dfile.encoding=UTF-8 -Dsun.stdout.encoding=UTF-8 -Dsun.stderr.encoding=UTF-8 
java_command: org.codehaus.classworlds.Launcher -Didea.version=2023.1.4 install
java_class_path (initial): C:\Program Files\JetBrains\IntelliJ IDEA 2023.1.4\plugins\maven\lib\maven3\boot\plexus-classworlds-2.6.0.jar;C:\Program Files\JetBrains\IntelliJ IDEA 2023.1.4\plugins\maven\lib\maven3\boot\plexus-classworlds.license
Launcher Type: SUN_STANDARD

[Global flags]
     intx CICompilerCount                          = 12                                        {product} {ergonomic}
     uint ConcGCThreads                            = 3                                         {product} {ergonomic}
     uint G1ConcRefinementThreads                  = 13                                        {product} {ergonomic}
   size_t G1HeapRegionSize                         = 2097152                                   {product} {ergonomic}
    uintx GCDrainStackTargetSize                   = 64                                        {product} {ergonomic}
   size_t InitialHeapSize                          = 264241152                                 {product} {ergonomic}
   size_t MarkStackSize                            = 4194304                                   {product} {ergonomic}
   size_t MaxHeapSize                              = 4225761280                                {product} {ergonomic}
   size_t MaxNewSize                               = 2535456768                                {product} {ergonomic}
   size_t MinHeapDeltaBytes                        = 2097152                                   {product} {ergonomic}
   size_t MinHeapSize                              = 8388608                                   {product} {ergonomic}
    uintx NonNMethodCodeHeapSize                   = 7602480                                {pd product} {ergonomic}
    uintx NonProfiledCodeHeapSize                  = 122027880                              {pd product} {ergonomic}
    uintx ProfiledCodeHeapSize                     = 122027880                              {pd product} {ergonomic}
    uintx ReservedCodeCacheSize                    = 251658240                              {pd product} {ergonomic}
     bool SegmentedCodeCache                       = true                                      {product} {ergonomic}
   size_t SoftMaxHeapSize                          = 4225761280                             {manageable} {ergonomic}
     bool UseCompressedClassPointers               = true                           {product lp64_product} {ergonomic}
     bool UseCompressedOops                        = true                           {product lp64_product} {ergonomic}
     bool UseG1GC                                  = true                                      {product} {ergonomic}
     bool UseLargePagesIndividualAllocation        = false                                  {pd product} {ergonomic}

Logging:
Log output configuration:
 #0: stdout all=warning uptime,level,tags foldmultilines=false
 #1: stderr all=off uptime,level,tags foldmultilines=false

Environment Variables:
JAVA_HOME=C:\Program Files\Java\jdk-20
PATH=C:\Program Files\Common Files\Oracle\Java\javapath;C:\oraclexe\app\oracle\product\11.2.0\server\bin;C:\Program Files (x86)\Common Files\Oracle\Java\javapath;C:\Windows\system32;C:\Windows;C:\Windows\System32\Wbem;C:\Windows\System32\WindowsPowerShell\v1.0\;C:\Windows\System32\OpenSSH\;C:\Program Files (x86)\NVIDIA Corporation\PhysX\Common;C:\Program Files\NVIDIA Corporation\NVIDIA NvDLISR;C:\Program Files\dotnet\;C:\Program Files\Microsoft SQL Server\Client SDK\ODBC\110\Tools\Binn\;C:\Program Files (x86)\Microsoft SQL Server\120\Tools\Binn\;C:\Program Files\Microsoft SQL Server\120\Tools\Binn\;C:\Program Files\Microsoft SQL Server\120\DTS\Binn\;C:\Program Files (x86)\Microsoft SQL Server\120\Tools\Binn\ManagementStudio\;C:\Program Files (x86)\Microsoft SQL Server\120\DTS\Binn\;C:\Users\MAHMOU~1\AppData\Local\Pub\Cache\bin;C:\Program Files (x86)\Microsoft SQL Server\160\Tools\Binn\;C:\Program Files\Microsoft SQL Server\160\Tools\Binn\;C:\Program Files\Microsoft SQL Server\Client SDK\ODBC\170\Tools\Binn\;C:\Program Files\Microsoft SQL Server\160\DTS\Binn\;C:\Program Files\Microsoft SQL Server\150\Tools\Binn\;C:\Program Files\Java\jdk-20\bin;C:\Program Files\Git\cmd;C:\Program Files (x86)\Touch Portal\plugins\adb\platform-tools;C:\Program Files\nodejs\;C:\Program Files\Docker\Docker\resources\bin;C:\Program Files\MySQL\MySQL Server 8.0\bin;C:\Program Files\MySQL\MySQL Shell 8.0\bin\;C:\Users\Mahmoud Ghania\AppData\Local\Programs\Python\Python311\Scripts\;C:\Users\Mahmoud Ghania\AppData\Local\Programs\Python\Python311\;C:\Users\Mahmoud Ghania\AppData\Local\Microsoft\WindowsApps;C:\Users\Mahmoud Ghania\AppData\Local\Pub\Cache\bin;C:\Users\Mahmoud Ghania\AppData\Local\Pub\Cache\bin;C:\Program Files\Java\jre1.8.0_351\bin;E:\Flutter\SDKS\dart-sdk\bin;E:\Flutter\SDKS\flutter\bin;C:\Program Files\JetBrains\IntelliJ IDEA 2023.1.4\bin;;C:\Users\Mahmoud Ghania\AppData\Roaming\npm;C:\Users\Mahmoud Ghania\AppData\Local\Programs\Microsoft VS Code\bin;C:\src\ffmpeg\bin;C:\Users\Mahmoud Ghania\AppData\Local\Packages\PythonSoftwareFoundation.Python.3.12_qbz5n2kfra8p0\LocalCache\local-packages\Python312\Scripts;
USERNAME=Mahmoud Ghania
OS=Windows_NT
PROCESSOR_IDENTIFIER=Intel64 Family 6 Model 141 Stepping 1, GenuineIntel
TMP=C:\Users\MAHMOU~1\AppData\Local\Temp
TEMP=C:\Users\MAHMOU~1\AppData\Local\Temp




---------------  S Y S T E M  ---------------

OS:
 Windows 10 , 64 bit Build 19041 (10.0.19041.3636)
OS uptime: 0 days 13:59 hours

CPU: total 16 (initial active 16) (8 cores per cpu, 2 threads per core) family 6 model 141 stepping 1 microcode 0x4e, cx8, cmov, fxsr, ht, mmx, 3dnowpref, sse, sse2, sse3, ssse3, sse4.1, sse4.2, popcnt, lzcnt, tsc, tscinvbit, avx, avx2, aes, erms, clmul, bmi1, bmi2, adx, avx512f, avx512dq, avx512cd, avx512bw, avx512vl, sha, fma, vzeroupper, avx512_vpopcntdq, avx512_vpclmulqdq, avx512_vaes, avx512_vnni, clflush, clflushopt, clwb, avx512_vbmi2, avx512_vbmi, rdtscp, rdpid, fsrm, gfni, avx512_bitalg, f16c, pku, cet_ibt, cet_ss, avx512_ifma

Memory: 4k page, system-wide physical 16114M (1627M free)
TotalPageFile size 34932M (AvailPageFile size 6M)
current process WorkingSet (physical memory assigned to process): 402M, peak: 405M
current process commit charge ("private bytes"): 450M, peak: 468M

vm_info: Java HotSpot(TM) 64-Bit Server VM (20.0.1+9-29) for windows-amd64 JRE (20.0.1+9-29), built on 2023-03-07T13:56:11Z by "mach5one" with MS VC++ 17.1 (VS2022)

END.
