#
# There is insufficient memory for the Java Runtime Environment to continue.
# Native memory allocation (malloc) failed to allocate 2160416 bytes for Chunk::new
# Possible reasons:
#   The system is out of physical RAM or swap space
#   The process is running with CompressedOops enabled, and the Java Heap may be blocking the growth of the native heap
# Possible solutions:
#   Reduce memory load on the system
#   Increase physical memory or swap space
#   Check if swap backing store is full
#   Decrease Java heap size (-Xmx/-Xms)
#   Decrease number of Java threads
#   Decrease Java thread stack sizes (-Xss)
#   Set larger code cache with -XX:ReservedCodeCacheSize=
#   JVM is running with Zero Based Compressed Oops mode in which the Java heap is
#     placed in the first 32GB address space. The Java Heap base address is the
#     maximum limit for the native heap growth. Please use -XX:HeapBaseMinAddress
#     to set the Java Heap base and to place the Java Heap above 32GB virtual address.
# This output file may be truncated or incomplete.
#
#  Out of Memory Error (arena.cpp:184), pid=22728, tid=19568
#
# JRE version: Java(TM) SE Runtime Environment (20.0.1+9) (build 20.0.1+9-29)
# Java VM: Java HotSpot(TM) 64-Bit Server VM (20.0.1+9-29, mixed mode, sharing, tiered, compressed oops, compressed class ptrs, g1 gc, windows-amd64)
# No core dump will be written. Minidumps are not enabled by default on client versions of Windows
#

---------------  S U M M A R Y ------------

Command Line: -Dmaven.multiModuleProjectDirectory=E:\University\E-Pharmacy -Djansi.passthrough=true -Dmaven.home=C:\Program Files\JetBrains\IntelliJ IDEA 2023.1.4\plugins\maven\lib\maven3 -Dclassworlds.conf=C:\Program Files\JetBrains\IntelliJ IDEA 2023.1.4\plugins\maven\lib\maven3\bin\m2.conf -Dmaven.ext.class.path=C:\Program Files\JetBrains\IntelliJ IDEA 2023.1.4\plugins\maven\lib\maven-event-listener.jar -javaagent:C:\Program Files\JetBrains\IntelliJ IDEA 2023.1.4\lib\idea_rt.jar=63482:C:\Program Files\JetBrains\IntelliJ IDEA 2023.1.4\bin -Dfile.encoding=UTF-8 -Dsun.stdout.encoding=UTF-8 -Dsun.stderr.encoding=UTF-8 org.codehaus.classworlds.Launcher -Didea.version=2023.1.4 install

Host: 11th Gen Intel(R) Core(TM) i7-11800H @ 2.30GHz, 16 cores, 15G,  Windows 10 , 64 bit Build 19041 (10.0.19041.3636)
Time: Thu Jun  6 03:02:35 2024 Egypt Daylight Time elapsed time: 2.530169 seconds (0d 0h 0m 2s)

---------------  T H R E A D  ---------------

Current thread (0x000001d0d84c3150):  JavaThread "C2 CompilerThread5" daemon [_thread_in_native, id=19568, stack(0x000000666dc00000,0x000000666dd00000)]


Current CompileTask:
C2:   2530 4767       4       org.apache.maven.model.inheritance.DefaultInheritanceAssembler$InheritanceModelMerger::mergePluginContainer_Plugins (430 bytes)

Stack: [0x000000666dc00000,0x000000666dd00000]
Native frames: (J=compiled Java code, j=interpreted, Vv=VM code, C=native code)
V  [jvm.dll+0x6bb95a]
V  [jvm.dll+0x8485fa]
V  [jvm.dll+0x84a1f5]
V  [jvm.dll+0x84a8f3]
V  [jvm.dll+0x280b0f]
V  [jvm.dll+0xc2b11]
V  [jvm.dll+0xc2e35]
V  [jvm.dll+0x3bb17c]
V  [jvm.dll+0x3857f5]
V  [jvm.dll+0x384c6a]
V  [jvm.dll+0x24b259]
V  [jvm.dll+0x24a651]
V  [jvm.dll+0x1ce491]
V  [jvm.dll+0x259e1b]
V  [jvm.dll+0x2584f0]
V  [jvm.dll+0x3f2895]
V  [jvm.dll+0x7f4b56]
V  [jvm.dll+0x6ba5cb]
C  [ucrtbase.dll+0x21bb2]
C  [KERNEL32.DLL+0x17344]
C  [ntdll.dll+0x526b1]


---------------  P R O C E S S  ---------------

Threads class SMR info:
_java_thread_list=0x000001d0d98faa50, length=26, elements={
0x000001d0b32390b0, 0x000001d0d26fd9a0, 0x000001d0d26fe940, 0x000001d0d7405100,
0x000001d0d7408bc0, 0x000001d0d740bcf0, 0x000001d0d7409500, 0x000001d0d740a170,
0x000001d0d740f580, 0x000001d0d26c7fd0, 0x000001d0d7530990, 0x000001d0d7539690,
0x000001d0d763ef80, 0x000001d0d763f4d0, 0x000001d0d799fa20, 0x000001d0d7a6a610,
0x000001d0d7f47030, 0x000001d0d84c0620, 0x000001d0d84c2bc0, 0x000001d0d84c3150,
0x000001d0d9467ed0, 0x000001d0d9467430, 0x000001d0d9468420, 0x000001d0d9467980,
0x000001d0d9468970, 0x000001d0d9469410
}

Java Threads: ( => current thread )
  0x000001d0b32390b0 JavaThread "main" [_thread_in_native, id=26360, stack(0x000000666c200000,0x000000666c300000)]
  0x000001d0d26fd9a0 JavaThread "Reference Handler" daemon [_thread_blocked, id=21352, stack(0x000000666c900000,0x000000666ca00000)]
  0x000001d0d26fe940 JavaThread "Finalizer" daemon [_thread_blocked, id=16700, stack(0x000000666ca00000,0x000000666cb00000)]
  0x000001d0d7405100 JavaThread "Signal Dispatcher" daemon [_thread_blocked, id=7956, stack(0x000000666cb00000,0x000000666cc00000)]
  0x000001d0d7408bc0 JavaThread "Attach Listener" daemon [_thread_blocked, id=27704, stack(0x000000666cc00000,0x000000666cd00000)]
  0x000001d0d740bcf0 JavaThread "Service Thread" daemon [_thread_blocked, id=29792, stack(0x000000666cd00000,0x000000666ce00000)]
  0x000001d0d7409500 JavaThread "Monitor Deflation Thread" daemon [_thread_blocked, id=28708, stack(0x000000666ce00000,0x000000666cf00000)]
  0x000001d0d740a170 JavaThread "C2 CompilerThread0" daemon [_thread_blocked, id=25588, stack(0x000000666cf00000,0x000000666d000000)]
  0x000001d0d740f580 JavaThread "C1 CompilerThread0" daemon [_thread_blocked, id=16048, stack(0x000000666d000000,0x000000666d100000)]
  0x000001d0d26c7fd0 JavaThread "Common-Cleaner" daemon [_thread_blocked, id=33304, stack(0x000000666d100000,0x000000666d200000)]
  0x000001d0d7530990 JavaThread "C1 CompilerThread1" daemon [_thread_blocked, id=7776, stack(0x000000666d200000,0x000000666d300000)]
  0x000001d0d7539690 JavaThread "C1 CompilerThread2" daemon [_thread_blocked, id=24856, stack(0x000000666d300000,0x000000666d400000)]
  0x000001d0d763ef80 JavaThread "Monitor Ctrl-Break" daemon [_thread_in_native, id=10944, stack(0x000000666d400000,0x000000666d500000)]
  0x000001d0d763f4d0 JavaThread "Notification Thread" daemon [_thread_blocked, id=29596, stack(0x000000666d500000,0x000000666d600000)]
  0x000001d0d799fa20 JavaThread "C2 CompilerThread1" daemon [_thread_blocked, id=32688, stack(0x000000666d700000,0x000000666d800000)]
  0x000001d0d7a6a610 JavaThread "C1 CompilerThread3" daemon [_thread_blocked, id=15596, stack(0x000000666d800000,0x000000666d900000)]
  0x000001d0d7f47030 JavaThread "C2 CompilerThread2" daemon [_thread_blocked, id=27332, stack(0x000000666d900000,0x000000666da00000)]
  0x000001d0d84c0620 JavaThread "C2 CompilerThread3" daemon [_thread_blocked, id=16840, stack(0x000000666da00000,0x000000666db00000)]
  0x000001d0d84c2bc0 JavaThread "C2 CompilerThread4" daemon [_thread_blocked, id=19332, stack(0x000000666db00000,0x000000666dc00000)]
=>0x000001d0d84c3150 JavaThread "C2 CompilerThread5" daemon [_thread_in_native, id=19568, stack(0x000000666dc00000,0x000000666dd00000)]
  0x000001d0d9467ed0 JavaThread "timeout-check-timer" daemon [_thread_blocked, id=3872, stack(0x000000666e800000,0x000000666e900000)]
  0x000001d0d9467430 JavaThread "ping-timer-10s" daemon [_thread_blocked, id=32864, stack(0x000000666e900000,0x000000666ea00000)]
  0x000001d0d9468420 JavaThread "ThreadedStreamConsumer" daemon [_thread_blocked, id=26648, stack(0x000000666eb00000,0x000000666ec00000)]
  0x000001d0d9467980 JavaThread "fork-1-err-thread" daemon [_thread_in_native, id=21204, stack(0x000000666ec00000,0x000000666ed00000)]
  0x000001d0d9468970 JavaThread "commands-fork-1" daemon [_thread_blocked, id=31616, stack(0x000000666ed00000,0x000000666ee00000)]
  0x000001d0d9469410 JavaThread "fork-1-event-thread" daemon [_thread_in_native, id=24512, stack(0x000000666ee00000,0x000000666ef00000)]

Other Threads:
  0x000001d0d26df6f0 VMThread "VM Thread" [stack: 0x000000666c800000,0x000000666c900000] [id=6380]
  0x000001d0d7640b30 WatcherThread "VM Periodic Task Thread" [stack: 0x000000666d600000,0x000000666d700000] [id=18660]
  0x000001d0b32a7970 WorkerThread "GC Thread#0" [stack: 0x000000666c300000,0x000000666c400000] [id=18736]
  0x000001d0d7890170 WorkerThread "GC Thread#1" [stack: 0x000000666df00000,0x000000666e000000] [id=17936]
  0x000001d0d7890440 WorkerThread "GC Thread#2" [stack: 0x000000666e000000,0x000000666e100000] [id=8608]
  0x000001d0d7890710 WorkerThread "GC Thread#3" [stack: 0x000000666e100000,0x000000666e200000] [id=20548]
  0x000001d0d78909e0 WorkerThread "GC Thread#4" [stack: 0x000000666e200000,0x000000666e300000] [id=28808]
  0x000001d0d7891520 WorkerThread "GC Thread#5" [stack: 0x000000666e300000,0x000000666e400000] [id=15724]
  0x000001d0d7891ac0 WorkerThread "GC Thread#6" [stack: 0x000000666e400000,0x000000666e500000] [id=24492]
  0x000001d0d8f53f50 WorkerThread "GC Thread#7" [stack: 0x000000666e500000,0x000000666e600000] [id=13940]
  0x000001d0d8f544f0 WorkerThread "GC Thread#8" [stack: 0x000000666e600000,0x000000666e700000] [id=6920]
  0x000001d0d8f52ba0 WorkerThread "GC Thread#9" [stack: 0x000000666dd00000,0x000000666de00000] [id=29200]
  0x000001d0d8f539b0 WorkerThread "GC Thread#10" [stack: 0x000000666de00000,0x000000666df00000] [id=7692]
  0x000001d0d8f52330 WorkerThread "GC Thread#11" [stack: 0x000000666e700000,0x000000666e800000] [id=32912]
  0x000001d0d8f51250 WorkerThread "GC Thread#12" [stack: 0x000000666ea00000,0x000000666eb00000] [id=23868]
  0x000001d0b32f6010 ConcurrentGCThread "G1 Main Marker" [stack: 0x000000666c400000,0x000000666c500000] [id=27104]
  0x000001d0b32f70f0 WorkerThread "G1 Conc#0" [stack: 0x000000666c500000,0x000000666c600000] [id=33044]
  0x000001d0d259e2d0 ConcurrentGCThread "G1 Refine#0" [stack: 0x000000666c600000,0x000000666c700000] [id=26792]
  0x000001d0d259ec80 ConcurrentGCThread "G1 Service" [stack: 0x000000666c700000,0x000000666c800000] [id=25696]

Threads with active compile tasks:
C2 CompilerThread5     2542 4767       4       org.apache.maven.model.inheritance.DefaultInheritanceAssembler$InheritanceModelMerger::mergePluginContainer_Plugins (430 bytes)

VM state: not at safepoint (normal execution)

VM Mutex/Monitor currently owned by a thread: None

Heap address: 0x0000000704200000, size: 4030 MB, Compressed Oops mode: Zero based, Oop shift amount: 3

CDS archive(s) mapped at: [0x0000000800000000-0x0000000800c60000-0x0000000800c60000), size 12976128, SharedBaseAddress: 0x0000000800000000, ArchiveRelocationMode: 0.
Compressed class space mapped at: 0x0000000801000000-0x0000000841000000, reserved size: 1073741824
Narrow klass base: 0x0000000800000000, Narrow klass shift: 0, Narrow klass range: 0x100000000

GC Precious Log:
 CardTable entry size: 512
 Card Set container configuration: InlinePtr #cards 4 size 8 Array Of Cards #cards 16 size 48 Howl #buckets 8 coarsen threshold 3686 Howl Bitmap #cards 512 size 80 coarsen threshold 460 Card regions per heap region 1 cards per card region 4096
 CPUs: 16 total, 16 available
 Memory: 16114M
 Large Page Support: Disabled
 NUMA Support: Disabled
 Compressed Oops: Enabled (Zero based)
 Heap Region Size: 2M
 Heap Min Capacity: 8M
 Heap Initial Capacity: 252M
 Heap Max Capacity: 4030M
 Pre-touch: Disabled
 Parallel Workers: 13
 Concurrent Workers: 3
 Concurrent Refinement Workers: 13
 Periodic GC: Disabled

Heap:
 garbage-first heap   total 258048K, used 21897K [0x0000000704200000, 0x0000000800000000)
  region size 2048K, 10 young (20480K), 7 survivors (14336K)
 Metaspace       used 19218K, committed 19584K, reserved 1114112K
  class space    used 2011K, committed 2176K, reserved 1048576K

Heap Regions: E=young(eden), S=young(survivor), O=old, HS=humongous(starts), HC=humongous(continues), CS=collection set, F=free, OA=open archive, CA=closed archive, TAMS=top-at-mark-start, PB=parsable bottom
|   0|0x0000000704200000, 0x0000000704400000, 0x0000000704400000|100%| O|  |TAMS 0x0000000704200000| PB 0x0000000704200000| Untracked 
|   1|0x0000000704400000, 0x00000007045ab200, 0x0000000704600000| 83%| O|  |TAMS 0x0000000704400000| PB 0x0000000704400000| Untracked 
|   2|0x0000000704600000, 0x0000000704600000, 0x0000000704800000|  0%| F|  |TAMS 0x0000000704600000| PB 0x0000000704600000| Untracked 
|   3|0x0000000704800000, 0x0000000704800000, 0x0000000704a00000|  0%| F|  |TAMS 0x0000000704800000| PB 0x0000000704800000| Untracked 
|   4|0x0000000704a00000, 0x0000000704a00000, 0x0000000704c00000|  0%| F|  |TAMS 0x0000000704a00000| PB 0x0000000704a00000| Untracked 
|   5|0x0000000704c00000, 0x0000000704c00000, 0x0000000704e00000|  0%| F|  |TAMS 0x0000000704c00000| PB 0x0000000704c00000| Untracked 
|   6|0x0000000704e00000, 0x0000000704e00000, 0x0000000705000000|  0%| F|  |TAMS 0x0000000704e00000| PB 0x0000000704e00000| Untracked 
|   7|0x0000000705000000, 0x0000000705000000, 0x0000000705200000|  0%| F|  |TAMS 0x0000000705000000| PB 0x0000000705000000| Untracked 
|   8|0x0000000705200000, 0x0000000705200000, 0x0000000705400000|  0%| F|  |TAMS 0x0000000705200000| PB 0x0000000705200000| Untracked 
|   9|0x0000000705400000, 0x0000000705400000, 0x0000000705600000|  0%| F|  |TAMS 0x0000000705400000| PB 0x0000000705400000| Untracked 
|  10|0x0000000705600000, 0x0000000705600000, 0x0000000705800000|  0%| F|  |TAMS 0x0000000705600000| PB 0x0000000705600000| Untracked 
|  11|0x0000000705800000, 0x0000000705800000, 0x0000000705a00000|  0%| F|  |TAMS 0x0000000705800000| PB 0x0000000705800000| Untracked 
|  12|0x0000000705a00000, 0x0000000705a00000, 0x0000000705c00000|  0%| F|  |TAMS 0x0000000705a00000| PB 0x0000000705a00000| Untracked 
|  13|0x0000000705c00000, 0x0000000705c00000, 0x0000000705e00000|  0%| F|  |TAMS 0x0000000705c00000| PB 0x0000000705c00000| Untracked 
|  14|0x0000000705e00000, 0x0000000705e00000, 0x0000000706000000|  0%| F|  |TAMS 0x0000000705e00000| PB 0x0000000705e00000| Untracked 
|  15|0x0000000706000000, 0x0000000706000000, 0x0000000706200000|  0%| F|  |TAMS 0x0000000706000000| PB 0x0000000706000000| Untracked 
|  16|0x0000000706200000, 0x0000000706200000, 0x0000000706400000|  0%| F|  |TAMS 0x0000000706200000| PB 0x0000000706200000| Untracked 
|  17|0x0000000706400000, 0x0000000706400000, 0x0000000706600000|  0%| F|  |TAMS 0x0000000706400000| PB 0x0000000706400000| Untracked 
|  18|0x0000000706600000, 0x0000000706600000, 0x0000000706800000|  0%| F|  |TAMS 0x0000000706600000| PB 0x0000000706600000| Untracked 
|  19|0x0000000706800000, 0x0000000706800000, 0x0000000706a00000|  0%| F|  |TAMS 0x0000000706800000| PB 0x0000000706800000| Untracked 
|  20|0x0000000706a00000, 0x0000000706a00000, 0x0000000706c00000|  0%| F|  |TAMS 0x0000000706a00000| PB 0x0000000706a00000| Untracked 
|  21|0x0000000706c00000, 0x0000000706c00000, 0x0000000706e00000|  0%| F|  |TAMS 0x0000000706c00000| PB 0x0000000706c00000| Untracked 
|  22|0x0000000706e00000, 0x0000000706e00000, 0x0000000707000000|  0%| F|  |TAMS 0x0000000706e00000| PB 0x0000000706e00000| Untracked 
|  23|0x0000000707000000, 0x0000000707000000, 0x0000000707200000|  0%| F|  |TAMS 0x0000000707000000| PB 0x0000000707000000| Untracked 
|  24|0x0000000707200000, 0x0000000707200000, 0x0000000707400000|  0%| F|  |TAMS 0x0000000707200000| PB 0x0000000707200000| Untracked 
|  25|0x0000000707400000, 0x0000000707400000, 0x0000000707600000|  0%| F|  |TAMS 0x0000000707400000| PB 0x0000000707400000| Untracked 
|  26|0x0000000707600000, 0x0000000707600000, 0x0000000707800000|  0%| F|  |TAMS 0x0000000707600000| PB 0x0000000707600000| Untracked 
|  27|0x0000000707800000, 0x0000000707800000, 0x0000000707a00000|  0%| F|  |TAMS 0x0000000707800000| PB 0x0000000707800000| Untracked 
|  28|0x0000000707a00000, 0x0000000707a00000, 0x0000000707c00000|  0%| F|  |TAMS 0x0000000707a00000| PB 0x0000000707a00000| Untracked 
|  29|0x0000000707c00000, 0x0000000707c00000, 0x0000000707e00000|  0%| F|  |TAMS 0x0000000707c00000| PB 0x0000000707c00000| Untracked 
|  30|0x0000000707e00000, 0x0000000707e00000, 0x0000000708000000|  0%| F|  |TAMS 0x0000000707e00000| PB 0x0000000707e00000| Untracked 
|  31|0x0000000708000000, 0x0000000708000000, 0x0000000708200000|  0%| F|  |TAMS 0x0000000708000000| PB 0x0000000708000000| Untracked 
|  32|0x0000000708200000, 0x0000000708200000, 0x0000000708400000|  0%| F|  |TAMS 0x0000000708200000| PB 0x0000000708200000| Untracked 
|  33|0x0000000708400000, 0x0000000708400000, 0x0000000708600000|  0%| F|  |TAMS 0x0000000708400000| PB 0x0000000708400000| Untracked 
|  34|0x0000000708600000, 0x0000000708600000, 0x0000000708800000|  0%| F|  |TAMS 0x0000000708600000| PB 0x0000000708600000| Untracked 
|  35|0x0000000708800000, 0x0000000708800000, 0x0000000708a00000|  0%| F|  |TAMS 0x0000000708800000| PB 0x0000000708800000| Untracked 
|  36|0x0000000708a00000, 0x0000000708a00000, 0x0000000708c00000|  0%| F|  |TAMS 0x0000000708a00000| PB 0x0000000708a00000| Untracked 
|  37|0x0000000708c00000, 0x0000000708c00000, 0x0000000708e00000|  0%| F|  |TAMS 0x0000000708c00000| PB 0x0000000708c00000| Untracked 
|  38|0x0000000708e00000, 0x0000000708e00000, 0x0000000709000000|  0%| F|  |TAMS 0x0000000708e00000| PB 0x0000000708e00000| Untracked 
|  39|0x0000000709000000, 0x0000000709000000, 0x0000000709200000|  0%| F|  |TAMS 0x0000000709000000| PB 0x0000000709000000| Untracked 
|  40|0x0000000709200000, 0x0000000709200000, 0x0000000709400000|  0%| F|  |TAMS 0x0000000709200000| PB 0x0000000709200000| Untracked 
|  41|0x0000000709400000, 0x0000000709400000, 0x0000000709600000|  0%| F|  |TAMS 0x0000000709400000| PB 0x0000000709400000| Untracked 
|  42|0x0000000709600000, 0x0000000709600000, 0x0000000709800000|  0%| F|  |TAMS 0x0000000709600000| PB 0x0000000709600000| Untracked 
|  43|0x0000000709800000, 0x0000000709800000, 0x0000000709a00000|  0%| F|  |TAMS 0x0000000709800000| PB 0x0000000709800000| Untracked 
|  44|0x0000000709a00000, 0x0000000709bb7380, 0x0000000709c00000| 85%| S|CS|TAMS 0x0000000709a00000| PB 0x0000000709a00000| Complete 
|  45|0x0000000709c00000, 0x0000000709e00000, 0x0000000709e00000|100%| S|CS|TAMS 0x0000000709c00000| PB 0x0000000709c00000| Complete 
|  46|0x0000000709e00000, 0x000000070a000000, 0x000000070a000000|100%| S|CS|TAMS 0x0000000709e00000| PB 0x0000000709e00000| Complete 
|  47|0x000000070a000000, 0x000000070a200000, 0x000000070a200000|100%| S|CS|TAMS 0x000000070a000000| PB 0x000000070a000000| Complete 
|  48|0x000000070a200000, 0x000000070a400000, 0x000000070a400000|100%| S|CS|TAMS 0x000000070a200000| PB 0x000000070a200000| Complete 
|  49|0x000000070a400000, 0x000000070a600000, 0x000000070a600000|100%| S|CS|TAMS 0x000000070a400000| PB 0x000000070a400000| Complete 
|  50|0x000000070a600000, 0x000000070a800000, 0x000000070a800000|100%| S|CS|TAMS 0x000000070a600000| PB 0x000000070a600000| Complete 
|  51|0x000000070a800000, 0x000000070a800000, 0x000000070aa00000|  0%| F|  |TAMS 0x000000070a800000| PB 0x000000070a800000| Untracked 
|  52|0x000000070aa00000, 0x000000070aa00000, 0x000000070ac00000|  0%| F|  |TAMS 0x000000070aa00000| PB 0x000000070aa00000| Untracked 
|  53|0x000000070ac00000, 0x000000070ac00000, 0x000000070ae00000|  0%| F|  |TAMS 0x000000070ac00000| PB 0x000000070ac00000| Untracked 
|  54|0x000000070ae00000, 0x000000070ae00000, 0x000000070b000000|  0%| F|  |TAMS 0x000000070ae00000| PB 0x000000070ae00000| Untracked 
|  55|0x000000070b000000, 0x000000070b000000, 0x000000070b200000|  0%| F|  |TAMS 0x000000070b000000| PB 0x000000070b000000| Untracked 
|  56|0x000000070b200000, 0x000000070b200000, 0x000000070b400000|  0%| F|  |TAMS 0x000000070b200000| PB 0x000000070b200000| Untracked 
|  57|0x000000070b400000, 0x000000070b400000, 0x000000070b600000|  0%| F|  |TAMS 0x000000070b400000| PB 0x000000070b400000| Untracked 
|  58|0x000000070b600000, 0x000000070b600000, 0x000000070b800000|  0%| F|  |TAMS 0x000000070b600000| PB 0x000000070b600000| Untracked 
|  59|0x000000070b800000, 0x000000070b800000, 0x000000070ba00000|  0%| F|  |TAMS 0x000000070b800000| PB 0x000000070b800000| Untracked 
|  60|0x000000070ba00000, 0x000000070ba00000, 0x000000070bc00000|  0%| F|  |TAMS 0x000000070ba00000| PB 0x000000070ba00000| Untracked 
|  61|0x000000070bc00000, 0x000000070bc00000, 0x000000070be00000|  0%| F|  |TAMS 0x000000070bc00000| PB 0x000000070bc00000| Untracked 
|  62|0x000000070be00000, 0x000000070be00000, 0x000000070c000000|  0%| F|  |TAMS 0x000000070be00000| PB 0x000000070be00000| Untracked 
|  63|0x000000070c000000, 0x000000070c000000, 0x000000070c200000|  0%| F|  |TAMS 0x000000070c000000| PB 0x000000070c000000| Untracked 
|  64|0x000000070c200000, 0x000000070c200000, 0x000000070c400000|  0%| F|  |TAMS 0x000000070c200000| PB 0x000000070c200000| Untracked 
|  65|0x000000070c400000, 0x000000070c400000, 0x000000070c600000|  0%| F|  |TAMS 0x000000070c400000| PB 0x000000070c400000| Untracked 
|  66|0x000000070c600000, 0x000000070c600000, 0x000000070c800000|  0%| F|  |TAMS 0x000000070c600000| PB 0x000000070c600000| Untracked 
|  67|0x000000070c800000, 0x000000070c800000, 0x000000070ca00000|  0%| F|  |TAMS 0x000000070c800000| PB 0x000000070c800000| Untracked 
|  68|0x000000070ca00000, 0x000000070ca00000, 0x000000070cc00000|  0%| F|  |TAMS 0x000000070ca00000| PB 0x000000070ca00000| Untracked 
|  69|0x000000070cc00000, 0x000000070cc00000, 0x000000070ce00000|  0%| F|  |TAMS 0x000000070cc00000| PB 0x000000070cc00000| Untracked 
|  70|0x000000070ce00000, 0x000000070ce00000, 0x000000070d000000|  0%| F|  |TAMS 0x000000070ce00000| PB 0x000000070ce00000| Untracked 
|  71|0x000000070d000000, 0x000000070d000000, 0x000000070d200000|  0%| F|  |TAMS 0x000000070d000000| PB 0x000000070d000000| Untracked 
|  72|0x000000070d200000, 0x000000070d200000, 0x000000070d400000|  0%| F|  |TAMS 0x000000070d200000| PB 0x000000070d200000| Untracked 
|  73|0x000000070d400000, 0x000000070d400000, 0x000000070d600000|  0%| F|  |TAMS 0x000000070d400000| PB 0x000000070d400000| Untracked 
|  74|0x000000070d600000, 0x000000070d600000, 0x000000070d800000|  0%| F|  |TAMS 0x000000070d600000| PB 0x000000070d600000| Untracked 
|  75|0x000000070d800000, 0x000000070d800000, 0x000000070da00000|  0%| F|  |TAMS 0x000000070d800000| PB 0x000000070d800000| Untracked 
|  76|0x000000070da00000, 0x000000070da00000, 0x000000070dc00000|  0%| F|  |TAMS 0x000000070da00000| PB 0x000000070da00000| Untracked 
|  77|0x000000070dc00000, 0x000000070dc00000, 0x000000070de00000|  0%| F|  |TAMS 0x000000070dc00000| PB 0x000000070dc00000| Untracked 
|  78|0x000000070de00000, 0x000000070de00000, 0x000000070e000000|  0%| F|  |TAMS 0x000000070de00000| PB 0x000000070de00000| Untracked 
|  79|0x000000070e000000, 0x000000070e000000, 0x000000070e200000|  0%| F|  |TAMS 0x000000070e000000| PB 0x000000070e000000| Untracked 
|  80|0x000000070e200000, 0x000000070e200000, 0x000000070e400000|  0%| F|  |TAMS 0x000000070e200000| PB 0x000000070e200000| Untracked 
|  81|0x000000070e400000, 0x000000070e400000, 0x000000070e600000|  0%| F|  |TAMS 0x000000070e400000| PB 0x000000070e400000| Untracked 
|  82|0x000000070e600000, 0x000000070e600000, 0x000000070e800000|  0%| F|  |TAMS 0x000000070e600000| PB 0x000000070e600000| Untracked 
|  83|0x000000070e800000, 0x000000070e800000, 0x000000070ea00000|  0%| F|  |TAMS 0x000000070e800000| PB 0x000000070e800000| Untracked 
|  84|0x000000070ea00000, 0x000000070ea00000, 0x000000070ec00000|  0%| F|  |TAMS 0x000000070ea00000| PB 0x000000070ea00000| Untracked 
|  85|0x000000070ec00000, 0x000000070ec00000, 0x000000070ee00000|  0%| F|  |TAMS 0x000000070ec00000| PB 0x000000070ec00000| Untracked 
|  86|0x000000070ee00000, 0x000000070ee00000, 0x000000070f000000|  0%| F|  |TAMS 0x000000070ee00000| PB 0x000000070ee00000| Untracked 
|  87|0x000000070f000000, 0x000000070f000000, 0x000000070f200000|  0%| F|  |TAMS 0x000000070f000000| PB 0x000000070f000000| Untracked 
|  88|0x000000070f200000, 0x000000070f200000, 0x000000070f400000|  0%| F|  |TAMS 0x000000070f200000| PB 0x000000070f200000| Untracked 
|  89|0x000000070f400000, 0x000000070f400000, 0x000000070f600000|  0%| F|  |TAMS 0x000000070f400000| PB 0x000000070f400000| Untracked 
|  90|0x000000070f600000, 0x000000070f600000, 0x000000070f800000|  0%| F|  |TAMS 0x000000070f600000| PB 0x000000070f600000| Untracked 
|  91|0x000000070f800000, 0x000000070f800000, 0x000000070fa00000|  0%| F|  |TAMS 0x000000070f800000| PB 0x000000070f800000| Untracked 
|  92|0x000000070fa00000, 0x000000070fa00000, 0x000000070fc00000|  0%| F|  |TAMS 0x000000070fa00000| PB 0x000000070fa00000| Untracked 
|  93|0x000000070fc00000, 0x000000070fc00000, 0x000000070fe00000|  0%| F|  |TAMS 0x000000070fc00000| PB 0x000000070fc00000| Untracked 
|  94|0x000000070fe00000, 0x000000070fe00000, 0x0000000710000000|  0%| F|  |TAMS 0x000000070fe00000| PB 0x000000070fe00000| Untracked 
|  95|0x0000000710000000, 0x0000000710000000, 0x0000000710200000|  0%| F|  |TAMS 0x0000000710000000| PB 0x0000000710000000| Untracked 
|  96|0x0000000710200000, 0x0000000710200000, 0x0000000710400000|  0%| F|  |TAMS 0x0000000710200000| PB 0x0000000710200000| Untracked 
|  97|0x0000000710400000, 0x0000000710400000, 0x0000000710600000|  0%| F|  |TAMS 0x0000000710400000| PB 0x0000000710400000| Untracked 
|  98|0x0000000710600000, 0x0000000710600000, 0x0000000710800000|  0%| F|  |TAMS 0x0000000710600000| PB 0x0000000710600000| Untracked 
|  99|0x0000000710800000, 0x0000000710800000, 0x0000000710a00000|  0%| F|  |TAMS 0x0000000710800000| PB 0x0000000710800000| Untracked 
| 100|0x0000000710a00000, 0x0000000710a00000, 0x0000000710c00000|  0%| F|  |TAMS 0x0000000710a00000| PB 0x0000000710a00000| Untracked 
| 101|0x0000000710c00000, 0x0000000710c00000, 0x0000000710e00000|  0%| F|  |TAMS 0x0000000710c00000| PB 0x0000000710c00000| Untracked 
| 102|0x0000000710e00000, 0x0000000710e00000, 0x0000000711000000|  0%| F|  |TAMS 0x0000000710e00000| PB 0x0000000710e00000| Untracked 
| 103|0x0000000711000000, 0x0000000711000000, 0x0000000711200000|  0%| F|  |TAMS 0x0000000711000000| PB 0x0000000711000000| Untracked 
| 104|0x0000000711200000, 0x0000000711200000, 0x0000000711400000|  0%| F|  |TAMS 0x0000000711200000| PB 0x0000000711200000| Untracked 
| 105|0x0000000711400000, 0x0000000711400000, 0x0000000711600000|  0%| F|  |TAMS 0x0000000711400000| PB 0x0000000711400000| Untracked 
| 106|0x0000000711600000, 0x0000000711600000, 0x0000000711800000|  0%| F|  |TAMS 0x0000000711600000| PB 0x0000000711600000| Untracked 
| 107|0x0000000711800000, 0x0000000711800000, 0x0000000711a00000|  0%| F|  |TAMS 0x0000000711800000| PB 0x0000000711800000| Untracked 
| 108|0x0000000711a00000, 0x0000000711a00000, 0x0000000711c00000|  0%| F|  |TAMS 0x0000000711a00000| PB 0x0000000711a00000| Untracked 
| 109|0x0000000711c00000, 0x0000000711c00000, 0x0000000711e00000|  0%| F|  |TAMS 0x0000000711c00000| PB 0x0000000711c00000| Untracked 
| 110|0x0000000711e00000, 0x0000000711e00000, 0x0000000712000000|  0%| F|  |TAMS 0x0000000711e00000| PB 0x0000000711e00000| Untracked 
| 111|0x0000000712000000, 0x0000000712000000, 0x0000000712200000|  0%| F|  |TAMS 0x0000000712000000| PB 0x0000000712000000| Untracked 
| 112|0x0000000712200000, 0x0000000712200000, 0x0000000712400000|  0%| F|  |TAMS 0x0000000712200000| PB 0x0000000712200000| Untracked 
| 113|0x0000000712400000, 0x0000000712400000, 0x0000000712600000|  0%| F|  |TAMS 0x0000000712400000| PB 0x0000000712400000| Untracked 
| 114|0x0000000712600000, 0x0000000712600000, 0x0000000712800000|  0%| F|  |TAMS 0x0000000712600000| PB 0x0000000712600000| Untracked 
| 115|0x0000000712800000, 0x0000000712800000, 0x0000000712a00000|  0%| F|  |TAMS 0x0000000712800000| PB 0x0000000712800000| Untracked 
| 116|0x0000000712a00000, 0x0000000712a00000, 0x0000000712c00000|  0%| F|  |TAMS 0x0000000712a00000| PB 0x0000000712a00000| Untracked 
| 117|0x0000000712c00000, 0x0000000712c00000, 0x0000000712e00000|  0%| F|  |TAMS 0x0000000712c00000| PB 0x0000000712c00000| Untracked 
| 118|0x0000000712e00000, 0x0000000712e00000, 0x0000000713000000|  0%| F|  |TAMS 0x0000000712e00000| PB 0x0000000712e00000| Untracked 
| 119|0x0000000713000000, 0x0000000713000000, 0x0000000713200000|  0%| F|  |TAMS 0x0000000713000000| PB 0x0000000713000000| Untracked 
| 120|0x0000000713200000, 0x0000000713200000, 0x0000000713400000|  0%| F|  |TAMS 0x0000000713200000| PB 0x0000000713200000| Untracked 
| 121|0x0000000713400000, 0x0000000713400000, 0x0000000713600000|  0%| F|  |TAMS 0x0000000713400000| PB 0x0000000713400000| Untracked 
| 122|0x0000000713600000, 0x0000000713600000, 0x0000000713800000|  0%| F|  |TAMS 0x0000000713600000| PB 0x0000000713600000| Untracked 
| 123|0x0000000713800000, 0x0000000713963fa8, 0x0000000713a00000| 69%| E|  |TAMS 0x0000000713800000| PB 0x0000000713800000| Complete 
| 124|0x0000000713a00000, 0x0000000713c00000, 0x0000000713c00000|100%| E|CS|TAMS 0x0000000713a00000| PB 0x0000000713a00000| Complete 
| 125|0x0000000713c00000, 0x0000000713e00000, 0x0000000713e00000|100%| E|CS|TAMS 0x0000000713c00000| PB 0x0000000713c00000| Complete 

Card table byte_map: [0x000001d0cb350000,0x000001d0cbb30000] _byte_map_base: 0x000001d0c7b2f000

Marking Bits: (CMBitMap*) 0x000001d0b32a7eb0
 Bits: [0x000001d0cc310000, 0x000001d0d0208000)

Polling page: 0x000001d0b2a00000

Metaspace:

Usage:
  Non-class:     16.80 MB used.
      Class:      1.96 MB used.
       Both:     18.77 MB used.

Virtual space:
  Non-class space:       64.00 MB reserved,      17.00 MB ( 27%) committed,  1 nodes.
      Class space:        1.00 GB reserved,       2.12 MB ( <1%) committed,  1 nodes.
             Both:        1.06 GB reserved,      19.12 MB (  2%) committed. 

Chunk freelists:
   Non-Class:  2.14 MB
       Class:  1.81 MB
        Both:  3.95 MB

MaxMetaspaceSize: unlimited
CompressedClassSpaceSize: 1.00 GB
Initial GC threshold: 21.00 MB
Current GC threshold: 21.00 MB
CDS: on
MetaspaceReclaimPolicy: balanced
 - commit_granule_bytes: 65536.
 - commit_granule_words: 8192.
 - virtual_space_node_default_size: 8388608.
 - enlarge_chunks_in_place: 1.
 - new_chunks_are_fully_committed: 0.
 - uncommit_free_chunks: 1.
 - use_allocation_guard: 0.


Internal statistics:

num_allocs_failed_limit: 0.
num_arena_births: 302.
num_arena_deaths: 0.
num_vsnodes_births: 2.
num_vsnodes_deaths: 0.
num_space_committed: 306.
num_space_uncommitted: 0.
num_chunks_returned_to_freelist: 0.
num_chunks_taken_from_freelist: 887.
num_chunk_merges: 0.
num_chunk_splits: 657.
num_chunks_enlarged: 533.
num_inconsistent_stats: 0.

CodeHeap 'non-profiled nmethods': size=119168Kb used=2876Kb max_used=2876Kb free=116291Kb
 bounds [0x000001d0c2e90000, 0x000001d0c3160000, 0x000001d0ca2f0000]
CodeHeap 'profiled nmethods': size=119104Kb used=10911Kb max_used=10911Kb free=108192Kb
 bounds [0x000001d0bb2f0000, 0x000001d0bbda0000, 0x000001d0c2740000]
CodeHeap 'non-nmethods': size=7488Kb used=3336Kb max_used=3353Kb free=4151Kb
 bounds [0x000001d0c2740000, 0x000001d0c2a90000, 0x000001d0c2e90000]
 total_blobs=5676 nmethods=5131 adapters=452
 compilation: enabled
              stopped_count=0, restarted_count=0
 full_count=0

Compilation events (20 events):
Event: 2.399 Thread 0x000001d0d84c2bc0 nmethod 5121 0x000001d0c315c390 code [0x000001d0c315c500, 0x000001d0c315c600]
Event: 2.399 Thread 0x000001d0d7539690 5123       3       java.lang.ProcessEnvironment$NameComparator::compare (90 bytes)
Event: 2.399 Thread 0x000001d0d7530990 5124       3       java.lang.ProcessEnvironment$CheckedEntry::getKey (5 bytes)
Event: 2.399 Thread 0x000001d0d740f580 5125       3       java.lang.ProcessEnvironment$CheckedEntry::getKey (13 bytes)
Event: 2.399 Thread 0x000001d0d740f580 nmethod 5125 0x000001d0bbd91890 code [0x000001d0bbd91a20, 0x000001d0bbd91ce8]
Event: 2.399 Thread 0x000001d0d7530990 nmethod 5124 0x000001d0bbd91e10 code [0x000001d0bbd91fc0, 0x000001d0bbd922e0]
Event: 2.400 Thread 0x000001d0d7539690 nmethod 5123 0x000001d0bbd92410 code [0x000001d0bbd92700, 0x000001d0bbd93980]
Event: 2.401 Thread 0x000001d0d799fa20 nmethod 5113 0x000001d0c315c710 code [0x000001d0c315c920, 0x000001d0c315d678]
Event: 2.406 Thread 0x000001d0d7530990 5126       3       sun.invoke.util.VerifyAccess::isMemberAccessible (338 bytes)
Event: 2.407 Thread 0x000001d0d7530990 nmethod 5126 0x000001d0bbd94190 code [0x000001d0bbd94500, 0x000001d0bbd957c0]
Event: 2.415 Thread 0x000001d0d7a6a610 5128       3       java.lang.NamedPackage::<init> (59 bytes)
Event: 2.415 Thread 0x000001d0d7a6a610 nmethod 5128 0x000001d0bbd95d10 code [0x000001d0bbd95f80, 0x000001d0bbd969a8]
Event: 2.418 Thread 0x000001d0d84c2bc0 5129       4       sun.nio.cs.UTF_8$Decoder::xflow (31 bytes)
Event: 2.419 Thread 0x000001d0d799fa20 5130       4       sun.net.www.ParseUtil::firstEncodeIndex (86 bytes)
Event: 2.419 Thread 0x000001d0d740f580 5131       3       java.lang.AbstractStringBuilder::append (45 bytes)
Event: 2.420 Thread 0x000001d0d740f580 nmethod 5131 0x000001d0bbd96d90 code [0x000001d0bbd96f80, 0x000001d0bbd974b0]
Event: 2.421 Thread 0x000001d0d799fa20 nmethod 5130 0x000001d0c315e190 code [0x000001d0c315e320, 0x000001d0c315e530]
Event: 2.421 Thread 0x000001d0d84c2bc0 nmethod 5129 0x000001d0c315e710 code [0x000001d0c315e8e0, 0x000001d0c315ee90]
Event: 2.422 Thread 0x000001d0d740f580 5132       3       java.lang.String::getBytes (44 bytes)
Event: 2.422 Thread 0x000001d0d740f580 nmethod 5132 0x000001d0bbd97710 code [0x000001d0bbd978c0, 0x000001d0bbd97bd0]

GC Heap History (6 events):
Event: 0.456 GC heap before
{Heap before GC invocations=0 (full 0):
 garbage-first heap   total 258048K, used 22528K [0x0000000704200000, 0x0000000800000000)
  region size 2048K, 11 young (22528K), 0 survivors (0K)
 Metaspace       used 5885K, committed 6080K, reserved 1114112K
  class space    used 653K, committed 704K, reserved 1048576K
}
Event: 0.460 GC heap after
{Heap after GC invocations=1 (full 0):
 garbage-first heap   total 258048K, used 4113K [0x0000000704200000, 0x0000000800000000)
  region size 2048K, 2 young (4096K), 2 survivors (4096K)
 Metaspace       used 5885K, committed 6080K, reserved 1114112K
  class space    used 653K, committed 704K, reserved 1048576K
}
Event: 0.917 GC heap before
{Heap before GC invocations=1 (full 0):
 garbage-first heap   total 258048K, used 36881K [0x0000000704200000, 0x0000000800000000)
  region size 2048K, 18 young (36864K), 2 survivors (4096K)
 Metaspace       used 10947K, committed 11136K, reserved 1114112K
  class space    used 1298K, committed 1408K, reserved 1048576K
}
Event: 0.921 GC heap after
{Heap after GC invocations=2 (full 0):
 garbage-first heap   total 258048K, used 6012K [0x0000000704200000, 0x0000000800000000)
  region size 2048K, 2 young (4096K), 2 survivors (4096K)
 Metaspace       used 10947K, committed 11136K, reserved 1114112K
  class space    used 1298K, committed 1408K, reserved 1048576K
}
Event: 2.379 GC heap before
{Heap before GC invocations=2 (full 0):
 garbage-first heap   total 258048K, used 188284K [0x0000000704200000, 0x0000000800000000)
  region size 2048K, 75 young (153600K), 2 survivors (4096K)
 Metaspace       used 18661K, committed 19072K, reserved 1114112K
  class space    used 1940K, committed 2176K, reserved 1048576K
}
Event: 2.387 GC heap after
{Heap after GC invocations=3 (full 0):
 garbage-first heap   total 258048K, used 17801K [0x0000000704200000, 0x0000000800000000)
  region size 2048K, 7 young (14336K), 7 survivors (14336K)
 Metaspace       used 18661K, committed 19072K, reserved 1114112K
  class space    used 1940K, committed 2176K, reserved 1048576K
}

Dll operation events (12 events):
Event: 0.005 Loaded shared library C:\Program Files\Java\jdk-20\bin\java.dll
Event: 0.014 Loaded shared library C:\Program Files\Java\jdk-20\bin\jsvml.dll
Event: 0.051 Loaded shared library C:\Program Files\Java\jdk-20\bin\zip.dll
Event: 0.053 Loaded shared library C:\Program Files\Java\jdk-20\bin\instrument.dll
Event: 0.056 Loaded shared library C:\Program Files\Java\jdk-20\bin\net.dll
Event: 0.058 Loaded shared library C:\Program Files\Java\jdk-20\bin\nio.dll
Event: 0.061 Loaded shared library C:\Program Files\Java\jdk-20\bin\zip.dll
Event: 0.071 Loaded shared library C:\Program Files\JetBrains\IntelliJ IDEA 2023.1.4\bin\breakgen64.dll
Event: 0.077 Loaded shared library C:\Program Files\Java\jdk-20\bin\extnet.dll
Event: 0.134 Loaded shared library C:\Program Files\Java\jdk-20\bin\verify.dll
Event: 0.142 Loaded shared library C:\Program Files\Java\jdk-20\bin\jimage.dll
Event: 0.212 Loaded shared library C:\Users\Mahmoud Ghania\AppData\Local\Temp\jansi-1.17.1-12210834366518738994.dll

Deoptimization events (20 events):
Event: 2.398 Thread 0x000001d0b32390b0 DEOPT PACKING pc=0x000001d0c3013c7c sp=0x000000666c2fddc0
Event: 2.398 Thread 0x000001d0b32390b0 DEOPT UNPACKING pc=0x000001d0c275d2a2 sp=0x000000666c2fdd50 mode 2
Event: 2.418 Thread 0x000001d0d9467980 Uncommon trap: trap_request=0xffffff45 fr.pc=0x000001d0c2fabde8 relative=0x00000000000004c8
Event: 2.418 Thread 0x000001d0d9467980 Uncommon trap: reason=unstable_if action=reinterpret pc=0x000001d0c2fabde8 method=java.lang.AbstractStringBuilder.inflateIfNeededFor(Ljava/lang/String;)V @ 14 c2
Event: 2.418 Thread 0x000001d0d9467980 DEOPT PACKING pc=0x000001d0c2fabde8 sp=0x000000666ecff4a0
Event: 2.418 Thread 0x000001d0d9467980 DEOPT UNPACKING pc=0x000001d0c275d2a2 sp=0x000000666ecff340 mode 2
Event: 2.418 Thread 0x000001d0d9467980 Uncommon trap: trap_request=0xffffff45 fr.pc=0x000001d0c2fac964 relative=0x00000000000004c4
Event: 2.418 Thread 0x000001d0d9467980 Uncommon trap: reason=unstable_if action=reinterpret pc=0x000001d0c2fac964 method=java.lang.AbstractStringBuilder.inflateIfNeededFor(Ljava/lang/String;)V @ 14 c2
Event: 2.418 Thread 0x000001d0d9467980 DEOPT PACKING pc=0x000001d0c2fac964 sp=0x000000666ecff440
Event: 2.418 Thread 0x000001d0d9467980 DEOPT UNPACKING pc=0x000001d0c275d2a2 sp=0x000000666ecff348 mode 2
Event: 2.418 Thread 0x000001d0d9467980 Uncommon trap: trap_request=0xffffff45 fr.pc=0x000001d0c2ec0c88 relative=0x0000000000000108
Event: 2.418 Thread 0x000001d0d9467980 Uncommon trap: reason=unstable_if action=reinterpret pc=0x000001d0c2ec0c88 method=java.lang.String.getBytes([BIB)V @ 5 c2
Event: 2.418 Thread 0x000001d0d9467980 DEOPT PACKING pc=0x000001d0c2ec0c88 sp=0x000000666ecff370
Event: 2.418 Thread 0x000001d0d9467980 DEOPT UNPACKING pc=0x000001d0c275d2a2 sp=0x000000666ecff338 mode 2
Event: 2.418 Thread 0x000001d0d9467980 Uncommon trap: trap_request=0xffffff45 fr.pc=0x000001d0c2f859c8 relative=0x0000000000000428
Event: 2.418 Thread 0x000001d0d9467980 Uncommon trap: reason=unstable_if action=reinterpret pc=0x000001d0c2f859c8 method=java.lang.String.<init>(Ljava/lang/AbstractStringBuilder;Ljava/lang/Void;)V @ 19 c2
Event: 2.418 Thread 0x000001d0d9467980 DEOPT PACKING pc=0x000001d0c2f859c8 sp=0x000000666ecff4c0
Event: 2.418 Thread 0x000001d0d9467980 DEOPT UNPACKING pc=0x000001d0c275d2a2 sp=0x000000666ecff3a8 mode 2
Event: 2.419 Thread 0x000001d0b32390b0 DEOPT PACKING pc=0x000001d0bbbd45a1 sp=0x000000666c2f9ac0
Event: 2.419 Thread 0x000001d0b32390b0 DEOPT UNPACKING pc=0x000001d0c27ae462 sp=0x000000666c2f8fc8 mode 0

Classes loaded (20 events):
Event: 2.399 Loading class java/lang/ProcessImpl
Event: 2.399 Loading class java/lang/Process
Event: 2.399 Loading class java/lang/Process done
Event: 2.399 Loading class java/lang/ProcessImpl done
Event: 2.407 Loading class java/lang/ProcessImpl$2
Event: 2.407 Loading class java/lang/ProcessImpl$2 done
Event: 2.407 Loading class java/lang/Process$PipeInputStream
Event: 2.407 Loading class java/lang/Process$PipeInputStream done
Event: 2.408 Loading class jdk/internal/event/ProcessStartEvent
Event: 2.408 Loading class jdk/internal/event/ProcessStartEvent done
Event: 2.408 Loading class java/nio/channels/ClosedChannelException
Event: 2.408 Loading class java/nio/channels/ClosedChannelException done
Event: 2.409 Loading class java/nio/channels/NonReadableChannelException
Event: 2.409 Loading class java/nio/channels/NonReadableChannelException done
Event: 2.409 Loading class java/nio/channels/NonWritableChannelException
Event: 2.409 Loading class java/nio/channels/NonWritableChannelException done
Event: 2.417 Loading class java/util/Scanner
Event: 2.417 Loading class java/util/Scanner done
Event: 2.418 Loading class java/util/Scanner$PatternLRUCache
Event: 2.418 Loading class java/util/Scanner$PatternLRUCache done

Classes unloaded (0 events):
No events

Classes redefined (0 events):
No events

Internal exceptions (20 events):
Event: 1.053 Thread 0x000001d0b32390b0 Implicit null exception at 0x000001d0c2ee2960 to 0x000001d0c2ee2ebc
Event: 1.064 Thread 0x000001d0b32390b0 Implicit null exception at 0x000001d0c2f4beac to 0x000001d0c2f4c064
Event: 1.098 Thread 0x000001d0b32390b0 Exception <a 'java/lang/NoSuchMethodError'{0x0000000713169eb0}: 'void java.lang.invoke.DirectMethodHandle$Holder.invokeVirtual(java.lang.Object, java.lang.Object, int)'> (0x0000000713169eb0) 
thrown [s\open\src\hotspot\share\interpreter\linkResolver.cpp, line 773]
Event: 1.099 Thread 0x000001d0b32390b0 Exception <a 'java/lang/NoSuchMethodError'{0x000000071316dff8}: 'int java.lang.invoke.DirectMethodHandle$Holder.invokeSpecial(java.lang.Object, java.lang.Object, java.lang.Object, int)'> (0x000000071316dff8) 
thrown [s\open\src\hotspot\share\interpreter\linkResolver.cpp, line 773]
Event: 1.099 Thread 0x000001d0b32390b0 Exception <a 'java/lang/NoSuchMethodError'{0x000000071317e138}: 'java.lang.Object java.lang.invoke.DirectMethodHandle$Holder.invokeStatic(java.lang.Object, java.lang.Object, java.lang.Object, java.lang.Object, int)'> (0x000000071317e138) 
thrown [s\open\src\hotspot\share\interpreter\linkResolver.cpp, line 773]
Event: 1.100 Thread 0x000001d0b32390b0 Exception <a 'java/lang/NoSuchMethodError'{0x0000000713189148}: 'void java.lang.invoke.DelegatingMethodHandle$Holder.reinvoke_L(java.lang.Object, java.lang.Object, int)'> (0x0000000713189148) 
thrown [s\open\src\hotspot\share\interpreter\linkResolver.cpp, line 773]
Event: 1.679 Thread 0x000001d0b32390b0 Implicit null exception at 0x000001d0c3064a79 to 0x000001d0c3064c2c
Event: 1.680 Thread 0x000001d0b32390b0 Implicit null exception at 0x000001d0c2fc3079 to 0x000001d0c2fc3228
Event: 1.680 Thread 0x000001d0b32390b0 Implicit null exception at 0x000001d0c2f5791d to 0x000001d0c2f57999
Event: 1.832 Thread 0x000001d0b32390b0 Implicit null exception at 0x000001d0c306ce2f to 0x000001d0c306d8fc
Event: 1.851 Thread 0x000001d0b32390b0 Exception <a 'java/lang/NoSuchMethodError'{0x000000070daced70}: 'void java.lang.invoke.Invokers$Holder.invokeExact_MT(java.lang.Object, java.lang.Object, int, java.lang.Object)'> (0x000000070daced70) 
thrown [s\open\src\hotspot\share\interpreter\linkResolver.cpp, line 773]
Event: 2.245 Thread 0x000001d0b32390b0 Exception <a 'java/lang/NoSuchMethodError'{0x000000070b24d6f0}: 'int java.lang.invoke.DirectMethodHandle$Holder.invokeVirtual(java.lang.Object, java.lang.Object)'> (0x000000070b24d6f0) 
thrown [s\open\src\hotspot\share\interpreter\linkResolver.cpp, line 773]
Event: 2.246 Thread 0x000001d0d9467430 Exception <a 'java/lang/NoSuchMethodError'{0x000000070b56cac0}: 'java.lang.Object java.lang.invoke.DirectMethodHandle$Holder.invokeStatic(java.lang.Object, long, java.lang.Object)'> (0x000000070b56cac0) 
thrown [s\open\src\hotspot\share\interpreter\linkResolver.cpp, line 773]
Event: 2.247 Thread 0x000001d0d9467430 Exception <a 'java/lang/NoSuchMethodError'{0x000000070b56ff98}: 'java.lang.Object java.lang.invoke.DirectMethodHandle$Holder.invokeStaticInit(java.lang.Object, long, java.lang.Object)'> (0x000000070b56ff98) 
thrown [s\open\src\hotspot\share\interpreter\linkResolver.cpp, line 773]
Event: 2.247 Thread 0x000001d0d9467430 Exception <a 'java/lang/NoSuchMethodError'{0x000000070b575a80}: 'java.lang.Object java.lang.invoke.DirectMethodHandle$Holder.newInvokeSpecial(java.lang.Object, long)'> (0x000000070b575a80) 
thrown [s\open\src\hotspot\share\interpreter\linkResolver.cpp, line 773]
Event: 2.249 Thread 0x000001d0d9467430 Exception <a 'java/lang/NoSuchMethodError'{0x000000070b57a628}: 'long java.lang.invoke.DirectMethodHandle$Holder.invokeInterface(java.lang.Object, java.lang.Object)'> (0x000000070b57a628) 
thrown [s\open\src\hotspot\share\interpreter\linkResolver.cpp, line 773]
Event: 2.250 Thread 0x000001d0d9467430 Exception <a 'java/lang/NoSuchMethodError'{0x000000070b57e890}: 'long java.lang.invoke.DelegatingMethodHandle$Holder.reinvoke_L(java.lang.Object, java.lang.Object)'> (0x000000070b57e890) 
thrown [s\open\src\hotspot\share\interpreter\linkResolver.cpp, line 773]
Event: 2.266 Thread 0x000001d0b32390b0 Exception <a 'java/lang/NoSuchMethodError'{0x000000070b04e638}: 'int java.lang.invoke.DirectMethodHandle$Holder.invokeInterface(java.lang.Object, java.lang.Object)'> (0x000000070b04e638) 
thrown [s\open\src\hotspot\share\interpreter\linkResolver.cpp, line 773]
Event: 2.333 Thread 0x000001d0b32390b0 Implicit null exception at 0x000001d0c2ed43c6 to 0x000001d0c2ed445a
Event: 2.406 Thread 0x000001d0b32390b0 Exception <a 'java/lang/NoSuchMethodError'{0x0000000713ca5e58}: 'void java.lang.invoke.DirectMethodHandle$Holder.invokeStatic(java.lang.Object, long)'> (0x0000000713ca5e58) 
thrown [s\open\src\hotspot\share\interpreter\linkResolver.cpp, line 773]

VM Operations (20 events):
Event: 2.239 Executing VM operation: HandshakeAllThreads
Event: 2.239 Executing VM operation: HandshakeAllThreads done
Event: 2.255 Executing VM operation: HandshakeAllThreads
Event: 2.255 Executing VM operation: HandshakeAllThreads done
Event: 2.314 Executing VM operation: HandshakeAllThreads
Event: 2.314 Executing VM operation: HandshakeAllThreads done
Event: 2.315 Executing VM operation: HandshakeAllThreads
Event: 2.315 Executing VM operation: HandshakeAllThreads done
Event: 2.316 Executing VM operation: HandshakeAllThreads
Event: 2.316 Executing VM operation: HandshakeAllThreads done
Event: 2.347 Executing VM operation: HandshakeAllThreads
Event: 2.347 Executing VM operation: HandshakeAllThreads done
Event: 2.348 Executing VM operation: HandshakeAllThreads
Event: 2.348 Executing VM operation: HandshakeAllThreads done
Event: 2.379 Executing VM operation: G1CollectForAllocation
Event: 2.387 Executing VM operation: G1CollectForAllocation done
Event: 2.395 Executing VM operation: HandshakeAllThreads
Event: 2.395 Executing VM operation: HandshakeAllThreads done
Event: 2.408 Executing VM operation: HandshakeAllThreads
Event: 2.408 Executing VM operation: HandshakeAllThreads done

Events (20 events):
Event: 0.072 Thread 0x000001d0d763ef80 Thread added: 0x000001d0d763ef80
Event: 0.072 Thread 0x000001d0d763f4d0 Thread added: 0x000001d0d763f4d0
Event: 0.256 Thread 0x000001d0d799fa20 Thread added: 0x000001d0d799fa20
Event: 0.281 Thread 0x000001d0d7a6a610 Thread added: 0x000001d0d7a6a610
Event: 0.441 Thread 0x000001d0d7f47030 Thread added: 0x000001d0d7f47030
Event: 0.441 Thread 0x000001d0d84c0620 Thread added: 0x000001d0d84c0620
Event: 0.441 Thread 0x000001d0d84c2bc0 Thread added: 0x000001d0d84c2bc0
Event: 0.441 Thread 0x000001d0d84c3150 Thread added: 0x000001d0d84c3150
Event: 0.448 Thread 0x000001d0d8558fa0 Thread added: 0x000001d0d8558fa0
Event: 0.448 Thread 0x000001d0d8559d40 Thread added: 0x000001d0d8559d40
Event: 0.741 Thread 0x000001d0d8559d40 Thread exited: 0x000001d0d8559d40
Event: 0.844 Thread 0x000001d0d8558fa0 Thread exited: 0x000001d0d8558fa0
Event: 2.240 Thread 0x000001d0d9467430 Thread added: 0x000001d0d9467430
Event: 2.251 Thread 0x000001d0d9467430 Thread exited: 0x000001d0d9467430
Event: 2.315 Thread 0x000001d0d9467ed0 Thread added: 0x000001d0d9467ed0
Event: 2.319 Thread 0x000001d0d9467430 Thread added: 0x000001d0d9467430
Event: 2.396 Thread 0x000001d0d9468420 Thread added: 0x000001d0d9468420
Event: 2.416 Thread 0x000001d0d9467980 Thread added: 0x000001d0d9467980
Event: 2.417 Thread 0x000001d0d9468970 Thread added: 0x000001d0d9468970
Event: 2.422 Thread 0x000001d0d9469410 Thread added: 0x000001d0d9469410


Dynamic libraries:
0x00007ff747150000 - 0x00007ff747160000 	C:\Program Files\Java\jdk-20\bin\java.exe
0x00007ffce5cb0000 - 0x00007ffce5ea8000 	C:\Windows\SYSTEM32\ntdll.dll
0x00007ffce4bd0000 - 0x00007ffce4c8d000 	C:\Windows\System32\KERNEL32.DLL
0x00007ffce3450000 - 0x00007ffce3746000 	C:\Windows\System32\KERNELBASE.dll
0x00007ffce39b0000 - 0x00007ffce3ab0000 	C:\Windows\System32\ucrtbase.dll
0x00007ffca1cc0000 - 0x00007ffca1cdb000 	C:\Program Files\Java\jdk-20\bin\VCRUNTIME140.dll
0x00007ffca1ce0000 - 0x00007ffca1cf9000 	C:\Program Files\Java\jdk-20\bin\jli.dll
0x00007ffce4c90000 - 0x00007ffce4d40000 	C:\Windows\System32\ADVAPI32.dll
0x00007ffce4420000 - 0x00007ffce44be000 	C:\Windows\System32\msvcrt.dll
0x00007ffce5120000 - 0x00007ffce51c0000 	C:\Windows\System32\sechost.dll
0x00007ffce3e80000 - 0x00007ffce3fa3000 	C:\Windows\System32\RPCRT4.dll
0x00007ffce3390000 - 0x00007ffce33b7000 	C:\Windows\System32\bcrypt.dll
0x00007ffce45e0000 - 0x00007ffce477f000 	C:\Windows\System32\USER32.dll
0x00007ffce3360000 - 0x00007ffce3382000 	C:\Windows\System32\win32u.dll
0x00007ffce3ce0000 - 0x00007ffce3d0b000 	C:\Windows\System32\GDI32.dll
0x00007ffcc78d0000 - 0x00007ffcc7b6a000 	C:\Windows\WinSxS\amd64_microsoft.windows.common-controls_6595b64144ccf1df_6.0.19041.4355_none_60b8b9eb71f62e16\COMCTL32.dll
0x00007ffce3b50000 - 0x00007ffce3c67000 	C:\Windows\System32\gdi32full.dll
0x00007ffce3ab0000 - 0x00007ffce3b4d000 	C:\Windows\System32\msvcp_win.dll
0x00007ffcd8490000 - 0x00007ffcd849a000 	C:\Windows\SYSTEM32\VERSION.dll
0x00007ffce4ae0000 - 0x00007ffce4b12000 	C:\Windows\System32\IMM32.DLL
0x00007ffca8d10000 - 0x00007ffca8d1c000 	C:\Program Files\Java\jdk-20\bin\vcruntime140_1.dll
0x00007ffca11b0000 - 0x00007ffca123e000 	C:\Program Files\Java\jdk-20\bin\msvcp140.dll
0x00007ffca0510000 - 0x00007ffca11a7000 	C:\Program Files\Java\jdk-20\bin\server\jvm.dll
0x00007ffcd6120000 - 0x00007ffcd6147000 	C:\Windows\SYSTEM32\WINMM.dll
0x00007ffcd5dc0000 - 0x00007ffcd5dc9000 	C:\Windows\SYSTEM32\WSOCK32.dll
0x00007ffce4e20000 - 0x00007ffce4e8b000 	C:\Windows\System32\WS2_32.dll
0x00007ffce1210000 - 0x00007ffce1222000 	C:\Windows\SYSTEM32\kernel.appcore.dll
0x00007ffca8d00000 - 0x00007ffca8d0a000 	C:\Program Files\Java\jdk-20\bin\jimage.dll
0x00007ffce0a70000 - 0x00007ffce0c54000 	C:\Windows\SYSTEM32\DBGHELP.DLL
0x00007ffcd47b0000 - 0x00007ffcd47e4000 	C:\Windows\SYSTEM32\dbgcore.DLL
0x00007ffce33c0000 - 0x00007ffce3442000 	C:\Windows\System32\bcryptPrimitives.dll
0x00007ffcca400000 - 0x00007ffcca40e000 	C:\Program Files\Java\jdk-20\bin\instrument.dll
0x00007ffc9fa90000 - 0x00007ffc9fab6000 	C:\Program Files\Java\jdk-20\bin\java.dll
0x00007ffc9f430000 - 0x00007ffc9f507000 	C:\Program Files\Java\jdk-20\bin\jsvml.dll
0x00007ffce52f0000 - 0x00007ffce5a5b000 	C:\Windows\System32\SHELL32.dll
0x00007ffce13e0000 - 0x00007ffce1b7d000 	C:\Windows\SYSTEM32\windows.storage.dll
0x00007ffce4780000 - 0x00007ffce4ad3000 	C:\Windows\System32\combase.dll
0x00007ffce2d80000 - 0x00007ffce2dae000 	C:\Windows\SYSTEM32\Wldp.dll
0x00007ffce5a60000 - 0x00007ffce5b2d000 	C:\Windows\System32\OLEAUT32.dll
0x00007ffce4b20000 - 0x00007ffce4bcd000 	C:\Windows\System32\SHCORE.dll
0x00007ffce5b30000 - 0x00007ffce5b85000 	C:\Windows\System32\shlwapi.dll
0x00007ffce3290000 - 0x00007ffce32b4000 	C:\Windows\SYSTEM32\profapi.dll
0x00007ffc9e670000 - 0x00007ffc9e688000 	C:\Program Files\Java\jdk-20\bin\zip.dll
0x00007ffc9e6b0000 - 0x00007ffc9e6c3000 	C:\Program Files\Java\jdk-20\bin\net.dll
0x00007ffcda5f0000 - 0x00007ffcda6fa000 	C:\Windows\SYSTEM32\WINHTTP.dll
0x00007ffce2ae0000 - 0x00007ffce2b4a000 	C:\Windows\system32\mswsock.dll
0x00007ffc9e690000 - 0x00007ffc9e6a6000 	C:\Program Files\Java\jdk-20\bin\nio.dll
0x00007ffcc5830000 - 0x00007ffcc584a000 	C:\Program Files\JetBrains\IntelliJ IDEA 2023.1.4\bin\breakgen64.dll
0x00007ffc9f050000 - 0x00007ffc9f057000 	C:\Program Files\Java\jdk-20\bin\extnet.dll
0x00007ffcc4230000 - 0x00007ffcc4240000 	C:\Program Files\Java\jdk-20\bin\verify.dll
0x00007ffce2cd0000 - 0x00007ffce2ce8000 	C:\Windows\SYSTEM32\CRYPTSP.dll
0x00007ffce2390000 - 0x00007ffce23c4000 	C:\Windows\system32\rsaenh.dll
0x00007ffce3200000 - 0x00007ffce322e000 	C:\Windows\SYSTEM32\USERENV.dll
0x00007ffce2cf0000 - 0x00007ffce2cfc000 	C:\Windows\SYSTEM32\CRYPTBASE.dll
0x00007ffce2770000 - 0x00007ffce27ab000 	C:\Windows\SYSTEM32\IPHLPAPI.DLL
0x00007ffce5110000 - 0x00007ffce5118000 	C:\Windows\System32\NSI.dll
0x00007ffcd9520000 - 0x00007ffcd9537000 	C:\Windows\SYSTEM32\dhcpcsvc6.DLL
0x00007ffcd9500000 - 0x00007ffcd951d000 	C:\Windows\SYSTEM32\dhcpcsvc.DLL
0x00007ffce27b0000 - 0x00007ffce287b000 	C:\Windows\SYSTEM32\DNSAPI.dll
0x00007ffcca8e0000 - 0x00007ffcca8ea000 	C:\Users\Mahmoud Ghania\AppData\Local\Temp\jansi-1.17.1-12210834366518738994.dll

dbghelp: loaded successfully - version: 4.0.5 - missing functions: none
symbol engine: initialized successfully - sym options: 0x614 - pdb path: .;C:\Program Files\Java\jdk-20\bin;C:\Windows\SYSTEM32;C:\Windows\WinSxS\amd64_microsoft.windows.common-controls_6595b64144ccf1df_6.0.19041.4355_none_60b8b9eb71f62e16;C:\Program Files\Java\jdk-20\bin\server;C:\Program Files\JetBrains\IntelliJ IDEA 2023.1.4\bin;C:\Users\Mahmoud Ghania\AppData\Local\Temp

VM Arguments:
jvm_args: -Dmaven.multiModuleProjectDirectory=E:\University\E-Pharmacy -Djansi.passthrough=true -Dmaven.home=C:\Program Files\JetBrains\IntelliJ IDEA 2023.1.4\plugins\maven\lib\maven3 -Dclassworlds.conf=C:\Program Files\JetBrains\IntelliJ IDEA 2023.1.4\plugins\maven\lib\maven3\bin\m2.conf -Dmaven.ext.class.path=C:\Program Files\JetBrains\IntelliJ IDEA 2023.1.4\plugins\maven\lib\maven-event-listener.jar -javaagent:C:\Program Files\JetBrains\IntelliJ IDEA 2023.1.4\lib\idea_rt.jar=63482:C:\Program Files\JetBrains\IntelliJ IDEA 2023.1.4\bin -Dfile.encoding=UTF-8 -Dsun.stdout.encoding=UTF-8 -Dsun.stderr.encoding=UTF-8 
java_command: org.codehaus.classworlds.Launcher -Didea.version=2023.1.4 install
java_class_path (initial): C:\Program Files\JetBrains\IntelliJ IDEA 2023.1.4\plugins\maven\lib\maven3\boot\plexus-classworlds-2.6.0.jar;C:\Program Files\JetBrains\IntelliJ IDEA 2023.1.4\plugins\maven\lib\maven3\boot\plexus-classworlds.license
Launcher Type: SUN_STANDARD

[Global flags]
     intx CICompilerCount                          = 12                                        {product} {ergonomic}
     uint ConcGCThreads                            = 3                                         {product} {ergonomic}
     uint G1ConcRefinementThreads                  = 13                                        {product} {ergonomic}
   size_t G1HeapRegionSize                         = 2097152                                   {product} {ergonomic}
    uintx GCDrainStackTargetSize                   = 64                                        {product} {ergonomic}
   size_t InitialHeapSize                          = 264241152                                 {product} {ergonomic}
   size_t MarkStackSize                            = 4194304                                   {product} {ergonomic}
   size_t MaxHeapSize                              = 4225761280                                {product} {ergonomic}
   size_t MaxNewSize                               = 2535456768                                {product} {ergonomic}
   size_t MinHeapDeltaBytes                        = 2097152                                   {product} {ergonomic}
   size_t MinHeapSize                              = 8388608                                   {product} {ergonomic}
    uintx NonNMethodCodeHeapSize                   = 7602480                                {pd product} {ergonomic}
    uintx NonProfiledCodeHeapSize                  = 122027880                              {pd product} {ergonomic}
    uintx ProfiledCodeHeapSize                     = 122027880                              {pd product} {ergonomic}
    uintx ReservedCodeCacheSize                    = 251658240                              {pd product} {ergonomic}
     bool SegmentedCodeCache                       = true                                      {product} {ergonomic}
   size_t SoftMaxHeapSize                          = 4225761280                             {manageable} {ergonomic}
     bool UseCompressedClassPointers               = true                           {product lp64_product} {ergonomic}
     bool UseCompressedOops                        = true                           {product lp64_product} {ergonomic}
     bool UseG1GC                                  = true                                      {product} {ergonomic}
     bool UseLargePagesIndividualAllocation        = false                                  {pd product} {ergonomic}

Logging:
Log output configuration:
 #0: stdout all=warning uptime,level,tags foldmultilines=false
 #1: stderr all=off uptime,level,tags foldmultilines=false

Environment Variables:
JAVA_HOME=C:\Program Files\Java\jdk-20
PATH=C:\Program Files\Common Files\Oracle\Java\javapath;C:\oraclexe\app\oracle\product\11.2.0\server\bin;C:\Program Files (x86)\Common Files\Oracle\Java\javapath;C:\Windows\system32;C:\Windows;C:\Windows\System32\Wbem;C:\Windows\System32\WindowsPowerShell\v1.0\;C:\Windows\System32\OpenSSH\;C:\Program Files (x86)\NVIDIA Corporation\PhysX\Common;C:\Program Files\NVIDIA Corporation\NVIDIA NvDLISR;C:\Program Files\dotnet\;C:\Program Files\Microsoft SQL Server\Client SDK\ODBC\110\Tools\Binn\;C:\Program Files (x86)\Microsoft SQL Server\120\Tools\Binn\;C:\Program Files\Microsoft SQL Server\120\Tools\Binn\;C:\Program Files\Microsoft SQL Server\120\DTS\Binn\;C:\Program Files (x86)\Microsoft SQL Server\120\Tools\Binn\ManagementStudio\;C:\Program Files (x86)\Microsoft SQL Server\120\DTS\Binn\;C:\Users\MAHMOU~1\AppData\Local\Pub\Cache\bin;C:\Program Files (x86)\Microsoft SQL Server\160\Tools\Binn\;C:\Program Files\Microsoft SQL Server\160\Tools\Binn\;C:\Program Files\Microsoft SQL Server\Client SDK\ODBC\170\Tools\Binn\;C:\Program Files\Microsoft SQL Server\160\DTS\Binn\;C:\Program Files\Microsoft SQL Server\150\Tools\Binn\;C:\Program Files\Java\jdk-20\bin;C:\Program Files\Git\cmd;C:\Program Files (x86)\Touch Portal\plugins\adb\platform-tools;C:\Program Files\nodejs\;C:\Program Files\Docker\Docker\resources\bin;C:\Program Files\MySQL\MySQL Server 8.0\bin;C:\Program Files\MySQL\MySQL Shell 8.0\bin\;C:\Users\Mahmoud Ghania\AppData\Local\Programs\Python\Python311\Scripts\;C:\Users\Mahmoud Ghania\AppData\Local\Programs\Python\Python311\;C:\Users\Mahmoud Ghania\AppData\Local\Microsoft\WindowsApps;C:\Users\Mahmoud Ghania\AppData\Local\Pub\Cache\bin;C:\Users\Mahmoud Ghania\AppData\Local\Pub\Cache\bin;C:\Program Files\Java\jre1.8.0_351\bin;E:\Flutter\SDKS\dart-sdk\bin;E:\Flutter\SDKS\flutter\bin;C:\Program Files\JetBrains\IntelliJ IDEA 2023.1.4\bin;;C:\Users\Mahmoud Ghania\AppData\Roaming\npm;C:\Users\Mahmoud Ghania\AppData\Local\Programs\Microsoft VS Code\bin;C:\src\ffmpeg\bin;C:\Users\Mahmoud Ghania\AppData\Local\Packages\PythonSoftwareFoundation.Python.3.12_qbz5n2kfra8p0\LocalCache\local-packages\Python312\Scripts;
USERNAME=Mahmoud Ghania
OS=Windows_NT
PROCESSOR_IDENTIFIER=Intel64 Family 6 Model 141 Stepping 1, GenuineIntel
TMP=C:\Users\MAHMOU~1\AppData\Local\Temp
TEMP=C:\Users\MAHMOU~1\AppData\Local\Temp




---------------  S Y S T E M  ---------------

OS:
 Windows 10 , 64 bit Build 19041 (10.0.19041.3636)
OS uptime: 0 days 13:58 hours

CPU: total 16 (initial active 16) (8 cores per cpu, 2 threads per core) family 6 model 141 stepping 1 microcode 0x4e, cx8, cmov, fxsr, ht, mmx, 3dnowpref, sse, sse2, sse3, ssse3, sse4.1, sse4.2, popcnt, lzcnt, tsc, tscinvbit, avx, avx2, aes, erms, clmul, bmi1, bmi2, adx, avx512f, avx512dq, avx512cd, avx512bw, avx512vl, sha, fma, vzeroupper, avx512_vpopcntdq, avx512_vpclmulqdq, avx512_vaes, avx512_vnni, clflush, clflushopt, clwb, avx512_vbmi2, avx512_vbmi, rdtscp, rdpid, fsrm, gfni, avx512_bitalg, f16c, pku, cet_ibt, cet_ss, avx512_ifma

Memory: 4k page, system-wide physical 16114M (1750M free)
TotalPageFile size 34932M (AvailPageFile size 4M)
current process WorkingSet (physical memory assigned to process): 315M, peak: 315M
current process commit charge ("private bytes"): 428M, peak: 430M

vm_info: Java HotSpot(TM) 64-Bit Server VM (20.0.1+9-29) for windows-amd64 JRE (20.0.1+9-29), built on 2023-03-07T13:56:11Z by "mach5one" with MS VC++ 17.1 (VS2022)

END.
