#
# There is insufficient memory for the Java Runtime Environment to continue.
# Native memory allocation (malloc) failed to allocate 785856 bytes for Chunk::new
# Possible reasons:
#   The system is out of physical RAM or swap space
#   The process is running with CompressedOops enabled, and the Java Heap may be blocking the growth of the native heap
# Possible solutions:
#   Reduce memory load on the system
#   Increase physical memory or swap space
#   Check if swap backing store is full
#   Decrease Java heap size (-Xmx/-Xms)
#   Decrease number of Java threads
#   Decrease Java thread stack sizes (-Xss)
#   Set larger code cache with -XX:ReservedCodeCacheSize=
#   JVM is running with Zero Based Compressed Oops mode in which the Java heap is
#     placed in the first 32GB address space. The Java Heap base address is the
#     maximum limit for the native heap growth. Please use -XX:HeapBaseMinAddress
#     to set the Java Heap base and to place the Java Heap above 32GB virtual address.
# This output file may be truncated or incomplete.
#
#  Out of Memory Error (arena.cpp:184), pid=32528, tid=32512
#
# JRE version: Java(TM) SE Runtime Environment (20.0.1+9) (build 20.0.1+9-29)
# Java VM: Java HotSpot(TM) 64-Bit Server VM (20.0.1+9-29, mixed mode, sharing, tiered, compressed oops, compressed class ptrs, g1 gc, windows-amd64)
# No core dump will be written. Minidumps are not enabled by default on client versions of Windows
#

---------------  S U M M A R Y ------------

Command Line: -Dmaven.multiModuleProjectDirectory=E:\University\E-Pharmacy -Djansi.passthrough=true -Dmaven.home=C:\Program Files\JetBrains\IntelliJ IDEA 2023.1.4\plugins\maven\lib\maven3 -Dclassworlds.conf=C:\Program Files\JetBrains\IntelliJ IDEA 2023.1.4\plugins\maven\lib\maven3\bin\m2.conf -Dmaven.ext.class.path=C:\Program Files\JetBrains\IntelliJ IDEA 2023.1.4\plugins\maven\lib\maven-event-listener.jar -javaagent:C:\Program Files\JetBrains\IntelliJ IDEA 2023.1.4\lib\idea_rt.jar=63155:C:\Program Files\JetBrains\IntelliJ IDEA 2023.1.4\bin -Dfile.encoding=UTF-8 -Dsun.stdout.encoding=UTF-8 -Dsun.stderr.encoding=UTF-8 org.codehaus.classworlds.Launcher -Didea.version=2023.1.4 clean

Host: 11th Gen Intel(R) Core(TM) i7-11800H @ 2.30GHz, 16 cores, 15G,  Windows 10 , 64 bit Build 19041 (10.0.19041.3636)
Time: Thu Jun  6 02:59:33 2024 Egypt Daylight Time elapsed time: 1.201584 seconds (0d 0h 0m 1s)

---------------  T H R E A D  ---------------

Current thread (0x0000029a609682b0):  JavaThread "C2 CompilerThread1" daemon [_thread_in_native, id=32512, stack(0x000000e338500000,0x000000e338600000)]


Current CompileTask:
C2:   1201 2746       4       org.codehaus.plexus.util.xml.pull.MXParser::parseStartTag (1195 bytes)

Stack: [0x000000e338500000,0x000000e338600000]
Native frames: (J=compiled Java code, j=interpreted, Vv=VM code, C=native code)
V  [jvm.dll+0x6bb95a]
V  [jvm.dll+0x8485fa]
V  [jvm.dll+0x84a1f5]
V  [jvm.dll+0x84a8f3]
V  [jvm.dll+0x280b0f]
V  [jvm.dll+0xc2b11]
V  [jvm.dll+0xc2e35]
V  [jvm.dll+0x3bb17c]
V  [jvm.dll+0x3857f5]
V  [jvm.dll+0x384c6a]
V  [jvm.dll+0x24b259]
V  [jvm.dll+0x24a651]
V  [jvm.dll+0x1ce491]
V  [jvm.dll+0x259e1b]
V  [jvm.dll+0x2584f0]
V  [jvm.dll+0x3f2895]
V  [jvm.dll+0x7f4b56]
V  [jvm.dll+0x6ba5cb]
C  [ucrtbase.dll+0x21bb2]
C  [KERNEL32.DLL+0x17344]
C  [ntdll.dll+0x526b1]


---------------  P R O C E S S  ---------------

Threads class SMR info:
_java_thread_list=0x0000029a614eb080, length=21, elements={
0x0000029a3c1eab10, 0x0000029a5c222ea0, 0x0000029a5c223ca0, 0x0000029a5c226e10,
0x0000029a5c22a770, 0x0000029a5c22f110, 0x0000029a5c22fa50, 0x0000029a5c232ad0,
0x0000029a5c235a70, 0x0000029a5c1ef4b0, 0x0000029a604f6090, 0x0000029a604fa7f0,
0x0000029a605d4250, 0x0000029a605d47a0, 0x0000029a609682b0, 0x0000029a60b00ba0,
0x0000029a60c659e0, 0x0000029a60d08270, 0x0000029a60c65f70, 0x0000029a60c66500,
0x0000029a61536290
}

Java Threads: ( => current thread )
  0x0000029a3c1eab10 JavaThread "main" [_thread_in_vm, id=17204, stack(0x000000e337000000,0x000000e337100000)]
  0x0000029a5c222ea0 JavaThread "Reference Handler" daemon [_thread_blocked, id=13508, stack(0x000000e337700000,0x000000e337800000)]
  0x0000029a5c223ca0 JavaThread "Finalizer" daemon [_thread_blocked, id=12244, stack(0x000000e337800000,0x000000e337900000)]
  0x0000029a5c226e10 JavaThread "Signal Dispatcher" daemon [_thread_blocked, id=3028, stack(0x000000e337900000,0x000000e337a00000)]
  0x0000029a5c22a770 JavaThread "Attach Listener" daemon [_thread_blocked, id=18668, stack(0x000000e337a00000,0x000000e337b00000)]
  0x0000029a5c22f110 JavaThread "Service Thread" daemon [_thread_blocked, id=28948, stack(0x000000e337b00000,0x000000e337c00000)]
  0x0000029a5c22fa50 JavaThread "Monitor Deflation Thread" daemon [_thread_blocked, id=4792, stack(0x000000e337c00000,0x000000e337d00000)]
  0x0000029a5c232ad0 JavaThread "C2 CompilerThread0" daemon [_thread_blocked, id=11924, stack(0x000000e337d00000,0x000000e337e00000)]
  0x0000029a5c235a70 JavaThread "C1 CompilerThread0" daemon [_thread_blocked, id=19620, stack(0x000000e337e00000,0x000000e337f00000)]
  0x0000029a5c1ef4b0 JavaThread "Common-Cleaner" daemon [_thread_blocked, id=7956, stack(0x000000e337f00000,0x000000e338000000)]
  0x0000029a604f6090 JavaThread "C1 CompilerThread1" daemon [_thread_blocked, id=21684, stack(0x000000e338000000,0x000000e338100000)]
  0x0000029a604fa7f0 JavaThread "C1 CompilerThread2" daemon [_thread_blocked, id=12592, stack(0x000000e338100000,0x000000e338200000)]
  0x0000029a605d4250 JavaThread "Monitor Ctrl-Break" daemon [_thread_in_native, id=23600, stack(0x000000e338200000,0x000000e338300000)]
  0x0000029a605d47a0 JavaThread "Notification Thread" daemon [_thread_blocked, id=26024, stack(0x000000e338300000,0x000000e338400000)]
=>0x0000029a609682b0 JavaThread "C2 CompilerThread1" daemon [_thread_in_native, id=32512, stack(0x000000e338500000,0x000000e338600000)]
  0x0000029a60b00ba0 JavaThread "C1 CompilerThread3" daemon [_thread_blocked, id=1720, stack(0x000000e338600000,0x000000e338700000)]
  0x0000029a60c659e0 JavaThread "C2 CompilerThread2" daemon [_thread_blocked, id=2712, stack(0x000000e338700000,0x000000e338800000)]
  0x0000029a60d08270 JavaThread "C2 CompilerThread3" daemon [_thread_blocked, id=5148, stack(0x000000e338800000,0x000000e338900000)]
  0x0000029a60c65f70 JavaThread "C2 CompilerThread4" daemon [_thread_blocked, id=9284, stack(0x000000e338900000,0x000000e338a00000)]
  0x0000029a60c66500 JavaThread "C2 CompilerThread5" daemon [_thread_blocked, id=31972, stack(0x000000e338a00000,0x000000e338b00000)]
  0x0000029a61536290 JavaThread "C2 CompilerThread6" daemon [_thread_blocked, id=16048, stack(0x000000e338b00000,0x000000e338c00000)]

Other Threads:
  0x0000029a5c2068e0 VMThread "VM Thread" [stack: 0x000000e337600000,0x000000e337700000] [id=10680]
  0x0000029a605d5980 WatcherThread "VM Periodic Task Thread" [stack: 0x000000e338400000,0x000000e338500000] [id=26388]
  0x0000029a3c2590b0 WorkerThread "GC Thread#0" [stack: 0x000000e337100000,0x000000e337200000] [id=2724]
  0x0000029a607afe40 WorkerThread "GC Thread#1" [stack: 0x000000e338d00000,0x000000e338e00000] [id=13520]
  0x0000029a607ae4f0 WorkerThread "GC Thread#2" [stack: 0x000000e338e00000,0x000000e338f00000] [id=16588]
  0x0000029a607ae220 WorkerThread "GC Thread#3" [stack: 0x000000e338f00000,0x000000e339000000] [id=27132]
  0x0000029a607aed60 WorkerThread "GC Thread#4" [stack: 0x000000e339000000,0x000000e339100000] [id=20536]
  0x0000029a607aea90 WorkerThread "GC Thread#5" [stack: 0x000000e339100000,0x000000e339200000] [id=29980]
  0x0000029a607af030 WorkerThread "GC Thread#6" [stack: 0x000000e339200000,0x000000e339300000] [id=23236]
  0x0000029a61dfdb20 WorkerThread "GC Thread#7" [stack: 0x000000e339300000,0x000000e339400000] [id=15108]
  0x0000029a61dfd850 WorkerThread "GC Thread#8" [stack: 0x000000e339400000,0x000000e339500000] [id=31700]
  0x0000029a61dfca40 WorkerThread "GC Thread#9" [stack: 0x000000e338c00000,0x000000e338d00000] [id=22500]
  0x0000029a61dfddf0 WorkerThread "GC Thread#10" [stack: 0x000000e339500000,0x000000e339600000] [id=31008]
  0x0000029a61dfb960 WorkerThread "GC Thread#11" [stack: 0x000000e339600000,0x000000e339700000] [id=2496]
  0x0000029a3c269c40 ConcurrentGCThread "G1 Main Marker" [stack: 0x000000e337200000,0x000000e337300000] [id=6064]
  0x0000029a3c26a580 WorkerThread "G1 Conc#0" [stack: 0x000000e337300000,0x000000e337400000] [id=28088]
  0x0000029a5c0c6c40 ConcurrentGCThread "G1 Refine#0" [stack: 0x000000e337400000,0x000000e337500000] [id=32728]
  0x0000029a5c0c74f0 ConcurrentGCThread "G1 Service" [stack: 0x000000e337500000,0x000000e337600000] [id=14400]

Threads with active compile tasks:
C2 CompilerThread0     1222 2849   !   4       java.lang.ref.NativeReferenceQueue::poll (28 bytes)
C2 CompilerThread1     1222 2746       4       org.codehaus.plexus.util.xml.pull.MXParser::parseStartTag (1195 bytes)

VM state: not at safepoint (normal execution)

VM Mutex/Monitor currently owned by a thread: None

Heap address: 0x0000000704200000, size: 4030 MB, Compressed Oops mode: Zero based, Oop shift amount: 3

CDS archive(s) mapped at: [0x0000000800000000-0x0000000800c60000-0x0000000800c60000), size 12976128, SharedBaseAddress: 0x0000000800000000, ArchiveRelocationMode: 0.
Compressed class space mapped at: 0x0000000801000000-0x0000000841000000, reserved size: 1073741824
Narrow klass base: 0x0000000800000000, Narrow klass shift: 0, Narrow klass range: 0x100000000

GC Precious Log:
 CardTable entry size: 512
 Card Set container configuration: InlinePtr #cards 4 size 8 Array Of Cards #cards 16 size 48 Howl #buckets 8 coarsen threshold 3686 Howl Bitmap #cards 512 size 80 coarsen threshold 460 Card regions per heap region 1 cards per card region 4096
 CPUs: 16 total, 16 available
 Memory: 16114M
 Large Page Support: Disabled
 NUMA Support: Disabled
 Compressed Oops: Enabled (Zero based)
 Heap Region Size: 2M
 Heap Min Capacity: 8M
 Heap Initial Capacity: 252M
 Heap Max Capacity: 4030M
 Pre-touch: Disabled
 Parallel Workers: 13
 Concurrent Workers: 3
 Concurrent Refinement Workers: 13
 Periodic GC: Disabled

Heap:
 garbage-first heap   total 258048K, used 18656K [0x0000000704200000, 0x0000000800000000)
  region size 2048K, 9 young (18432K), 2 survivors (4096K)
 Metaspace       used 13321K, committed 13568K, reserved 1114112K
  class space    used 1522K, committed 1664K, reserved 1048576K

Heap Regions: E=young(eden), S=young(survivor), O=old, HS=humongous(starts), HC=humongous(continues), CS=collection set, F=free, OA=open archive, CA=closed archive, TAMS=top-at-mark-start, PB=parsable bottom
|   0|0x0000000704200000, 0x0000000704400000, 0x0000000704400000|100%| O|  |TAMS 0x0000000704200000| PB 0x0000000704200000| Untracked 
|   1|0x0000000704400000, 0x00000007045b2c00, 0x0000000704600000| 84%| O|  |TAMS 0x0000000704400000| PB 0x0000000704400000| Untracked 
|   2|0x0000000704600000, 0x0000000704600000, 0x0000000704800000|  0%| F|  |TAMS 0x0000000704600000| PB 0x0000000704600000| Untracked 
|   3|0x0000000704800000, 0x0000000704800000, 0x0000000704a00000|  0%| F|  |TAMS 0x0000000704800000| PB 0x0000000704800000| Untracked 
|   4|0x0000000704a00000, 0x0000000704a00000, 0x0000000704c00000|  0%| F|  |TAMS 0x0000000704a00000| PB 0x0000000704a00000| Untracked 
|   5|0x0000000704c00000, 0x0000000704c00000, 0x0000000704e00000|  0%| F|  |TAMS 0x0000000704c00000| PB 0x0000000704c00000| Untracked 
|   6|0x0000000704e00000, 0x0000000704e00000, 0x0000000705000000|  0%| F|  |TAMS 0x0000000704e00000| PB 0x0000000704e00000| Untracked 
|   7|0x0000000705000000, 0x0000000705000000, 0x0000000705200000|  0%| F|  |TAMS 0x0000000705000000| PB 0x0000000705000000| Untracked 
|   8|0x0000000705200000, 0x0000000705200000, 0x0000000705400000|  0%| F|  |TAMS 0x0000000705200000| PB 0x0000000705200000| Untracked 
|   9|0x0000000705400000, 0x0000000705400000, 0x0000000705600000|  0%| F|  |TAMS 0x0000000705400000| PB 0x0000000705400000| Untracked 
|  10|0x0000000705600000, 0x0000000705600000, 0x0000000705800000|  0%| F|  |TAMS 0x0000000705600000| PB 0x0000000705600000| Untracked 
|  11|0x0000000705800000, 0x0000000705800000, 0x0000000705a00000|  0%| F|  |TAMS 0x0000000705800000| PB 0x0000000705800000| Untracked 
|  12|0x0000000705a00000, 0x0000000705a00000, 0x0000000705c00000|  0%| F|  |TAMS 0x0000000705a00000| PB 0x0000000705a00000| Untracked 
|  13|0x0000000705c00000, 0x0000000705c00000, 0x0000000705e00000|  0%| F|  |TAMS 0x0000000705c00000| PB 0x0000000705c00000| Untracked 
|  14|0x0000000705e00000, 0x0000000705e00000, 0x0000000706000000|  0%| F|  |TAMS 0x0000000705e00000| PB 0x0000000705e00000| Untracked 
|  15|0x0000000706000000, 0x0000000706000000, 0x0000000706200000|  0%| F|  |TAMS 0x0000000706000000| PB 0x0000000706000000| Untracked 
|  16|0x0000000706200000, 0x0000000706200000, 0x0000000706400000|  0%| F|  |TAMS 0x0000000706200000| PB 0x0000000706200000| Untracked 
|  17|0x0000000706400000, 0x0000000706400000, 0x0000000706600000|  0%| F|  |TAMS 0x0000000706400000| PB 0x0000000706400000| Untracked 
|  18|0x0000000706600000, 0x0000000706600000, 0x0000000706800000|  0%| F|  |TAMS 0x0000000706600000| PB 0x0000000706600000| Untracked 
|  19|0x0000000706800000, 0x0000000706800000, 0x0000000706a00000|  0%| F|  |TAMS 0x0000000706800000| PB 0x0000000706800000| Untracked 
|  20|0x0000000706a00000, 0x0000000706a00000, 0x0000000706c00000|  0%| F|  |TAMS 0x0000000706a00000| PB 0x0000000706a00000| Untracked 
|  21|0x0000000706c00000, 0x0000000706c00000, 0x0000000706e00000|  0%| F|  |TAMS 0x0000000706c00000| PB 0x0000000706c00000| Untracked 
|  22|0x0000000706e00000, 0x0000000706e00000, 0x0000000707000000|  0%| F|  |TAMS 0x0000000706e00000| PB 0x0000000706e00000| Untracked 
|  23|0x0000000707000000, 0x0000000707000000, 0x0000000707200000|  0%| F|  |TAMS 0x0000000707000000| PB 0x0000000707000000| Untracked 
|  24|0x0000000707200000, 0x0000000707200000, 0x0000000707400000|  0%| F|  |TAMS 0x0000000707200000| PB 0x0000000707200000| Untracked 
|  25|0x0000000707400000, 0x0000000707400000, 0x0000000707600000|  0%| F|  |TAMS 0x0000000707400000| PB 0x0000000707400000| Untracked 
|  26|0x0000000707600000, 0x0000000707600000, 0x0000000707800000|  0%| F|  |TAMS 0x0000000707600000| PB 0x0000000707600000| Untracked 
|  27|0x0000000707800000, 0x0000000707800000, 0x0000000707a00000|  0%| F|  |TAMS 0x0000000707800000| PB 0x0000000707800000| Untracked 
|  28|0x0000000707a00000, 0x0000000707a00000, 0x0000000707c00000|  0%| F|  |TAMS 0x0000000707a00000| PB 0x0000000707a00000| Untracked 
|  29|0x0000000707c00000, 0x0000000707c00000, 0x0000000707e00000|  0%| F|  |TAMS 0x0000000707c00000| PB 0x0000000707c00000| Untracked 
|  30|0x0000000707e00000, 0x0000000707e00000, 0x0000000708000000|  0%| F|  |TAMS 0x0000000707e00000| PB 0x0000000707e00000| Untracked 
|  31|0x0000000708000000, 0x0000000708000000, 0x0000000708200000|  0%| F|  |TAMS 0x0000000708000000| PB 0x0000000708000000| Untracked 
|  32|0x0000000708200000, 0x0000000708200000, 0x0000000708400000|  0%| F|  |TAMS 0x0000000708200000| PB 0x0000000708200000| Untracked 
|  33|0x0000000708400000, 0x0000000708400000, 0x0000000708600000|  0%| F|  |TAMS 0x0000000708400000| PB 0x0000000708400000| Untracked 
|  34|0x0000000708600000, 0x0000000708600000, 0x0000000708800000|  0%| F|  |TAMS 0x0000000708600000| PB 0x0000000708600000| Untracked 
|  35|0x0000000708800000, 0x0000000708800000, 0x0000000708a00000|  0%| F|  |TAMS 0x0000000708800000| PB 0x0000000708800000| Untracked 
|  36|0x0000000708a00000, 0x0000000708a00000, 0x0000000708c00000|  0%| F|  |TAMS 0x0000000708a00000| PB 0x0000000708a00000| Untracked 
|  37|0x0000000708c00000, 0x0000000708c00000, 0x0000000708e00000|  0%| F|  |TAMS 0x0000000708c00000| PB 0x0000000708c00000| Untracked 
|  38|0x0000000708e00000, 0x0000000708e00000, 0x0000000709000000|  0%| F|  |TAMS 0x0000000708e00000| PB 0x0000000708e00000| Untracked 
|  39|0x0000000709000000, 0x0000000709000000, 0x0000000709200000|  0%| F|  |TAMS 0x0000000709000000| PB 0x0000000709000000| Untracked 
|  40|0x0000000709200000, 0x0000000709200000, 0x0000000709400000|  0%| F|  |TAMS 0x0000000709200000| PB 0x0000000709200000| Untracked 
|  41|0x0000000709400000, 0x0000000709400000, 0x0000000709600000|  0%| F|  |TAMS 0x0000000709400000| PB 0x0000000709400000| Untracked 
|  42|0x0000000709600000, 0x0000000709600000, 0x0000000709800000|  0%| F|  |TAMS 0x0000000709600000| PB 0x0000000709600000| Untracked 
|  43|0x0000000709800000, 0x0000000709800000, 0x0000000709a00000|  0%| F|  |TAMS 0x0000000709800000| PB 0x0000000709800000| Untracked 
|  44|0x0000000709a00000, 0x0000000709a00000, 0x0000000709c00000|  0%| F|  |TAMS 0x0000000709a00000| PB 0x0000000709a00000| Untracked 
|  45|0x0000000709c00000, 0x0000000709c00000, 0x0000000709e00000|  0%| F|  |TAMS 0x0000000709c00000| PB 0x0000000709c00000| Untracked 
|  46|0x0000000709e00000, 0x0000000709e00000, 0x000000070a000000|  0%| F|  |TAMS 0x0000000709e00000| PB 0x0000000709e00000| Untracked 
|  47|0x000000070a000000, 0x000000070a000000, 0x000000070a200000|  0%| F|  |TAMS 0x000000070a000000| PB 0x000000070a000000| Untracked 
|  48|0x000000070a200000, 0x000000070a200000, 0x000000070a400000|  0%| F|  |TAMS 0x000000070a200000| PB 0x000000070a200000| Untracked 
|  49|0x000000070a400000, 0x000000070a400000, 0x000000070a600000|  0%| F|  |TAMS 0x000000070a400000| PB 0x000000070a400000| Untracked 
|  50|0x000000070a600000, 0x000000070a600000, 0x000000070a800000|  0%| F|  |TAMS 0x000000070a600000| PB 0x000000070a600000| Untracked 
|  51|0x000000070a800000, 0x000000070a800000, 0x000000070aa00000|  0%| F|  |TAMS 0x000000070a800000| PB 0x000000070a800000| Untracked 
|  52|0x000000070aa00000, 0x000000070aa00000, 0x000000070ac00000|  0%| F|  |TAMS 0x000000070aa00000| PB 0x000000070aa00000| Untracked 
|  53|0x000000070ac00000, 0x000000070ac00000, 0x000000070ae00000|  0%| F|  |TAMS 0x000000070ac00000| PB 0x000000070ac00000| Untracked 
|  54|0x000000070ae00000, 0x000000070ae00000, 0x000000070b000000|  0%| F|  |TAMS 0x000000070ae00000| PB 0x000000070ae00000| Untracked 
|  55|0x000000070b000000, 0x000000070b000000, 0x000000070b200000|  0%| F|  |TAMS 0x000000070b000000| PB 0x000000070b000000| Untracked 
|  56|0x000000070b200000, 0x000000070b200000, 0x000000070b400000|  0%| F|  |TAMS 0x000000070b200000| PB 0x000000070b200000| Untracked 
|  57|0x000000070b400000, 0x000000070b400000, 0x000000070b600000|  0%| F|  |TAMS 0x000000070b400000| PB 0x000000070b400000| Untracked 
|  58|0x000000070b600000, 0x000000070b600000, 0x000000070b800000|  0%| F|  |TAMS 0x000000070b600000| PB 0x000000070b600000| Untracked 
|  59|0x000000070b800000, 0x000000070b800000, 0x000000070ba00000|  0%| F|  |TAMS 0x000000070b800000| PB 0x000000070b800000| Untracked 
|  60|0x000000070ba00000, 0x000000070ba00000, 0x000000070bc00000|  0%| F|  |TAMS 0x000000070ba00000| PB 0x000000070ba00000| Untracked 
|  61|0x000000070bc00000, 0x000000070bc00000, 0x000000070be00000|  0%| F|  |TAMS 0x000000070bc00000| PB 0x000000070bc00000| Untracked 
|  62|0x000000070be00000, 0x000000070be00000, 0x000000070c000000|  0%| F|  |TAMS 0x000000070be00000| PB 0x000000070be00000| Untracked 
|  63|0x000000070c000000, 0x000000070c000000, 0x000000070c200000|  0%| F|  |TAMS 0x000000070c000000| PB 0x000000070c000000| Untracked 
|  64|0x000000070c200000, 0x000000070c200000, 0x000000070c400000|  0%| F|  |TAMS 0x000000070c200000| PB 0x000000070c200000| Untracked 
|  65|0x000000070c400000, 0x000000070c400000, 0x000000070c600000|  0%| F|  |TAMS 0x000000070c400000| PB 0x000000070c400000| Untracked 
|  66|0x000000070c600000, 0x000000070c600000, 0x000000070c800000|  0%| F|  |TAMS 0x000000070c600000| PB 0x000000070c600000| Untracked 
|  67|0x000000070c800000, 0x000000070c800000, 0x000000070ca00000|  0%| F|  |TAMS 0x000000070c800000| PB 0x000000070c800000| Untracked 
|  68|0x000000070ca00000, 0x000000070ca00000, 0x000000070cc00000|  0%| F|  |TAMS 0x000000070ca00000| PB 0x000000070ca00000| Untracked 
|  69|0x000000070cc00000, 0x000000070cc00000, 0x000000070ce00000|  0%| F|  |TAMS 0x000000070cc00000| PB 0x000000070cc00000| Untracked 
|  70|0x000000070ce00000, 0x000000070ce00000, 0x000000070d000000|  0%| F|  |TAMS 0x000000070ce00000| PB 0x000000070ce00000| Untracked 
|  71|0x000000070d000000, 0x000000070d000000, 0x000000070d200000|  0%| F|  |TAMS 0x000000070d000000| PB 0x000000070d000000| Untracked 
|  72|0x000000070d200000, 0x000000070d200000, 0x000000070d400000|  0%| F|  |TAMS 0x000000070d200000| PB 0x000000070d200000| Untracked 
|  73|0x000000070d400000, 0x000000070d400000, 0x000000070d600000|  0%| F|  |TAMS 0x000000070d400000| PB 0x000000070d400000| Untracked 
|  74|0x000000070d600000, 0x000000070d600000, 0x000000070d800000|  0%| F|  |TAMS 0x000000070d600000| PB 0x000000070d600000| Untracked 
|  75|0x000000070d800000, 0x000000070d800000, 0x000000070da00000|  0%| F|  |TAMS 0x000000070d800000| PB 0x000000070d800000| Untracked 
|  76|0x000000070da00000, 0x000000070da00000, 0x000000070dc00000|  0%| F|  |TAMS 0x000000070da00000| PB 0x000000070da00000| Untracked 
|  77|0x000000070dc00000, 0x000000070dc00000, 0x000000070de00000|  0%| F|  |TAMS 0x000000070dc00000| PB 0x000000070dc00000| Untracked 
|  78|0x000000070de00000, 0x000000070de00000, 0x000000070e000000|  0%| F|  |TAMS 0x000000070de00000| PB 0x000000070de00000| Untracked 
|  79|0x000000070e000000, 0x000000070e000000, 0x000000070e200000|  0%| F|  |TAMS 0x000000070e000000| PB 0x000000070e000000| Untracked 
|  80|0x000000070e200000, 0x000000070e200000, 0x000000070e400000|  0%| F|  |TAMS 0x000000070e200000| PB 0x000000070e200000| Untracked 
|  81|0x000000070e400000, 0x000000070e400000, 0x000000070e600000|  0%| F|  |TAMS 0x000000070e400000| PB 0x000000070e400000| Untracked 
|  82|0x000000070e600000, 0x000000070e600000, 0x000000070e800000|  0%| F|  |TAMS 0x000000070e600000| PB 0x000000070e600000| Untracked 
|  83|0x000000070e800000, 0x000000070e800000, 0x000000070ea00000|  0%| F|  |TAMS 0x000000070e800000| PB 0x000000070e800000| Untracked 
|  84|0x000000070ea00000, 0x000000070ea00000, 0x000000070ec00000|  0%| F|  |TAMS 0x000000070ea00000| PB 0x000000070ea00000| Untracked 
|  85|0x000000070ec00000, 0x000000070ec00000, 0x000000070ee00000|  0%| F|  |TAMS 0x000000070ec00000| PB 0x000000070ec00000| Untracked 
|  86|0x000000070ee00000, 0x000000070ee00000, 0x000000070f000000|  0%| F|  |TAMS 0x000000070ee00000| PB 0x000000070ee00000| Untracked 
|  87|0x000000070f000000, 0x000000070f000000, 0x000000070f200000|  0%| F|  |TAMS 0x000000070f000000| PB 0x000000070f000000| Untracked 
|  88|0x000000070f200000, 0x000000070f200000, 0x000000070f400000|  0%| F|  |TAMS 0x000000070f200000| PB 0x000000070f200000| Untracked 
|  89|0x000000070f400000, 0x000000070f400000, 0x000000070f600000|  0%| F|  |TAMS 0x000000070f400000| PB 0x000000070f400000| Untracked 
|  90|0x000000070f600000, 0x000000070f600000, 0x000000070f800000|  0%| F|  |TAMS 0x000000070f600000| PB 0x000000070f600000| Untracked 
|  91|0x000000070f800000, 0x000000070f800000, 0x000000070fa00000|  0%| F|  |TAMS 0x000000070f800000| PB 0x000000070f800000| Untracked 
|  92|0x000000070fa00000, 0x000000070fa00000, 0x000000070fc00000|  0%| F|  |TAMS 0x000000070fa00000| PB 0x000000070fa00000| Untracked 
|  93|0x000000070fc00000, 0x000000070fc00000, 0x000000070fe00000|  0%| F|  |TAMS 0x000000070fc00000| PB 0x000000070fc00000| Untracked 
|  94|0x000000070fe00000, 0x000000070fe00000, 0x0000000710000000|  0%| F|  |TAMS 0x000000070fe00000| PB 0x000000070fe00000| Untracked 
|  95|0x0000000710000000, 0x0000000710000000, 0x0000000710200000|  0%| F|  |TAMS 0x0000000710000000| PB 0x0000000710000000| Untracked 
|  96|0x0000000710200000, 0x0000000710200000, 0x0000000710400000|  0%| F|  |TAMS 0x0000000710200000| PB 0x0000000710200000| Untracked 
|  97|0x0000000710400000, 0x0000000710400000, 0x0000000710600000|  0%| F|  |TAMS 0x0000000710400000| PB 0x0000000710400000| Untracked 
|  98|0x0000000710600000, 0x0000000710600000, 0x0000000710800000|  0%| F|  |TAMS 0x0000000710600000| PB 0x0000000710600000| Untracked 
|  99|0x0000000710800000, 0x0000000710800000, 0x0000000710a00000|  0%| F|  |TAMS 0x0000000710800000| PB 0x0000000710800000| Untracked 
| 100|0x0000000710a00000, 0x0000000710a00000, 0x0000000710c00000|  0%| F|  |TAMS 0x0000000710a00000| PB 0x0000000710a00000| Untracked 
| 101|0x0000000710c00000, 0x0000000710c00000, 0x0000000710e00000|  0%| F|  |TAMS 0x0000000710c00000| PB 0x0000000710c00000| Untracked 
| 102|0x0000000710e00000, 0x0000000710e00000, 0x0000000711000000|  0%| F|  |TAMS 0x0000000710e00000| PB 0x0000000710e00000| Untracked 
| 103|0x0000000711000000, 0x0000000711000000, 0x0000000711200000|  0%| F|  |TAMS 0x0000000711000000| PB 0x0000000711000000| Untracked 
| 104|0x0000000711200000, 0x0000000711200000, 0x0000000711400000|  0%| F|  |TAMS 0x0000000711200000| PB 0x0000000711200000| Untracked 
| 105|0x0000000711400000, 0x0000000711400000, 0x0000000711600000|  0%| F|  |TAMS 0x0000000711400000| PB 0x0000000711400000| Untracked 
| 106|0x0000000711600000, 0x00000007116854a8, 0x0000000711800000| 26%| S|CS|TAMS 0x0000000711600000| PB 0x0000000711600000| Complete 
| 107|0x0000000711800000, 0x0000000711a00000, 0x0000000711a00000|100%| S|CS|TAMS 0x0000000711800000| PB 0x0000000711800000| Complete 
| 108|0x0000000711a00000, 0x0000000711a00000, 0x0000000711c00000|  0%| F|  |TAMS 0x0000000711a00000| PB 0x0000000711a00000| Untracked 
| 109|0x0000000711c00000, 0x0000000711c00000, 0x0000000711e00000|  0%| F|  |TAMS 0x0000000711c00000| PB 0x0000000711c00000| Untracked 
| 110|0x0000000711e00000, 0x0000000711e00000, 0x0000000712000000|  0%| F|  |TAMS 0x0000000711e00000| PB 0x0000000711e00000| Untracked 
| 111|0x0000000712000000, 0x0000000712000000, 0x0000000712200000|  0%| F|  |TAMS 0x0000000712000000| PB 0x0000000712000000| Untracked 
| 112|0x0000000712200000, 0x0000000712200000, 0x0000000712400000|  0%| F|  |TAMS 0x0000000712200000| PB 0x0000000712200000| Untracked 
| 113|0x0000000712400000, 0x0000000712400000, 0x0000000712600000|  0%| F|  |TAMS 0x0000000712400000| PB 0x0000000712400000| Untracked 
| 114|0x0000000712600000, 0x0000000712600000, 0x0000000712800000|  0%| F|  |TAMS 0x0000000712600000| PB 0x0000000712600000| Untracked 
| 115|0x0000000712800000, 0x0000000712800000, 0x0000000712a00000|  0%| F|  |TAMS 0x0000000712800000| PB 0x0000000712800000| Untracked 
| 116|0x0000000712a00000, 0x0000000712a00000, 0x0000000712c00000|  0%| F|  |TAMS 0x0000000712a00000| PB 0x0000000712a00000| Untracked 
| 117|0x0000000712c00000, 0x0000000712c00000, 0x0000000712e00000|  0%| F|  |TAMS 0x0000000712c00000| PB 0x0000000712c00000| Untracked 
| 118|0x0000000712e00000, 0x0000000712e00000, 0x0000000713000000|  0%| F|  |TAMS 0x0000000712e00000| PB 0x0000000712e00000| Untracked 
| 119|0x0000000713000000, 0x0000000713134070, 0x0000000713200000| 60%| E|  |TAMS 0x0000000713000000| PB 0x0000000713000000| Complete 
| 120|0x0000000713200000, 0x0000000713400000, 0x0000000713400000|100%| E|CS|TAMS 0x0000000713200000| PB 0x0000000713200000| Complete 
| 121|0x0000000713400000, 0x0000000713600000, 0x0000000713600000|100%| E|CS|TAMS 0x0000000713400000| PB 0x0000000713400000| Complete 
| 122|0x0000000713600000, 0x0000000713800000, 0x0000000713800000|100%| E|CS|TAMS 0x0000000713600000| PB 0x0000000713600000| Complete 
| 123|0x0000000713800000, 0x0000000713a00000, 0x0000000713a00000|100%| E|CS|TAMS 0x0000000713800000| PB 0x0000000713800000| Complete 
| 124|0x0000000713a00000, 0x0000000713c00000, 0x0000000713c00000|100%| E|CS|TAMS 0x0000000713a00000| PB 0x0000000713a00000| Complete 
| 125|0x0000000713c00000, 0x0000000713e00000, 0x0000000713e00000|100%| E|CS|TAMS 0x0000000713c00000| PB 0x0000000713c00000| Complete 

Card table byte_map: [0x0000029a54300000,0x0000029a54ae0000] _byte_map_base: 0x0000029a50adf000

Marking Bits: (CMBitMap*) 0x0000029a3c2595f0
 Bits: [0x0000029a552c0000, 0x0000029a591b8000)

Polling page: 0x0000029a3b9b0000

Metaspace:

Usage:
  Non-class:     11.53 MB used.
      Class:      1.49 MB used.
       Both:     13.02 MB used.

Virtual space:
  Non-class space:       64.00 MB reserved,      11.69 MB ( 18%) committed,  1 nodes.
      Class space:        1.00 GB reserved,       1.62 MB ( <1%) committed,  1 nodes.
             Both:        1.06 GB reserved,      13.31 MB (  1%) committed. 

Chunk freelists:
   Non-Class:  3.94 MB
       Class:  2.22 MB
        Both:  6.16 MB

MaxMetaspaceSize: unlimited
CompressedClassSpaceSize: 1.00 GB
Initial GC threshold: 21.00 MB
Current GC threshold: 21.00 MB
CDS: on
MetaspaceReclaimPolicy: balanced
 - commit_granule_bytes: 65536.
 - commit_granule_words: 8192.
 - virtual_space_node_default_size: 8388608.
 - enlarge_chunks_in_place: 1.
 - new_chunks_are_fully_committed: 0.
 - uncommit_free_chunks: 1.
 - use_allocation_guard: 0.


Internal statistics:

num_allocs_failed_limit: 0.
num_arena_births: 256.
num_arena_deaths: 0.
num_vsnodes_births: 2.
num_vsnodes_deaths: 0.
num_space_committed: 213.
num_space_uncommitted: 0.
num_chunks_returned_to_freelist: 0.
num_chunks_taken_from_freelist: 632.
num_chunk_merges: 0.
num_chunk_splits: 471.
num_chunks_enlarged: 381.
num_inconsistent_stats: 0.

CodeHeap 'non-profiled nmethods': size=119168Kb used=1101Kb max_used=1101Kb free=118067Kb
 bounds [0x0000029a4be40000, 0x0000029a4c0b0000, 0x0000029a532a0000]
CodeHeap 'profiled nmethods': size=119104Kb used=5563Kb max_used=5563Kb free=113540Kb
 bounds [0x0000029a442a0000, 0x0000029a44810000, 0x0000029a4b6f0000]
CodeHeap 'non-nmethods': size=7488Kb used=3260Kb max_used=3281Kb free=4227Kb
 bounds [0x0000029a4b6f0000, 0x0000029a4ba30000, 0x0000029a4be40000]
 total_blobs=3349 nmethods=2857 adapters=399
 compilation: enabled
              stopped_count=0, restarted_count=0
 full_count=0

Compilation events (20 events):
Event: 1.198 Thread 0x0000029a5c235a70 nmethod 2802 0x0000029a4bf4cb90 code [0x0000029a4bf4cd00, 0x0000029a4bf4cdd0]
Event: 1.198 Thread 0x0000029a5c235a70 2804       3       org.codehaus.plexus.interpolation.util.ValueSourceUtils::trimPrefix (88 bytes)
Event: 1.198 Thread 0x0000029a604fa7f0 2805  s    1       java.util.Vector::size (5 bytes)
Event: 1.198 Thread 0x0000029a604fa7f0 nmethod 2805 0x0000029a4bf4ce90 code [0x0000029a4bf4d020, 0x0000029a4bf4d1a8]
Event: 1.198 Thread 0x0000029a60b00ba0 2806       3       org.codehaus.plexus.interpolation.PrefixedValueSourceWrapper::getValue (39 bytes)
Event: 1.198 Thread 0x0000029a60d08270 2807       4       java.lang.String::indexOf (64 bytes)
Event: 1.198 Thread 0x0000029a604fa7f0 2808       3       org.apache.maven.model.interpolation.StringVisitorModelInterpolator$ModelVisitor::visit (231 bytes)
Event: 1.198 Thread 0x0000029a604f6090 2809       3       org.apache.maven.model.Dependency::getExclusions (23 bytes)
Event: 1.198 Thread 0x0000029a60b00ba0 nmethod 2806 0x0000029a447f3490 code [0x0000029a447f3640, 0x0000029a447f3940]
Event: 1.198 Thread 0x0000029a5c235a70 nmethod 2804 0x0000029a447f3a10 code [0x0000029a447f3c60, 0x0000029a447f4578]
Event: 1.199 Thread 0x0000029a604f6090 nmethod 2809 0x0000029a447f4a10 code [0x0000029a447f4bc0, 0x0000029a447f4fc8]
Event: 1.199 Thread 0x0000029a5c235a70 2810   !   3       org.codehaus.plexus.interpolation.StringSearchInterpolator::interpolate (650 bytes)
Event: 1.199 Thread 0x0000029a604f6090 2811       3       java.util.Properties::get (9 bytes)
Event: 1.199 Thread 0x0000029a60b00ba0 2812       1       org.codehaus.plexus.interpolation.AbstractDelegatingValueSource::getDelegate (5 bytes)
Event: 1.199 Thread 0x0000029a60b00ba0 nmethod 2812 0x0000029a4bf4d210 code [0x0000029a4bf4d380, 0x0000029a4bf4d450]
Event: 1.199 Thread 0x0000029a604f6090 nmethod 2811 0x0000029a447f5110 code [0x0000029a447f52a0, 0x0000029a447f53f8]
Event: 1.199 Thread 0x0000029a60b00ba0 2813       3       org.codehaus.plexus.interpolation.MapBasedValueSource::getValue (22 bytes)
Event: 1.199 Thread 0x0000029a60b00ba0 nmethod 2813 0x0000029a447f5510 code [0x0000029a447f56a0, 0x0000029a447f58d0]
Event: 1.199 Thread 0x0000029a604fa7f0 nmethod 2808 0x0000029a447f5990 code [0x0000029a447f5d20, 0x0000029a447f7820]
Event: 1.199 Thread 0x0000029a60d08270 nmethod 2807 0x0000029a4bf4d510 code [0x0000029a4bf4d680, 0x0000029a4bf4d8d0]

GC Heap History (4 events):
Event: 0.540 GC heap before
{Heap before GC invocations=0 (full 0):
 garbage-first heap   total 258048K, used 22528K [0x0000000704200000, 0x0000000800000000)
  region size 2048K, 11 young (22528K), 0 survivors (0K)
 Metaspace       used 5884K, committed 6080K, reserved 1114112K
  class space    used 653K, committed 704K, reserved 1048576K
}
Event: 0.544 GC heap after
{Heap after GC invocations=1 (full 0):
 garbage-first heap   total 258048K, used 4089K [0x0000000704200000, 0x0000000800000000)
  region size 2048K, 2 young (4096K), 2 survivors (4096K)
 Metaspace       used 5884K, committed 6080K, reserved 1114112K
  class space    used 653K, committed 704K, reserved 1048576K
}
Event: 1.034 GC heap before
{Heap before GC invocations=1 (full 0):
 garbage-first heap   total 258048K, used 36857K [0x0000000704200000, 0x0000000800000000)
  region size 2048K, 18 young (36864K), 2 survivors (4096K)
 Metaspace       used 11081K, committed 11264K, reserved 1114112K
  class space    used 1310K, committed 1408K, reserved 1048576K
}
Event: 1.039 GC heap after
{Heap after GC invocations=2 (full 0):
 garbage-first heap   total 258048K, used 6368K [0x0000000704200000, 0x0000000800000000)
  region size 2048K, 2 young (4096K), 2 survivors (4096K)
 Metaspace       used 11081K, committed 11264K, reserved 1114112K
  class space    used 1310K, committed 1408K, reserved 1048576K
}

Dll operation events (12 events):
Event: 0.006 Loaded shared library C:\Program Files\Java\jdk-20\bin\java.dll
Event: 0.017 Loaded shared library C:\Program Files\Java\jdk-20\bin\jsvml.dll
Event: 0.084 Loaded shared library C:\Program Files\Java\jdk-20\bin\zip.dll
Event: 0.089 Loaded shared library C:\Program Files\Java\jdk-20\bin\instrument.dll
Event: 0.094 Loaded shared library C:\Program Files\Java\jdk-20\bin\net.dll
Event: 0.096 Loaded shared library C:\Program Files\Java\jdk-20\bin\nio.dll
Event: 0.099 Loaded shared library C:\Program Files\Java\jdk-20\bin\zip.dll
Event: 0.112 Loaded shared library C:\Program Files\JetBrains\IntelliJ IDEA 2023.1.4\bin\breakgen64.dll
Event: 0.120 Loaded shared library C:\Program Files\Java\jdk-20\bin\extnet.dll
Event: 0.180 Loaded shared library C:\Program Files\Java\jdk-20\bin\verify.dll
Event: 0.188 Loaded shared library C:\Program Files\Java\jdk-20\bin\jimage.dll
Event: 0.262 Loaded shared library C:\Users\Mahmoud Ghania\AppData\Local\Temp\jansi-1.17.1-12333785290429587161.dll

Deoptimization events (20 events):
Event: 1.175 Thread 0x0000029a3c1eab10 DEOPT PACKING pc=0x0000029a4beda0a4 sp=0x000000e3370fdbe0
Event: 1.175 Thread 0x0000029a3c1eab10 DEOPT UNPACKING pc=0x0000029a4b70d2a2 sp=0x000000e3370fdba0 mode 2
Event: 1.177 Thread 0x0000029a3c1eab10 Uncommon trap: trap_request=0xfffffff4 fr.pc=0x0000029a4bf00af4 relative=0x0000000000000254
Event: 1.177 Thread 0x0000029a3c1eab10 Uncommon trap: reason=null_check action=make_not_entrant pc=0x0000029a4bf00af4 method=java.util.ArrayList.add(Ljava/lang/Object;[Ljava/lang/Object;I)V @ 14 c2
Event: 1.177 Thread 0x0000029a3c1eab10 DEOPT PACKING pc=0x0000029a4bf00af4 sp=0x000000e3370fdcb0
Event: 1.177 Thread 0x0000029a3c1eab10 DEOPT UNPACKING pc=0x0000029a4b70d2a2 sp=0x000000e3370fdbf8 mode 2
Event: 1.179 Thread 0x0000029a3c1eab10 Uncommon trap: trap_request=0xffffff45 fr.pc=0x0000029a4bee1db0 relative=0x0000000000000610
Event: 1.179 Thread 0x0000029a3c1eab10 Uncommon trap: reason=unstable_if action=reinterpret pc=0x0000029a4bee1db0 method=java.lang.String.replace(CC)Ljava/lang/String; @ 2 c2
Event: 1.179 Thread 0x0000029a3c1eab10 DEOPT PACKING pc=0x0000029a4bee1db0 sp=0x000000e3370fe360
Event: 1.179 Thread 0x0000029a3c1eab10 DEOPT UNPACKING pc=0x0000029a4b70d2a2 sp=0x000000e3370fe310 mode 2
Event: 1.185 Thread 0x0000029a3c1eab10 DEOPT PACKING pc=0x0000029a44793f76 sp=0x000000e3370fdf50
Event: 1.185 Thread 0x0000029a3c1eab10 DEOPT UNPACKING pc=0x0000029a4b75e462 sp=0x000000e3370fd478 mode 0
Event: 1.189 Thread 0x0000029a3c1eab10 Uncommon trap: trap_request=0xffffffde fr.pc=0x0000029a4bf22d28 relative=0x0000000000000848
Event: 1.189 Thread 0x0000029a3c1eab10 Uncommon trap: reason=class_check action=maybe_recompile pc=0x0000029a4bf22d28 method=java.util.HashMap.putVal(ILjava/lang/Object;Ljava/lang/Object;ZZ)Ljava/lang/Object; @ 203 c2
Event: 1.189 Thread 0x0000029a3c1eab10 DEOPT PACKING pc=0x0000029a4bf22d28 sp=0x000000e3370fde50
Event: 1.189 Thread 0x0000029a3c1eab10 DEOPT UNPACKING pc=0x0000029a4b70d2a2 sp=0x000000e3370fddd0 mode 2
Event: 1.189 Thread 0x0000029a3c1eab10 Uncommon trap: trap_request=0xffffffde fr.pc=0x0000029a4bf22d28 relative=0x0000000000000848
Event: 1.189 Thread 0x0000029a3c1eab10 Uncommon trap: reason=class_check action=maybe_recompile pc=0x0000029a4bf22d28 method=java.util.HashMap.putVal(ILjava/lang/Object;Ljava/lang/Object;ZZ)Ljava/lang/Object; @ 203 c2
Event: 1.189 Thread 0x0000029a3c1eab10 DEOPT PACKING pc=0x0000029a4bf22d28 sp=0x000000e3370fde50
Event: 1.189 Thread 0x0000029a3c1eab10 DEOPT UNPACKING pc=0x0000029a4b70d2a2 sp=0x000000e3370fddd0 mode 2

Classes loaded (20 events):
Event: 1.154 Loading class java/net/URL$ThreadTrackHolder
Event: 1.154 Loading class java/net/URL$ThreadTrackHolder done
Event: 1.154 Loading class jdk/internal/misc/ThreadTracker
Event: 1.154 Loading class jdk/internal/misc/ThreadTracker done
Event: 1.154 Loading class jdk/internal/misc/ThreadTracker$ThreadRef
Event: 1.154 Loading class jdk/internal/misc/ThreadTracker$ThreadRef done
Event: 1.154 Loading class java/net/URL$2
Event: 1.154 Loading class java/net/URL$2 done
Event: 1.154 Loading class java/net/URL$1
Event: 1.154 Loading class java/net/URL$1 done
Event: 1.154 Loading class java/net/spi/URLStreamHandlerProvider
Event: 1.154 Loading class java/net/spi/URLStreamHandlerProvider done
Event: 1.155 Loading class sun/net/www/protocol/https/Handler
Event: 1.155 Loading class sun/net/www/protocol/http/Handler
Event: 1.155 Loading class sun/net/www/protocol/http/Handler done
Event: 1.155 Loading class sun/net/www/protocol/https/Handler done
Event: 1.156 Loading class java/util/regex/Pattern$Pos
Event: 1.156 Loading class java/util/regex/Pattern$Pos done
Event: 1.170 Loading class java/util/Formatter$FixedString
Event: 1.170 Loading class java/util/Formatter$FixedString done

Classes unloaded (0 events):
No events

Classes redefined (0 events):
No events

Internal exceptions (20 events):
Event: 0.253 Thread 0x0000029a3c1eab10 Exception <a 'java/lang/NoSuchMethodError'{0x00000007137a2f18}: 'java.lang.Object java.lang.invoke.DirectMethodHandle$Holder.invokeStaticInit(java.lang.Object, java.lang.Object, int, int, int, int)'> (0x00000007137a2f18) 
thrown [s\open\src\hotspot\share\interpreter\linkResolver.cpp, line 773]
Event: 0.476 Thread 0x0000029a3c1eab10 Exception <a 'java/lang/NoSuchMethodError'{0x0000000712d2c058}: 'java.lang.Object java.lang.invoke.DirectMethodHandle$Holder.newInvokeSpecial(java.lang.Object, java.lang.Object, java.lang.Object, java.lang.Object, java.lang.Object)'> (0x0000000712d2c058) 
thrown [s\open\src\hotspot\share\interpreter\linkResolver.cpp, line 773]
Event: 1.006 Thread 0x0000029a3c1eab10 Exception <a 'java/lang/NoSuchMethodError'{0x0000000711aac230}: 'void java.lang.invoke.DirectMethodHandle$Holder.invokeSpecial(java.lang.Object, java.lang.Object, java.lang.Object)'> (0x0000000711aac230) 
thrown [s\open\src\hotspot\share\interpreter\linkResolver.cpp, line 773]
Event: 1.009 Thread 0x0000029a3c1eab10 Exception <a 'java/lang/NoSuchMethodError'{0x0000000711ad26c8}: 'void java.lang.invoke.Invokers$Holder.invokeExact_MT(java.lang.Object, java.lang.Object, java.lang.Object, java.lang.Object)'> (0x0000000711ad26c8) 
thrown [s\open\src\hotspot\share\interpreter\linkResolver.cpp, line 773]
Event: 1.026 Thread 0x0000029a3c1eab10 Exception <a 'java/lang/NoClassDefFoundError'{0x0000000711b5c0d0}: com/google/inject/servlet/ServletModuleTargetVisitor> (0x0000000711b5c0d0) 
thrown [s\open\src\hotspot\share\classfile\systemDictionary.cpp, line 294]
Event: 1.026 Thread 0x0000029a3c1eab10 Exception <a 'java/lang/NoClassDefFoundError'{0x0000000711b5d818}: javax/annotation/Priority> (0x0000000711b5d818) 
thrown [s\open\src\hotspot\share\classfile\systemDictionary.cpp, line 294]
Event: 1.047 Thread 0x0000029a5c22a770 Exception <a 'java/lang/NoSuchMethodError'{0x0000000713d2fc10}: 'java.lang.Object java.lang.invoke.Invokers$Holder.invokeExact_MT(java.lang.Object, java.lang.Object, java.lang.Object, java.lang.Object, java.lang.Object, java.lang.Object)'> (0x0000000713d2fc10) 
thrown [s\open\src\hotspot\share\interpreter\linkResolver.cpp, line 773]
Event: 1.057 Thread 0x0000029a3c1eab10 Exception <a 'java/lang/NoSuchMethodError'{0x0000000713c8ff58}: 'java.lang.Object java.lang.invoke.DirectMethodHandle$Holder.invokeStatic(java.lang.Object, java.lang.Object, int)'> (0x0000000713c8ff58) 
thrown [s\open\src\hotspot\share\interpreter\linkResolver.cpp, line 773]
Event: 1.058 Thread 0x0000029a3c1eab10 Exception <a 'java/lang/NoSuchMethodError'{0x0000000713c94e58}: 'void java.lang.invoke.DirectMethodHandle$Holder.invokeStatic(java.lang.Object, java.lang.Object, int, java.lang.Object)'> (0x0000000713c94e58) 
thrown [s\open\src\hotspot\share\interpreter\linkResolver.cpp, line 773]
Event: 1.058 Thread 0x0000029a3c1eab10 Exception <a 'java/lang/NoSuchMethodError'{0x0000000713a02b10}: 'void java.lang.invoke.DelegatingMethodHandle$Holder.delegate(java.lang.Object, java.lang.Object, int, java.lang.Object)'> (0x0000000713a02b10) 
thrown [s\open\src\hotspot\share\interpreter\linkResolver.cpp, line 773]
Event: 1.058 Thread 0x0000029a3c1eab10 Exception <a 'java/lang/NoSuchMethodError'{0x0000000713a07080}: 'int java.lang.invoke.DirectMethodHandle$Holder.invokeSpecial(java.lang.Object, java.lang.Object, java.lang.Object)'> (0x0000000713a07080) 
thrown [s\open\src\hotspot\share\interpreter\linkResolver.cpp, line 773]
Event: 1.075 Thread 0x0000029a3c1eab10 Exception <a 'java/lang/NoSuchMethodError'{0x0000000713b51740}: 'java.lang.Object java.lang.invoke.DirectMethodHandle$Holder.newInvokeSpecial(java.lang.Object, java.lang.Object, java.lang.Object, java.lang.Object, java.lang.Object, java.lang.Object, java.lang.Object)'> (0x0000000713b51740) 
thrown [s\open\src\hotspot\share\interpreter\linkResolver.cpp, line 773]
Event: 1.080 Thread 0x0000029a3c1eab10 Exception <a 'java/lang/NoSuchMethodError'{0x0000000713b8a240}: 'java.lang.Object java.lang.invoke.DirectMethodHandle$Holder.newInvokeSpecial(java.lang.Object, java.lang.Object, java.lang.Object, java.lang.Object, java.lang.Object, java.lang.Object, java.lang.Object, java.lang.Object, java.lang.Object)'> (0x0000000713b8a240) 
thrown [s\open\src\hotspot\share\interpreter\linkResolver.cpp, line 773]
Event: 1.090 Thread 0x0000029a3c1eab10 Exception <a 'java/lang/NoSuchMethodError'{0x000000071385d748}: 'java.lang.Object java.lang.invoke.DirectMethodHandle$Holder.newInvokeSpecial(java.lang.Object, java.lang.Object, java.lang.Object, java.lang.Object, java.lang.Object, java.lang.Object, java.lang.Object, java.lang.Object, java.lang.Object, java.lang.Object, java.lang.Object, java.lang.Object)'> (0x000000071385d748) 
thrown [s\open\src\hotspot\share\interpreter\linkResolver.cpp, line 773]
Event: 1.092 Thread 0x0000029a3c1eab10 Exception <a 'java/lang/NoSuchMethodError'{0x00000007138a31d8}: 'java.lang.Object java.lang.invoke.DirectMethodHandle$Holder.invokeStatic(java.lang.Object, java.lang.Object, java.lang.Object, java.lang.Object, java.lang.Object, java.lang.Object, java.lang.Object, java.lang.Object, java.lang.Object, java.lang.Object, java.lang.Object, java.lang.Object, java.lang.Object)'> (0x00000007138a31d8) 
thrown [s\open\src\hotspot\share\interpreter\linkResolver.cpp, line 773]
Event: 1.094 Thread 0x0000029a3c1eab10 Exception <a 'java/lang/NoSuchMethodError'{0x00000007138c1cd8}: 'java.lang.Object java.lang.invoke.DirectMethodHandle$Holder.invokeStatic(java.lang.Object, java.lang.Object, java.lang.Object, java.lang.Object, java.lang.Object, java.lang.Object, java.lang.Object, java.lang.Object, java.lang.Object, java.lang.Object, java.lang.Object, java.lang.Object, java.lang.Object, java.lang.Object)'> (0x00000007138c1cd8) 
thrown [s\open\src\hotspot\share\interpreter\linkResolver.cpp, line 773]
Event: 1.095 Thread 0x0000029a3c1eab10 Exception <a 'java/lang/NoSuchMethodError'{0x00000007138e2be0}: 'java.lang.Object java.lang.invoke.DirectMethodHandle$Holder.invokeStatic(java.lang.Object, java.lang.Object, java.lang.Object, java.lang.Object, java.lang.Object, java.lang.Object, java.lang.Object, java.lang.Object, java.lang.Object, java.lang.Object, java.lang.Object, java.lang.Object, java.lang.Object, java.lang.Object, java.lang.Object)'> (0x00000007138e2be0) 
thrown [s\open\src\hotspot\share\interpreter\linkResolver.cpp, line 773]
Event: 1.167 Thread 0x0000029a3c1eab10 Implicit null exception at 0x0000029a4be75260 to 0x0000029a4be757c4
Event: 1.167 Thread 0x0000029a3c1eab10 Implicit null exception at 0x0000029a4be921e0 to 0x0000029a4be9273c
Event: 1.177 Thread 0x0000029a3c1eab10 Implicit null exception at 0x0000029a4bf0092c to 0x0000029a4bf00ae4

VM Operations (20 events):
Event: 0.952 Executing VM operation: HandshakeAllThreads
Event: 0.953 Executing VM operation: HandshakeAllThreads done
Event: 0.981 Executing VM operation: HandshakeAllThreads
Event: 0.982 Executing VM operation: HandshakeAllThreads done
Event: 1.005 Executing VM operation: HandshakeAllThreads
Event: 1.005 Executing VM operation: HandshakeAllThreads done
Event: 1.032 Executing VM operation: ICBufferFull
Event: 1.032 Executing VM operation: ICBufferFull done
Event: 1.034 Executing VM operation: G1CollectForAllocation
Event: 1.039 Executing VM operation: G1CollectForAllocation done
Event: 1.057 Executing VM operation: HandshakeAllThreads
Event: 1.057 Executing VM operation: HandshakeAllThreads done
Event: 1.107 Executing VM operation: HandshakeAllThreads
Event: 1.108 Executing VM operation: HandshakeAllThreads done
Event: 1.127 Executing VM operation: HandshakeAllThreads
Event: 1.127 Executing VM operation: HandshakeAllThreads done
Event: 1.154 Executing VM operation: HandshakeAllThreads
Event: 1.154 Executing VM operation: HandshakeAllThreads done
Event: 1.155 Executing VM operation: HandshakeAllThreads
Event: 1.155 Executing VM operation: HandshakeAllThreads done

Events (20 events):
Event: 0.036 Thread 0x0000029a5c226e10 Thread added: 0x0000029a5c226e10
Event: 0.036 Thread 0x0000029a5c22a770 Thread added: 0x0000029a5c22a770
Event: 0.036 Thread 0x0000029a5c22f110 Thread added: 0x0000029a5c22f110
Event: 0.036 Thread 0x0000029a5c22fa50 Thread added: 0x0000029a5c22fa50
Event: 0.036 Thread 0x0000029a5c232ad0 Thread added: 0x0000029a5c232ad0
Event: 0.036 Thread 0x0000029a5c235a70 Thread added: 0x0000029a5c235a70
Event: 0.064 Thread 0x0000029a5c1ef4b0 Thread added: 0x0000029a5c1ef4b0
Event: 0.072 Thread 0x0000029a604f6090 Thread added: 0x0000029a604f6090
Event: 0.072 Thread 0x0000029a604fa7f0 Thread added: 0x0000029a604fa7f0
Event: 0.112 Thread 0x0000029a605d4250 Thread added: 0x0000029a605d4250
Event: 0.113 Thread 0x0000029a605d47a0 Thread added: 0x0000029a605d47a0
Event: 0.309 Thread 0x0000029a609682b0 Thread added: 0x0000029a609682b0
Event: 0.338 Thread 0x0000029a60b00ba0 Thread added: 0x0000029a60b00ba0
Event: 0.521 Thread 0x0000029a60c659e0 Thread added: 0x0000029a60c659e0
Event: 0.521 Thread 0x0000029a60d08270 Thread added: 0x0000029a60d08270
Event: 0.521 Thread 0x0000029a60c65f70 Thread added: 0x0000029a60c65f70
Event: 0.521 Thread 0x0000029a60c66500 Thread added: 0x0000029a60c66500
Event: 0.529 Thread 0x0000029a61536290 Thread added: 0x0000029a61536290
Event: 0.529 Thread 0x0000029a61536820 Thread added: 0x0000029a61536820
Event: 0.915 Thread 0x0000029a61536820 Thread exited: 0x0000029a61536820


Dynamic libraries:
0x00007ff747150000 - 0x00007ff747160000 	C:\Program Files\Java\jdk-20\bin\java.exe
0x00007ffce5cb0000 - 0x00007ffce5ea8000 	C:\Windows\SYSTEM32\ntdll.dll
0x00007ffce4bd0000 - 0x00007ffce4c8d000 	C:\Windows\System32\KERNEL32.DLL
0x00007ffce3450000 - 0x00007ffce3746000 	C:\Windows\System32\KERNELBASE.dll
0x00007ffce39b0000 - 0x00007ffce3ab0000 	C:\Windows\System32\ucrtbase.dll
0x00007ffca1cc0000 - 0x00007ffca1cdb000 	C:\Program Files\Java\jdk-20\bin\VCRUNTIME140.dll
0x00007ffca1ce0000 - 0x00007ffca1cf9000 	C:\Program Files\Java\jdk-20\bin\jli.dll
0x00007ffce4c90000 - 0x00007ffce4d40000 	C:\Windows\System32\ADVAPI32.dll
0x00007ffce4420000 - 0x00007ffce44be000 	C:\Windows\System32\msvcrt.dll
0x00007ffce5120000 - 0x00007ffce51c0000 	C:\Windows\System32\sechost.dll
0x00007ffce3e80000 - 0x00007ffce3fa3000 	C:\Windows\System32\RPCRT4.dll
0x00007ffce3390000 - 0x00007ffce33b7000 	C:\Windows\System32\bcrypt.dll
0x00007ffce45e0000 - 0x00007ffce477f000 	C:\Windows\System32\USER32.dll
0x00007ffce3360000 - 0x00007ffce3382000 	C:\Windows\System32\win32u.dll
0x00007ffce3ce0000 - 0x00007ffce3d0b000 	C:\Windows\System32\GDI32.dll
0x00007ffcc78d0000 - 0x00007ffcc7b6a000 	C:\Windows\WinSxS\amd64_microsoft.windows.common-controls_6595b64144ccf1df_6.0.19041.4355_none_60b8b9eb71f62e16\COMCTL32.dll
0x00007ffce3b50000 - 0x00007ffce3c67000 	C:\Windows\System32\gdi32full.dll
0x00007ffce3ab0000 - 0x00007ffce3b4d000 	C:\Windows\System32\msvcp_win.dll
0x00007ffcd8490000 - 0x00007ffcd849a000 	C:\Windows\SYSTEM32\VERSION.dll
0x00007ffce4ae0000 - 0x00007ffce4b12000 	C:\Windows\System32\IMM32.DLL
0x00007ffca8d10000 - 0x00007ffca8d1c000 	C:\Program Files\Java\jdk-20\bin\vcruntime140_1.dll
0x00007ffca11b0000 - 0x00007ffca123e000 	C:\Program Files\Java\jdk-20\bin\msvcp140.dll
0x00007ffca0510000 - 0x00007ffca11a7000 	C:\Program Files\Java\jdk-20\bin\server\jvm.dll
0x00007ffcd6120000 - 0x00007ffcd6147000 	C:\Windows\SYSTEM32\WINMM.dll
0x00007ffcd5dc0000 - 0x00007ffcd5dc9000 	C:\Windows\SYSTEM32\WSOCK32.dll
0x00007ffce4e20000 - 0x00007ffce4e8b000 	C:\Windows\System32\WS2_32.dll
0x00007ffce1210000 - 0x00007ffce1222000 	C:\Windows\SYSTEM32\kernel.appcore.dll
0x00007ffca8d00000 - 0x00007ffca8d0a000 	C:\Program Files\Java\jdk-20\bin\jimage.dll
0x00007ffce0a70000 - 0x00007ffce0c54000 	C:\Windows\SYSTEM32\DBGHELP.DLL
0x00007ffcd47b0000 - 0x00007ffcd47e4000 	C:\Windows\SYSTEM32\dbgcore.DLL
0x00007ffce33c0000 - 0x00007ffce3442000 	C:\Windows\System32\bcryptPrimitives.dll
0x00007ffcca400000 - 0x00007ffcca40e000 	C:\Program Files\Java\jdk-20\bin\instrument.dll
0x00007ffc9fa90000 - 0x00007ffc9fab6000 	C:\Program Files\Java\jdk-20\bin\java.dll
0x00007ffc9f430000 - 0x00007ffc9f507000 	C:\Program Files\Java\jdk-20\bin\jsvml.dll
0x00007ffce52f0000 - 0x00007ffce5a5b000 	C:\Windows\System32\SHELL32.dll
0x00007ffce13e0000 - 0x00007ffce1b7d000 	C:\Windows\SYSTEM32\windows.storage.dll
0x00007ffce4780000 - 0x00007ffce4ad3000 	C:\Windows\System32\combase.dll
0x00007ffce2d80000 - 0x00007ffce2dae000 	C:\Windows\SYSTEM32\Wldp.dll
0x00007ffce5a60000 - 0x00007ffce5b2d000 	C:\Windows\System32\OLEAUT32.dll
0x00007ffce4b20000 - 0x00007ffce4bcd000 	C:\Windows\System32\SHCORE.dll
0x00007ffce5b30000 - 0x00007ffce5b85000 	C:\Windows\System32\shlwapi.dll
0x00007ffce3290000 - 0x00007ffce32b4000 	C:\Windows\SYSTEM32\profapi.dll
0x00007ffc9e670000 - 0x00007ffc9e688000 	C:\Program Files\Java\jdk-20\bin\zip.dll
0x00007ffc9e6b0000 - 0x00007ffc9e6c3000 	C:\Program Files\Java\jdk-20\bin\net.dll
0x00007ffcda5f0000 - 0x00007ffcda6fa000 	C:\Windows\SYSTEM32\WINHTTP.dll
0x00007ffce2ae0000 - 0x00007ffce2b4a000 	C:\Windows\system32\mswsock.dll
0x00007ffc9e690000 - 0x00007ffc9e6a6000 	C:\Program Files\Java\jdk-20\bin\nio.dll
0x00007ffcc5830000 - 0x00007ffcc584a000 	C:\Program Files\JetBrains\IntelliJ IDEA 2023.1.4\bin\breakgen64.dll
0x00007ffc9f050000 - 0x00007ffc9f057000 	C:\Program Files\Java\jdk-20\bin\extnet.dll
0x00007ffcc4230000 - 0x00007ffcc4240000 	C:\Program Files\Java\jdk-20\bin\verify.dll
0x00007ffce2cd0000 - 0x00007ffce2ce8000 	C:\Windows\SYSTEM32\CRYPTSP.dll
0x00007ffce2390000 - 0x00007ffce23c4000 	C:\Windows\system32\rsaenh.dll
0x00007ffce3200000 - 0x00007ffce322e000 	C:\Windows\SYSTEM32\USERENV.dll
0x00007ffce2cf0000 - 0x00007ffce2cfc000 	C:\Windows\SYSTEM32\CRYPTBASE.dll
0x00007ffce2770000 - 0x00007ffce27ab000 	C:\Windows\SYSTEM32\IPHLPAPI.DLL
0x00007ffce5110000 - 0x00007ffce5118000 	C:\Windows\System32\NSI.dll
0x00007ffcd9520000 - 0x00007ffcd9537000 	C:\Windows\SYSTEM32\dhcpcsvc6.DLL
0x00007ffcd9500000 - 0x00007ffcd951d000 	C:\Windows\SYSTEM32\dhcpcsvc.DLL
0x00007ffce27b0000 - 0x00007ffce287b000 	C:\Windows\SYSTEM32\DNSAPI.dll
0x00007ffcc9f60000 - 0x00007ffcc9f6a000 	C:\Users\Mahmoud Ghania\AppData\Local\Temp\jansi-1.17.1-12333785290429587161.dll

dbghelp: loaded successfully - version: 4.0.5 - missing functions: none
symbol engine: initialized successfully - sym options: 0x614 - pdb path: .;C:\Program Files\Java\jdk-20\bin;C:\Windows\SYSTEM32;C:\Windows\WinSxS\amd64_microsoft.windows.common-controls_6595b64144ccf1df_6.0.19041.4355_none_60b8b9eb71f62e16;C:\Program Files\Java\jdk-20\bin\server;C:\Program Files\JetBrains\IntelliJ IDEA 2023.1.4\bin;C:\Users\Mahmoud Ghania\AppData\Local\Temp

VM Arguments:
jvm_args: -Dmaven.multiModuleProjectDirectory=E:\University\E-Pharmacy -Djansi.passthrough=true -Dmaven.home=C:\Program Files\JetBrains\IntelliJ IDEA 2023.1.4\plugins\maven\lib\maven3 -Dclassworlds.conf=C:\Program Files\JetBrains\IntelliJ IDEA 2023.1.4\plugins\maven\lib\maven3\bin\m2.conf -Dmaven.ext.class.path=C:\Program Files\JetBrains\IntelliJ IDEA 2023.1.4\plugins\maven\lib\maven-event-listener.jar -javaagent:C:\Program Files\JetBrains\IntelliJ IDEA 2023.1.4\lib\idea_rt.jar=63155:C:\Program Files\JetBrains\IntelliJ IDEA 2023.1.4\bin -Dfile.encoding=UTF-8 -Dsun.stdout.encoding=UTF-8 -Dsun.stderr.encoding=UTF-8 
java_command: org.codehaus.classworlds.Launcher -Didea.version=2023.1.4 clean
java_class_path (initial): C:\Program Files\JetBrains\IntelliJ IDEA 2023.1.4\plugins\maven\lib\maven3\boot\plexus-classworlds-2.6.0.jar;C:\Program Files\JetBrains\IntelliJ IDEA 2023.1.4\plugins\maven\lib\maven3\boot\plexus-classworlds.license
Launcher Type: SUN_STANDARD

[Global flags]
     intx CICompilerCount                          = 12                                        {product} {ergonomic}
     uint ConcGCThreads                            = 3                                         {product} {ergonomic}
     uint G1ConcRefinementThreads                  = 13                                        {product} {ergonomic}
   size_t G1HeapRegionSize                         = 2097152                                   {product} {ergonomic}
    uintx GCDrainStackTargetSize                   = 64                                        {product} {ergonomic}
   size_t InitialHeapSize                          = 264241152                                 {product} {ergonomic}
   size_t MarkStackSize                            = 4194304                                   {product} {ergonomic}
   size_t MaxHeapSize                              = 4225761280                                {product} {ergonomic}
   size_t MaxNewSize                               = 2535456768                                {product} {ergonomic}
   size_t MinHeapDeltaBytes                        = 2097152                                   {product} {ergonomic}
   size_t MinHeapSize                              = 8388608                                   {product} {ergonomic}
    uintx NonNMethodCodeHeapSize                   = 7602480                                {pd product} {ergonomic}
    uintx NonProfiledCodeHeapSize                  = 122027880                              {pd product} {ergonomic}
    uintx ProfiledCodeHeapSize                     = 122027880                              {pd product} {ergonomic}
    uintx ReservedCodeCacheSize                    = 251658240                              {pd product} {ergonomic}
     bool SegmentedCodeCache                       = true                                      {product} {ergonomic}
   size_t SoftMaxHeapSize                          = 4225761280                             {manageable} {ergonomic}
     bool UseCompressedClassPointers               = true                           {product lp64_product} {ergonomic}
     bool UseCompressedOops                        = true                           {product lp64_product} {ergonomic}
     bool UseG1GC                                  = true                                      {product} {ergonomic}
     bool UseLargePagesIndividualAllocation        = false                                  {pd product} {ergonomic}

Logging:
Log output configuration:
 #0: stdout all=warning uptime,level,tags foldmultilines=false
 #1: stderr all=off uptime,level,tags foldmultilines=false

Environment Variables:
JAVA_HOME=C:\Program Files\Java\jdk-20
PATH=C:\Program Files\Common Files\Oracle\Java\javapath;C:\oraclexe\app\oracle\product\11.2.0\server\bin;C:\Program Files (x86)\Common Files\Oracle\Java\javapath;C:\Windows\system32;C:\Windows;C:\Windows\System32\Wbem;C:\Windows\System32\WindowsPowerShell\v1.0\;C:\Windows\System32\OpenSSH\;C:\Program Files (x86)\NVIDIA Corporation\PhysX\Common;C:\Program Files\NVIDIA Corporation\NVIDIA NvDLISR;C:\Program Files\dotnet\;C:\Program Files\Microsoft SQL Server\Client SDK\ODBC\110\Tools\Binn\;C:\Program Files (x86)\Microsoft SQL Server\120\Tools\Binn\;C:\Program Files\Microsoft SQL Server\120\Tools\Binn\;C:\Program Files\Microsoft SQL Server\120\DTS\Binn\;C:\Program Files (x86)\Microsoft SQL Server\120\Tools\Binn\ManagementStudio\;C:\Program Files (x86)\Microsoft SQL Server\120\DTS\Binn\;C:\Users\MAHMOU~1\AppData\Local\Pub\Cache\bin;C:\Program Files (x86)\Microsoft SQL Server\160\Tools\Binn\;C:\Program Files\Microsoft SQL Server\160\Tools\Binn\;C:\Program Files\Microsoft SQL Server\Client SDK\ODBC\170\Tools\Binn\;C:\Program Files\Microsoft SQL Server\160\DTS\Binn\;C:\Program Files\Microsoft SQL Server\150\Tools\Binn\;C:\Program Files\Java\jdk-20\bin;C:\Program Files\Git\cmd;C:\Program Files (x86)\Touch Portal\plugins\adb\platform-tools;C:\Program Files\nodejs\;C:\Program Files\Docker\Docker\resources\bin;C:\Program Files\MySQL\MySQL Server 8.0\bin;C:\Program Files\MySQL\MySQL Shell 8.0\bin\;C:\Users\Mahmoud Ghania\AppData\Local\Programs\Python\Python311\Scripts\;C:\Users\Mahmoud Ghania\AppData\Local\Programs\Python\Python311\;C:\Users\Mahmoud Ghania\AppData\Local\Microsoft\WindowsApps;C:\Users\Mahmoud Ghania\AppData\Local\Pub\Cache\bin;C:\Users\Mahmoud Ghania\AppData\Local\Pub\Cache\bin;C:\Program Files\Java\jre1.8.0_351\bin;E:\Flutter\SDKS\dart-sdk\bin;E:\Flutter\SDKS\flutter\bin;C:\Program Files\JetBrains\IntelliJ IDEA 2023.1.4\bin;;C:\Users\Mahmoud Ghania\AppData\Roaming\npm;C:\Users\Mahmoud Ghania\AppData\Local\Programs\Microsoft VS Code\bin;C:\src\ffmpeg\bin;C:\Users\Mahmoud Ghania\AppData\Local\Packages\PythonSoftwareFoundation.Python.3.12_qbz5n2kfra8p0\LocalCache\local-packages\Python312\Scripts;
USERNAME=Mahmoud Ghania
OS=Windows_NT
PROCESSOR_IDENTIFIER=Intel64 Family 6 Model 141 Stepping 1, GenuineIntel
TMP=C:\Users\MAHMOU~1\AppData\Local\Temp
TEMP=C:\Users\MAHMOU~1\AppData\Local\Temp




---------------  S Y S T E M  ---------------

OS:
 Windows 10 , 64 bit Build 19041 (10.0.19041.3636)
OS uptime: 0 days 13:55 hours

CPU: total 16 (initial active 16) (8 cores per cpu, 2 threads per core) family 6 model 141 stepping 1 microcode 0x4e, cx8, cmov, fxsr, ht, mmx, 3dnowpref, sse, sse2, sse3, ssse3, sse4.1, sse4.2, popcnt, lzcnt, tsc, tscinvbit, avx, avx2, aes, erms, clmul, bmi1, bmi2, adx, avx512f, avx512dq, avx512cd, avx512bw, avx512vl, sha, fma, vzeroupper, avx512_vpopcntdq, avx512_vpclmulqdq, avx512_vaes, avx512_vnni, clflush, clflushopt, clwb, avx512_vbmi2, avx512_vbmi, rdtscp, rdpid, fsrm, gfni, avx512_bitalg, f16c, pku, cet_ibt, cet_ss, avx512_ifma

Memory: 4k page, system-wide physical 16114M (1888M free)
TotalPageFile size 34932M (AvailPageFile size 5M)
current process WorkingSet (physical memory assigned to process): 135M, peak: 135M
current process commit charge ("private bytes"): 401M, peak: 401M

vm_info: Java HotSpot(TM) 64-Bit Server VM (20.0.1+9-29) for windows-amd64 JRE (20.0.1+9-29), built on 2023-03-07T13:56:11Z by "mach5one" with MS VC++ 17.1 (VS2022)

END.
