#
# There is insufficient memory for the Java Runtime Environment to continue.
# Native memory allocation (malloc) failed to allocate 32784 bytes for Chunk::new
# Possible reasons:
#   The system is out of physical RAM or swap space
#   The process is running with CompressedOops enabled, and the Java Heap may be blocking the growth of the native heap
# Possible solutions:
#   Reduce memory load on the system
#   Increase physical memory or swap space
#   Check if swap backing store is full
#   Decrease Java heap size (-Xmx/-Xms)
#   Decrease number of Java threads
#   Decrease Java thread stack sizes (-Xss)
#   Set larger code cache with -XX:ReservedCodeCacheSize=
#   JVM is running with Zero Based Compressed Oops mode in which the Java heap is
#     placed in the first 32GB address space. The Java Heap base address is the
#     maximum limit for the native heap growth. Please use -XX:HeapBaseMinAddress
#     to set the Java Heap base and to place the Java Heap above 32GB virtual address.
# This output file may be truncated or incomplete.
#
#  Out of Memory Error (arena.cpp:184), pid=19172, tid=23880
#
# JRE version: Java(TM) SE Runtime Environment (20.0.1+9) (build 20.0.1+9-29)
# Java VM: Java HotSpot(TM) 64-Bit Server VM (20.0.1+9-29, mixed mode, sharing, tiered, compressed oops, compressed class ptrs, g1 gc, windows-amd64)
# No core dump will be written. Minidumps are not enabled by default on client versions of Windows
#

---------------  S U M M A R Y ------------

Command Line: -Dmaven.multiModuleProjectDirectory=E:\sidaliah -Djansi.passthrough=true -Dmaven.home=C:\Users\Mahmoud Ghania\.m2\wrapper\dists\apache-maven-3.9.4-bin\2vqnav6ufo1qvo5j2um40861m\apache-maven-3.9.4 -Dclassworlds.conf=C:\Users\Mahmoud Ghania\.m2\wrapper\dists\apache-maven-3.9.4-bin\2vqnav6ufo1qvo5j2um40861m\apache-maven-3.9.4\bin\m2.conf -Dmaven.ext.class.path=C:\Program Files\JetBrains\IntelliJ IDEA 2023.1.4\plugins\maven\lib\maven-event-listener.jar -javaagent:C:\Program Files\JetBrains\IntelliJ IDEA 2023.1.4\lib\idea_rt.jar=52843:C:\Program Files\JetBrains\IntelliJ IDEA 2023.1.4\bin -Dfile.encoding=UTF-8 -Dsun.stdout.encoding=UTF-8 -Dsun.stderr.encoding=UTF-8 org.codehaus.classworlds.Launcher -Didea.version=2023.1.4 clean

Host: 11th Gen Intel(R) Core(TM) i7-11800H @ 2.30GHz, 16 cores, 15G,  Windows 10 , 64 bit Build 19041 (10.0.19041.3636)
Time: Tue Jan 30 16:47:45 2024 Egypt Standard Time elapsed time: 0.399315 seconds (0d 0h 0m 0s)

---------------  T H R E A D  ---------------

Current thread (0x000001f1ee2d2440):  JavaThread "C2 CompilerThread1" daemon [_thread_in_native, id=23880, stack(0x000000af32600000,0x000000af32700000)]


Current CompileTask:
C2:    399 1209   !   4       sun.nio.cs.StreamDecoder::read (78 bytes)

Stack: [0x000000af32600000,0x000000af32700000]
Native frames: (J=compiled Java code, j=interpreted, Vv=VM code, C=native code)
V  [jvm.dll+0x6bb95a]
V  [jvm.dll+0x8485fa]
V  [jvm.dll+0x84a1f5]
V  [jvm.dll+0x84a8f3]
V  [jvm.dll+0x280b0f]
V  [jvm.dll+0xc2b11]
V  [jvm.dll+0xc2e35]
V  [jvm.dll+0xc2c34]
V  [jvm.dll+0x69987c]
V  [jvm.dll+0x5e2f0f]
V  [jvm.dll+0x2543b4]
V  [jvm.dll+0x25477f]
V  [jvm.dll+0x24cf6d]
V  [jvm.dll+0x24a549]
V  [jvm.dll+0x1ce491]
V  [jvm.dll+0x259e1b]
V  [jvm.dll+0x2584f0]
V  [jvm.dll+0x3f2895]
V  [jvm.dll+0x7f4b56]
V  [jvm.dll+0x6ba5cb]
C  [ucrtbase.dll+0x21bb2]
C  [KERNEL32.DLL+0x17344]
C  [ntdll.dll+0x526b1]


---------------  P R O C E S S  ---------------

Threads class SMR info:
_java_thread_list=0x000001f1ee730300, length=19, elements={
0x000001f1c9db9ab0, 0x000001f1e9d453f0, 0x000001f1e9d461f0, 0x000001f1e9d46ff0,
0x000001f1e9d4abd0, 0x000001f1e9d4bb20, 0x000001f1e9d4c460, 0x000001f1e9d554e0,
0x000001f1e9d62680, 0x000001f1ee10ad10, 0x000001f1ee11bde0, 0x000001f1ee131080,
0x000001f1ee29b870, 0x000001f1ee29c890, 0x000001f1ee2d2440, 0x000001f1ee70c9c0,
0x000001f1eeeb8170, 0x000001f1eefbeb40, 0x000001f1ee8943d0
}

Java Threads: ( => current thread )
  0x000001f1c9db9ab0 JavaThread "main" [_thread_in_vm, id=13392, stack(0x000000af31100000,0x000000af31200000)]
  0x000001f1e9d453f0 JavaThread "Reference Handler" daemon [_thread_blocked, id=756, stack(0x000000af31800000,0x000000af31900000)]
  0x000001f1e9d461f0 JavaThread "Finalizer" daemon [_thread_blocked, id=16528, stack(0x000000af31900000,0x000000af31a00000)]
  0x000001f1e9d46ff0 JavaThread "Signal Dispatcher" daemon [_thread_blocked, id=13476, stack(0x000000af31a00000,0x000000af31b00000)]
  0x000001f1e9d4abd0 JavaThread "Attach Listener" daemon [_thread_blocked, id=5040, stack(0x000000af31b00000,0x000000af31c00000)]
  0x000001f1e9d4bb20 JavaThread "Service Thread" daemon [_thread_blocked, id=604, stack(0x000000af31c00000,0x000000af31d00000)]
  0x000001f1e9d4c460 JavaThread "Monitor Deflation Thread" daemon [_thread_blocked, id=25284, stack(0x000000af31d00000,0x000000af31e00000)]
  0x000001f1e9d554e0 JavaThread "C2 CompilerThread0" daemon [_thread_in_native, id=20512, stack(0x000000af31e00000,0x000000af31f00000)]
  0x000001f1e9d62680 JavaThread "C1 CompilerThread0" daemon [_thread_blocked, id=23952, stack(0x000000af31f00000,0x000000af32000000)]
  0x000001f1ee10ad10 JavaThread "Common-Cleaner" daemon [_thread_blocked, id=22260, stack(0x000000af32000000,0x000000af32100000)]
  0x000001f1ee11bde0 JavaThread "C1 CompilerThread1" daemon [_thread_blocked, id=7736, stack(0x000000af32100000,0x000000af32200000)]
  0x000001f1ee131080 JavaThread "C1 CompilerThread2" daemon [_thread_blocked, id=22800, stack(0x000000af32200000,0x000000af32300000)]
  0x000001f1ee29b870 JavaThread "Monitor Ctrl-Break" daemon [_thread_in_native, id=22268, stack(0x000000af32300000,0x000000af32400000)]
  0x000001f1ee29c890 JavaThread "Notification Thread" daemon [_thread_blocked, id=26072, stack(0x000000af32400000,0x000000af32500000)]
=>0x000001f1ee2d2440 JavaThread "C2 CompilerThread1" daemon [_thread_in_native, id=23880, stack(0x000000af32600000,0x000000af32700000)]
  0x000001f1ee70c9c0 JavaThread "C1 CompilerThread3" daemon [_thread_blocked, id=8496, stack(0x000000af32700000,0x000000af32800000)]
  0x000001f1eeeb8170 JavaThread "C2 CompilerThread2" daemon [_thread_in_native, id=23856, stack(0x000000af32800000,0x000000af32900000)]
  0x000001f1eefbeb40 JavaThread "C2 CompilerThread3" daemon [_thread_in_native, id=22864, stack(0x000000af33100000,0x000000af33200000)]
  0x000001f1ee8943d0 JavaThread "C2 CompilerThread4" daemon [_thread_in_native, id=12928, stack(0x000000af33200000,0x000000af33300000)]

Other Threads:
  0x000001f1e9d26200 VMThread "VM Thread" [stack: 0x000000af31700000,0x000000af31800000] [id=5044]
  0x000001f1ee29e6a0 WatcherThread "VM Periodic Task Thread" [stack: 0x000000af32500000,0x000000af32600000] [id=24972]
  0x000001f1c9e280e0 WorkerThread "GC Thread#0" [stack: 0x000000af31200000,0x000000af31300000] [id=24660]
  0x000001f1ee41ba00 WorkerThread "GC Thread#1" [stack: 0x000000af32900000,0x000000af32a00000] [id=17076]
  0x000001f1ee41bfa0 WorkerThread "GC Thread#2" [stack: 0x000000af32a00000,0x000000af32b00000] [id=19432]
  0x000001f1ee41c270 WorkerThread "GC Thread#3" [stack: 0x000000af32b00000,0x000000af32c00000] [id=25448]
  0x000001f1ee41cae0 WorkerThread "GC Thread#4" [stack: 0x000000af32c00000,0x000000af32d00000] [id=25000]
  0x000001f1ee41cdb0 WorkerThread "GC Thread#5" [stack: 0x000000af32d00000,0x000000af32e00000] [id=22696]
  0x000001f1ee41c540 WorkerThread "GC Thread#6" [stack: 0x000000af32e00000,0x000000af32f00000] [id=24768]
  0x000001f1ef009c20 WorkerThread "GC Thread#7" [stack: 0x000000af32f00000,0x000000af33000000] [id=3320]
  0x000001f1ef008870 WorkerThread "GC Thread#8" [stack: 0x000000af33000000,0x000000af33100000] [id=10268]
  0x000001f1c9e39c80 ConcurrentGCThread "G1 Main Marker" [stack: 0x000000af31300000,0x000000af31400000] [id=13020]
  0x000001f1c9e3a5c0 WorkerThread "G1 Conc#0" [stack: 0x000000af31400000,0x000000af31500000] [id=20180]
  0x000001f1e9be5610 ConcurrentGCThread "G1 Refine#0" [stack: 0x000000af31500000,0x000000af31600000] [id=1096]
  0x000001f1e9be5d60 ConcurrentGCThread "G1 Service" [stack: 0x000000af31600000,0x000000af31700000] [id=22840]

Threads with active compile tasks:
C2 CompilerThread0      414 1210       4       sun.nio.cs.StreamDecoder::lockedRead (189 bytes)
C2 CompilerThread1      414 1209   !   4       sun.nio.cs.StreamDecoder::read (78 bytes)
C2 CompilerThread2      414 1212       4       java.io.InputStreamReader::read (11 bytes)
C2 CompilerThread3      414 1234       4       sun.nio.cs.StreamDecoder::implRead (232 bytes)
C2 CompilerThread4      414 1213       4       org.codehaus.plexus.util.xml.XmlReader::read (11 bytes)

VM state: not at safepoint (normal execution)

VM Mutex/Monitor currently owned by a thread: None

Heap address: 0x0000000704200000, size: 4030 MB, Compressed Oops mode: Zero based, Oop shift amount: 3

CDS archive(s) mapped at: [0x0000000800000000-0x0000000800c60000-0x0000000800c60000), size 12976128, SharedBaseAddress: 0x0000000800000000, ArchiveRelocationMode: 0.
Compressed class space mapped at: 0x0000000801000000-0x0000000841000000, reserved size: 1073741824
Narrow klass base: 0x0000000800000000, Narrow klass shift: 0, Narrow klass range: 0x100000000

GC Precious Log:
 CardTable entry size: 512
 Card Set container configuration: InlinePtr #cards 4 size 8 Array Of Cards #cards 16 size 48 Howl #buckets 8 coarsen threshold 3686 Howl Bitmap #cards 512 size 80 coarsen threshold 460 Card regions per heap region 1 cards per card region 4096
 CPUs: 16 total, 16 available
 Memory: 16114M
 Large Page Support: Disabled
 NUMA Support: Disabled
 Compressed Oops: Enabled (Zero based)
 Heap Region Size: 2M
 Heap Min Capacity: 8M
 Heap Initial Capacity: 252M
 Heap Max Capacity: 4030M
 Pre-touch: Disabled
 Parallel Workers: 13
 Concurrent Workers: 3
 Concurrent Refinement Workers: 13
 Periodic GC: Disabled

Heap:
 garbage-first heap   total 258048K, used 3997K [0x0000000704200000, 0x0000000800000000)
  region size 2048K, 3 young (6144K), 2 survivors (4096K)
 Metaspace       used 5983K, committed 6208K, reserved 1114112K
  class space    used 670K, committed 768K, reserved 1048576K

Heap Regions: E=young(eden), S=young(survivor), O=old, HS=humongous(starts), HC=humongous(continues), CS=collection set, F=free, OA=open archive, CA=closed archive, TAMS=top-at-mark-start, PB=parsable bottom
|   0|0x0000000704200000, 0x0000000704200000, 0x0000000704400000|  0%| F|  |TAMS 0x0000000704200000| PB 0x0000000704200000| Untracked 
|   1|0x0000000704400000, 0x0000000704400000, 0x0000000704600000|  0%| F|  |TAMS 0x0000000704400000| PB 0x0000000704400000| Untracked 
|   2|0x0000000704600000, 0x0000000704600000, 0x0000000704800000|  0%| F|  |TAMS 0x0000000704600000| PB 0x0000000704600000| Untracked 
|   3|0x0000000704800000, 0x0000000704800000, 0x0000000704a00000|  0%| F|  |TAMS 0x0000000704800000| PB 0x0000000704800000| Untracked 
|   4|0x0000000704a00000, 0x0000000704a00000, 0x0000000704c00000|  0%| F|  |TAMS 0x0000000704a00000| PB 0x0000000704a00000| Untracked 
|   5|0x0000000704c00000, 0x0000000704c00000, 0x0000000704e00000|  0%| F|  |TAMS 0x0000000704c00000| PB 0x0000000704c00000| Untracked 
|   6|0x0000000704e00000, 0x0000000704e00000, 0x0000000705000000|  0%| F|  |TAMS 0x0000000704e00000| PB 0x0000000704e00000| Untracked 
|   7|0x0000000705000000, 0x0000000705000000, 0x0000000705200000|  0%| F|  |TAMS 0x0000000705000000| PB 0x0000000705000000| Untracked 
|   8|0x0000000705200000, 0x0000000705200000, 0x0000000705400000|  0%| F|  |TAMS 0x0000000705200000| PB 0x0000000705200000| Untracked 
|   9|0x0000000705400000, 0x0000000705400000, 0x0000000705600000|  0%| F|  |TAMS 0x0000000705400000| PB 0x0000000705400000| Untracked 
|  10|0x0000000705600000, 0x0000000705600000, 0x0000000705800000|  0%| F|  |TAMS 0x0000000705600000| PB 0x0000000705600000| Untracked 
|  11|0x0000000705800000, 0x0000000705800000, 0x0000000705a00000|  0%| F|  |TAMS 0x0000000705800000| PB 0x0000000705800000| Untracked 
|  12|0x0000000705a00000, 0x0000000705a00000, 0x0000000705c00000|  0%| F|  |TAMS 0x0000000705a00000| PB 0x0000000705a00000| Untracked 
|  13|0x0000000705c00000, 0x0000000705c00000, 0x0000000705e00000|  0%| F|  |TAMS 0x0000000705c00000| PB 0x0000000705c00000| Untracked 
|  14|0x0000000705e00000, 0x0000000705e00000, 0x0000000706000000|  0%| F|  |TAMS 0x0000000705e00000| PB 0x0000000705e00000| Untracked 
|  15|0x0000000706000000, 0x0000000706000000, 0x0000000706200000|  0%| F|  |TAMS 0x0000000706000000| PB 0x0000000706000000| Untracked 
|  16|0x0000000706200000, 0x0000000706200000, 0x0000000706400000|  0%| F|  |TAMS 0x0000000706200000| PB 0x0000000706200000| Untracked 
|  17|0x0000000706400000, 0x0000000706400000, 0x0000000706600000|  0%| F|  |TAMS 0x0000000706400000| PB 0x0000000706400000| Untracked 
|  18|0x0000000706600000, 0x0000000706600000, 0x0000000706800000|  0%| F|  |TAMS 0x0000000706600000| PB 0x0000000706600000| Untracked 
|  19|0x0000000706800000, 0x0000000706800000, 0x0000000706a00000|  0%| F|  |TAMS 0x0000000706800000| PB 0x0000000706800000| Untracked 
|  20|0x0000000706a00000, 0x0000000706a00000, 0x0000000706c00000|  0%| F|  |TAMS 0x0000000706a00000| PB 0x0000000706a00000| Untracked 
|  21|0x0000000706c00000, 0x0000000706c00000, 0x0000000706e00000|  0%| F|  |TAMS 0x0000000706c00000| PB 0x0000000706c00000| Untracked 
|  22|0x0000000706e00000, 0x0000000706e00000, 0x0000000707000000|  0%| F|  |TAMS 0x0000000706e00000| PB 0x0000000706e00000| Untracked 
|  23|0x0000000707000000, 0x0000000707000000, 0x0000000707200000|  0%| F|  |TAMS 0x0000000707000000| PB 0x0000000707000000| Untracked 
|  24|0x0000000707200000, 0x0000000707200000, 0x0000000707400000|  0%| F|  |TAMS 0x0000000707200000| PB 0x0000000707200000| Untracked 
|  25|0x0000000707400000, 0x0000000707400000, 0x0000000707600000|  0%| F|  |TAMS 0x0000000707400000| PB 0x0000000707400000| Untracked 
|  26|0x0000000707600000, 0x0000000707600000, 0x0000000707800000|  0%| F|  |TAMS 0x0000000707600000| PB 0x0000000707600000| Untracked 
|  27|0x0000000707800000, 0x0000000707800000, 0x0000000707a00000|  0%| F|  |TAMS 0x0000000707800000| PB 0x0000000707800000| Untracked 
|  28|0x0000000707a00000, 0x0000000707a00000, 0x0000000707c00000|  0%| F|  |TAMS 0x0000000707a00000| PB 0x0000000707a00000| Untracked 
|  29|0x0000000707c00000, 0x0000000707c00000, 0x0000000707e00000|  0%| F|  |TAMS 0x0000000707c00000| PB 0x0000000707c00000| Untracked 
|  30|0x0000000707e00000, 0x0000000707e00000, 0x0000000708000000|  0%| F|  |TAMS 0x0000000707e00000| PB 0x0000000707e00000| Untracked 
|  31|0x0000000708000000, 0x0000000708000000, 0x0000000708200000|  0%| F|  |TAMS 0x0000000708000000| PB 0x0000000708000000| Untracked 
|  32|0x0000000708200000, 0x0000000708200000, 0x0000000708400000|  0%| F|  |TAMS 0x0000000708200000| PB 0x0000000708200000| Untracked 
|  33|0x0000000708400000, 0x0000000708400000, 0x0000000708600000|  0%| F|  |TAMS 0x0000000708400000| PB 0x0000000708400000| Untracked 
|  34|0x0000000708600000, 0x0000000708600000, 0x0000000708800000|  0%| F|  |TAMS 0x0000000708600000| PB 0x0000000708600000| Untracked 
|  35|0x0000000708800000, 0x0000000708800000, 0x0000000708a00000|  0%| F|  |TAMS 0x0000000708800000| PB 0x0000000708800000| Untracked 
|  36|0x0000000708a00000, 0x0000000708a00000, 0x0000000708c00000|  0%| F|  |TAMS 0x0000000708a00000| PB 0x0000000708a00000| Untracked 
|  37|0x0000000708c00000, 0x0000000708c00000, 0x0000000708e00000|  0%| F|  |TAMS 0x0000000708c00000| PB 0x0000000708c00000| Untracked 
|  38|0x0000000708e00000, 0x0000000708e00000, 0x0000000709000000|  0%| F|  |TAMS 0x0000000708e00000| PB 0x0000000708e00000| Untracked 
|  39|0x0000000709000000, 0x0000000709000000, 0x0000000709200000|  0%| F|  |TAMS 0x0000000709000000| PB 0x0000000709000000| Untracked 
|  40|0x0000000709200000, 0x0000000709200000, 0x0000000709400000|  0%| F|  |TAMS 0x0000000709200000| PB 0x0000000709200000| Untracked 
|  41|0x0000000709400000, 0x0000000709400000, 0x0000000709600000|  0%| F|  |TAMS 0x0000000709400000| PB 0x0000000709400000| Untracked 
|  42|0x0000000709600000, 0x0000000709600000, 0x0000000709800000|  0%| F|  |TAMS 0x0000000709600000| PB 0x0000000709600000| Untracked 
|  43|0x0000000709800000, 0x0000000709800000, 0x0000000709a00000|  0%| F|  |TAMS 0x0000000709800000| PB 0x0000000709800000| Untracked 
|  44|0x0000000709a00000, 0x0000000709a00000, 0x0000000709c00000|  0%| F|  |TAMS 0x0000000709a00000| PB 0x0000000709a00000| Untracked 
|  45|0x0000000709c00000, 0x0000000709c00000, 0x0000000709e00000|  0%| F|  |TAMS 0x0000000709c00000| PB 0x0000000709c00000| Untracked 
|  46|0x0000000709e00000, 0x0000000709e00000, 0x000000070a000000|  0%| F|  |TAMS 0x0000000709e00000| PB 0x0000000709e00000| Untracked 
|  47|0x000000070a000000, 0x000000070a000000, 0x000000070a200000|  0%| F|  |TAMS 0x000000070a000000| PB 0x000000070a000000| Untracked 
|  48|0x000000070a200000, 0x000000070a200000, 0x000000070a400000|  0%| F|  |TAMS 0x000000070a200000| PB 0x000000070a200000| Untracked 
|  49|0x000000070a400000, 0x000000070a400000, 0x000000070a600000|  0%| F|  |TAMS 0x000000070a400000| PB 0x000000070a400000| Untracked 
|  50|0x000000070a600000, 0x000000070a600000, 0x000000070a800000|  0%| F|  |TAMS 0x000000070a600000| PB 0x000000070a600000| Untracked 
|  51|0x000000070a800000, 0x000000070a800000, 0x000000070aa00000|  0%| F|  |TAMS 0x000000070a800000| PB 0x000000070a800000| Untracked 
|  52|0x000000070aa00000, 0x000000070aa00000, 0x000000070ac00000|  0%| F|  |TAMS 0x000000070aa00000| PB 0x000000070aa00000| Untracked 
|  53|0x000000070ac00000, 0x000000070ac00000, 0x000000070ae00000|  0%| F|  |TAMS 0x000000070ac00000| PB 0x000000070ac00000| Untracked 
|  54|0x000000070ae00000, 0x000000070ae00000, 0x000000070b000000|  0%| F|  |TAMS 0x000000070ae00000| PB 0x000000070ae00000| Untracked 
|  55|0x000000070b000000, 0x000000070b000000, 0x000000070b200000|  0%| F|  |TAMS 0x000000070b000000| PB 0x000000070b000000| Untracked 
|  56|0x000000070b200000, 0x000000070b200000, 0x000000070b400000|  0%| F|  |TAMS 0x000000070b200000| PB 0x000000070b200000| Untracked 
|  57|0x000000070b400000, 0x000000070b400000, 0x000000070b600000|  0%| F|  |TAMS 0x000000070b400000| PB 0x000000070b400000| Untracked 
|  58|0x000000070b600000, 0x000000070b600000, 0x000000070b800000|  0%| F|  |TAMS 0x000000070b600000| PB 0x000000070b600000| Untracked 
|  59|0x000000070b800000, 0x000000070b800000, 0x000000070ba00000|  0%| F|  |TAMS 0x000000070b800000| PB 0x000000070b800000| Untracked 
|  60|0x000000070ba00000, 0x000000070ba00000, 0x000000070bc00000|  0%| F|  |TAMS 0x000000070ba00000| PB 0x000000070ba00000| Untracked 
|  61|0x000000070bc00000, 0x000000070bc00000, 0x000000070be00000|  0%| F|  |TAMS 0x000000070bc00000| PB 0x000000070bc00000| Untracked 
|  62|0x000000070be00000, 0x000000070be00000, 0x000000070c000000|  0%| F|  |TAMS 0x000000070be00000| PB 0x000000070be00000| Untracked 
|  63|0x000000070c000000, 0x000000070c000000, 0x000000070c200000|  0%| F|  |TAMS 0x000000070c000000| PB 0x000000070c000000| Untracked 
|  64|0x000000070c200000, 0x000000070c200000, 0x000000070c400000|  0%| F|  |TAMS 0x000000070c200000| PB 0x000000070c200000| Untracked 
|  65|0x000000070c400000, 0x000000070c400000, 0x000000070c600000|  0%| F|  |TAMS 0x000000070c400000| PB 0x000000070c400000| Untracked 
|  66|0x000000070c600000, 0x000000070c600000, 0x000000070c800000|  0%| F|  |TAMS 0x000000070c600000| PB 0x000000070c600000| Untracked 
|  67|0x000000070c800000, 0x000000070c800000, 0x000000070ca00000|  0%| F|  |TAMS 0x000000070c800000| PB 0x000000070c800000| Untracked 
|  68|0x000000070ca00000, 0x000000070ca00000, 0x000000070cc00000|  0%| F|  |TAMS 0x000000070ca00000| PB 0x000000070ca00000| Untracked 
|  69|0x000000070cc00000, 0x000000070cc00000, 0x000000070ce00000|  0%| F|  |TAMS 0x000000070cc00000| PB 0x000000070cc00000| Untracked 
|  70|0x000000070ce00000, 0x000000070ce00000, 0x000000070d000000|  0%| F|  |TAMS 0x000000070ce00000| PB 0x000000070ce00000| Untracked 
|  71|0x000000070d000000, 0x000000070d000000, 0x000000070d200000|  0%| F|  |TAMS 0x000000070d000000| PB 0x000000070d000000| Untracked 
|  72|0x000000070d200000, 0x000000070d200000, 0x000000070d400000|  0%| F|  |TAMS 0x000000070d200000| PB 0x000000070d200000| Untracked 
|  73|0x000000070d400000, 0x000000070d400000, 0x000000070d600000|  0%| F|  |TAMS 0x000000070d400000| PB 0x000000070d400000| Untracked 
|  74|0x000000070d600000, 0x000000070d600000, 0x000000070d800000|  0%| F|  |TAMS 0x000000070d600000| PB 0x000000070d600000| Untracked 
|  75|0x000000070d800000, 0x000000070d800000, 0x000000070da00000|  0%| F|  |TAMS 0x000000070d800000| PB 0x000000070d800000| Untracked 
|  76|0x000000070da00000, 0x000000070da00000, 0x000000070dc00000|  0%| F|  |TAMS 0x000000070da00000| PB 0x000000070da00000| Untracked 
|  77|0x000000070dc00000, 0x000000070dc00000, 0x000000070de00000|  0%| F|  |TAMS 0x000000070dc00000| PB 0x000000070dc00000| Untracked 
|  78|0x000000070de00000, 0x000000070de00000, 0x000000070e000000|  0%| F|  |TAMS 0x000000070de00000| PB 0x000000070de00000| Untracked 
|  79|0x000000070e000000, 0x000000070e000000, 0x000000070e200000|  0%| F|  |TAMS 0x000000070e000000| PB 0x000000070e000000| Untracked 
|  80|0x000000070e200000, 0x000000070e200000, 0x000000070e400000|  0%| F|  |TAMS 0x000000070e200000| PB 0x000000070e200000| Untracked 
|  81|0x000000070e400000, 0x000000070e400000, 0x000000070e600000|  0%| F|  |TAMS 0x000000070e400000| PB 0x000000070e400000| Untracked 
|  82|0x000000070e600000, 0x000000070e600000, 0x000000070e800000|  0%| F|  |TAMS 0x000000070e600000| PB 0x000000070e600000| Untracked 
|  83|0x000000070e800000, 0x000000070e800000, 0x000000070ea00000|  0%| F|  |TAMS 0x000000070e800000| PB 0x000000070e800000| Untracked 
|  84|0x000000070ea00000, 0x000000070ea00000, 0x000000070ec00000|  0%| F|  |TAMS 0x000000070ea00000| PB 0x000000070ea00000| Untracked 
|  85|0x000000070ec00000, 0x000000070ec00000, 0x000000070ee00000|  0%| F|  |TAMS 0x000000070ec00000| PB 0x000000070ec00000| Untracked 
|  86|0x000000070ee00000, 0x000000070ee00000, 0x000000070f000000|  0%| F|  |TAMS 0x000000070ee00000| PB 0x000000070ee00000| Untracked 
|  87|0x000000070f000000, 0x000000070f000000, 0x000000070f200000|  0%| F|  |TAMS 0x000000070f000000| PB 0x000000070f000000| Untracked 
|  88|0x000000070f200000, 0x000000070f200000, 0x000000070f400000|  0%| F|  |TAMS 0x000000070f200000| PB 0x000000070f200000| Untracked 
|  89|0x000000070f400000, 0x000000070f400000, 0x000000070f600000|  0%| F|  |TAMS 0x000000070f400000| PB 0x000000070f400000| Untracked 
|  90|0x000000070f600000, 0x000000070f600000, 0x000000070f800000|  0%| F|  |TAMS 0x000000070f600000| PB 0x000000070f600000| Untracked 
|  91|0x000000070f800000, 0x000000070f800000, 0x000000070fa00000|  0%| F|  |TAMS 0x000000070f800000| PB 0x000000070f800000| Untracked 
|  92|0x000000070fa00000, 0x000000070fa00000, 0x000000070fc00000|  0%| F|  |TAMS 0x000000070fa00000| PB 0x000000070fa00000| Untracked 
|  93|0x000000070fc00000, 0x000000070fc00000, 0x000000070fe00000|  0%| F|  |TAMS 0x000000070fc00000| PB 0x000000070fc00000| Untracked 
|  94|0x000000070fe00000, 0x000000070fe00000, 0x0000000710000000|  0%| F|  |TAMS 0x000000070fe00000| PB 0x000000070fe00000| Untracked 
|  95|0x0000000710000000, 0x0000000710000000, 0x0000000710200000|  0%| F|  |TAMS 0x0000000710000000| PB 0x0000000710000000| Untracked 
|  96|0x0000000710200000, 0x0000000710200000, 0x0000000710400000|  0%| F|  |TAMS 0x0000000710200000| PB 0x0000000710200000| Untracked 
|  97|0x0000000710400000, 0x0000000710400000, 0x0000000710600000|  0%| F|  |TAMS 0x0000000710400000| PB 0x0000000710400000| Untracked 
|  98|0x0000000710600000, 0x0000000710600000, 0x0000000710800000|  0%| F|  |TAMS 0x0000000710600000| PB 0x0000000710600000| Untracked 
|  99|0x0000000710800000, 0x0000000710800000, 0x0000000710a00000|  0%| F|  |TAMS 0x0000000710800000| PB 0x0000000710800000| Untracked 
| 100|0x0000000710a00000, 0x0000000710a00000, 0x0000000710c00000|  0%| F|  |TAMS 0x0000000710a00000| PB 0x0000000710a00000| Untracked 
| 101|0x0000000710c00000, 0x0000000710c00000, 0x0000000710e00000|  0%| F|  |TAMS 0x0000000710c00000| PB 0x0000000710c00000| Untracked 
| 102|0x0000000710e00000, 0x0000000710e00000, 0x0000000711000000|  0%| F|  |TAMS 0x0000000710e00000| PB 0x0000000710e00000| Untracked 
| 103|0x0000000711000000, 0x0000000711000000, 0x0000000711200000|  0%| F|  |TAMS 0x0000000711000000| PB 0x0000000711000000| Untracked 
| 104|0x0000000711200000, 0x0000000711200000, 0x0000000711400000|  0%| F|  |TAMS 0x0000000711200000| PB 0x0000000711200000| Untracked 
| 105|0x0000000711400000, 0x0000000711400000, 0x0000000711600000|  0%| F|  |TAMS 0x0000000711400000| PB 0x0000000711400000| Untracked 
| 106|0x0000000711600000, 0x0000000711600000, 0x0000000711800000|  0%| F|  |TAMS 0x0000000711600000| PB 0x0000000711600000| Untracked 
| 107|0x0000000711800000, 0x0000000711800000, 0x0000000711a00000|  0%| F|  |TAMS 0x0000000711800000| PB 0x0000000711800000| Untracked 
| 108|0x0000000711a00000, 0x0000000711a00000, 0x0000000711c00000|  0%| F|  |TAMS 0x0000000711a00000| PB 0x0000000711a00000| Untracked 
| 109|0x0000000711c00000, 0x0000000711c00000, 0x0000000711e00000|  0%| F|  |TAMS 0x0000000711c00000| PB 0x0000000711c00000| Untracked 
| 110|0x0000000711e00000, 0x0000000711e00000, 0x0000000712000000|  0%| F|  |TAMS 0x0000000711e00000| PB 0x0000000711e00000| Untracked 
| 111|0x0000000712000000, 0x0000000712000000, 0x0000000712200000|  0%| F|  |TAMS 0x0000000712000000| PB 0x0000000712000000| Untracked 
| 112|0x0000000712200000, 0x0000000712200000, 0x0000000712400000|  0%| F|  |TAMS 0x0000000712200000| PB 0x0000000712200000| Untracked 
| 113|0x0000000712400000, 0x00000007125e7608, 0x0000000712600000| 95%| S|CS|TAMS 0x0000000712400000| PB 0x0000000712400000| Complete 
| 114|0x0000000712600000, 0x0000000712800000, 0x0000000712800000|100%| S|CS|TAMS 0x0000000712600000| PB 0x0000000712600000| Complete 
| 115|0x0000000712800000, 0x0000000712800000, 0x0000000712a00000|  0%| F|  |TAMS 0x0000000712800000| PB 0x0000000712800000| Untracked 
| 116|0x0000000712a00000, 0x0000000712a00000, 0x0000000712c00000|  0%| F|  |TAMS 0x0000000712a00000| PB 0x0000000712a00000| Untracked 
| 117|0x0000000712c00000, 0x0000000712c00000, 0x0000000712e00000|  0%| F|  |TAMS 0x0000000712c00000| PB 0x0000000712c00000| Untracked 
| 118|0x0000000712e00000, 0x0000000712e00000, 0x0000000713000000|  0%| F|  |TAMS 0x0000000712e00000| PB 0x0000000712e00000| Untracked 
| 119|0x0000000713000000, 0x0000000713000000, 0x0000000713200000|  0%| F|  |TAMS 0x0000000713000000| PB 0x0000000713000000| Untracked 
| 120|0x0000000713200000, 0x0000000713200000, 0x0000000713400000|  0%| F|  |TAMS 0x0000000713200000| PB 0x0000000713200000| Untracked 
| 121|0x0000000713400000, 0x0000000713400000, 0x0000000713600000|  0%| F|  |TAMS 0x0000000713400000| PB 0x0000000713400000| Untracked 
| 122|0x0000000713600000, 0x0000000713600000, 0x0000000713800000|  0%| F|  |TAMS 0x0000000713600000| PB 0x0000000713600000| Untracked 
| 123|0x0000000713800000, 0x0000000713800000, 0x0000000713a00000|  0%| F|  |TAMS 0x0000000713800000| PB 0x0000000713800000| Untracked 
| 124|0x0000000713a00000, 0x0000000713a00000, 0x0000000713c00000|  0%| F|  |TAMS 0x0000000713a00000| PB 0x0000000713a00000| Untracked 
| 125|0x0000000713c00000, 0x0000000713cb1b88, 0x0000000713e00000| 34%| E|  |TAMS 0x0000000713c00000| PB 0x0000000713c00000| Complete 

Card table byte_map: [0x000001f1e1ee0000,0x000001f1e26c0000] _byte_map_base: 0x000001f1de6bf000

Marking Bits: (CMBitMap*) 0x000001f1c9e29630
 Bits: [0x000001f1e2ea0000, 0x000001f1e6d98000)

Polling page: 0x000001f1c7d60000

Metaspace:

Usage:
  Non-class:      5.19 MB used.
      Class:    670.42 KB used.
       Both:      5.84 MB used.

Virtual space:
  Non-class space:       64.00 MB reserved,       5.31 MB (  8%) committed,  1 nodes.
      Class space:        1.00 GB reserved,     768.00 KB ( <1%) committed,  1 nodes.
             Both:        1.06 GB reserved,       6.06 MB ( <1%) committed. 

Chunk freelists:
   Non-Class:  1.17 MB
       Class:  3.30 MB
        Both:  4.47 MB

MaxMetaspaceSize: unlimited
CompressedClassSpaceSize: 1.00 GB
Initial GC threshold: 21.00 MB
Current GC threshold: 21.00 MB
CDS: on
MetaspaceReclaimPolicy: balanced
 - commit_granule_bytes: 65536.
 - commit_granule_words: 8192.
 - virtual_space_node_default_size: 8388608.
 - enlarge_chunks_in_place: 1.
 - new_chunks_are_fully_committed: 0.
 - uncommit_free_chunks: 1.
 - use_allocation_guard: 0.


Internal statistics:

num_allocs_failed_limit: 0.
num_arena_births: 64.
num_arena_deaths: 0.
num_vsnodes_births: 2.
num_vsnodes_deaths: 0.
num_space_committed: 97.
num_space_uncommitted: 0.
num_chunks_returned_to_freelist: 0.
num_chunks_taken_from_freelist: 223.
num_chunk_merges: 0.
num_chunk_splits: 149.
num_chunks_enlarged: 117.
num_inconsistent_stats: 0.

CodeHeap 'non-profiled nmethods': size=119168Kb used=362Kb max_used=362Kb free=118805Kb
 bounds [0x000001f1d9a10000, 0x000001f1d9c80000, 0x000001f1e0e70000]
CodeHeap 'profiled nmethods': size=119104Kb used=2357Kb max_used=2357Kb free=116746Kb
 bounds [0x000001f1d1e70000, 0x000001f1d20e0000, 0x000001f1d92c0000]
CodeHeap 'non-nmethods': size=7488Kb used=3222Kb max_used=3242Kb free=4265Kb
 bounds [0x000001f1d92c0000, 0x000001f1d9600000, 0x000001f1d9a10000]
 total_blobs=1696 nmethods=1226 adapters=378
 compilation: enabled
              stopped_count=0, restarted_count=0
 full_count=0

Compilation events (20 events):
Event: 0.391 Thread 0x000001f1eeeb8170 nmethod 1226 0x000001f1d9a6a010 code [0x000001f1d9a6a180, 0x000001f1d9a6a238]
Event: 0.391 Thread 0x000001f1eeeb8170 1211       4       java.nio.CharBuffer::arrayOffset (35 bytes)
Event: 0.391 Thread 0x000001f1eeeb8170 nmethod 1211 0x000001f1d9a6a310 code [0x000001f1d9a6a480, 0x000001f1d9a6a538]
Event: 0.391 Thread 0x000001f1eeeb8170 1225       4       java.nio.CharBuffer::position (6 bytes)
Event: 0.391 Thread 0x000001f1eeeb8170 nmethod 1225 0x000001f1d9a6a610 code [0x000001f1d9a6a780, 0x000001f1d9a6a868]
Event: 0.391 Thread 0x000001f1eeeb8170 1212       4       java.io.InputStreamReader::read (11 bytes)
Event: 0.395 Thread 0x000001f1e9d62680 1235       3       java.util.concurrent.locks.AbstractQueuedSynchronizer::signalNext (34 bytes)
Event: 0.395 Thread 0x000001f1ee70c9c0 1236       3       java.util.concurrent.locks.ReentrantLock$NonfairSync::initialTryLock (58 bytes)
Event: 0.395 Thread 0x000001f1e9d62680 nmethod 1235 0x000001f1d20b8f10 code [0x000001f1d20b90e0, 0x000001f1d20b95a0]
Event: 0.395 Thread 0x000001f1ee70c9c0 nmethod 1236 0x000001f1d20b9710 code [0x000001f1d20b98e0, 0x000001f1d20b9ce0]
Event: 0.395 Thread 0x000001f1eefbeb40 1234       4       sun.nio.cs.StreamDecoder::implRead (232 bytes)
Event: 0.396 Thread 0x000001f1ee70c9c0 1237       3       java.util.HashMap::isEmpty (13 bytes)
Event: 0.396 Thread 0x000001f1ee70c9c0 nmethod 1237 0x000001f1d20b9e10 code [0x000001f1d20b9fa0, 0x000001f1d20ba110]
Event: 0.396 Thread 0x000001f1ee70c9c0 1238       3       org.codehaus.plexus.util.xml.pull.MXParser::isWhitespace (114 bytes)
Event: 0.396 Thread 0x000001f1ee131080 1239       3       org.codehaus.plexus.util.xml.pull.MXParser::ensureElementsCapacity (265 bytes)
Event: 0.396 Thread 0x000001f1ee8943d0 1213       4       org.codehaus.plexus.util.xml.XmlReader::read (11 bytes)
Event: 0.396 Thread 0x000001f1e9d62680 1240       3       org.codehaus.plexus.util.xml.pull.MXParser::nextTag (82 bytes)
Event: 0.396 Thread 0x000001f1ee70c9c0 nmethod 1238 0x000001f1d20ba190 code [0x000001f1d20ba3a0, 0x000001f1d20bac30]
Event: 0.396 Thread 0x000001f1ee131080 nmethod 1239 0x000001f1d20bae90 code [0x000001f1d20bb0e0, 0x000001f1d20bc1f0]
Event: 0.397 Thread 0x000001f1e9d62680 nmethod 1240 0x000001f1d20bc510 code [0x000001f1d20bc780, 0x000001f1d20bd0c0]

GC Heap History (2 events):
Event: 0.391 GC heap before
{Heap before GC invocations=0 (full 0):
 garbage-first heap   total 258048K, used 22528K [0x0000000704200000, 0x0000000800000000)
  region size 2048K, 11 young (22528K), 0 survivors (0K)
 Metaspace       used 5961K, committed 6144K, reserved 1114112K
  class space    used 665K, committed 768K, reserved 1048576K
}
Event: 0.394 GC heap after
{Heap after GC invocations=1 (full 0):
 garbage-first heap   total 258048K, used 3997K [0x0000000704200000, 0x0000000800000000)
  region size 2048K, 2 young (4096K), 2 survivors (4096K)
 Metaspace       used 5961K, committed 6144K, reserved 1114112K
  class space    used 665K, committed 768K, reserved 1048576K
}

Dll operation events (12 events):
Event: 0.006 Loaded shared library C:\Program Files\Java\jdk-20\bin\java.dll
Event: 0.014 Loaded shared library C:\Program Files\Java\jdk-20\bin\jsvml.dll
Event: 0.061 Loaded shared library C:\Program Files\Java\jdk-20\bin\zip.dll
Event: 0.064 Loaded shared library C:\Program Files\Java\jdk-20\bin\instrument.dll
Event: 0.068 Loaded shared library C:\Program Files\Java\jdk-20\bin\net.dll
Event: 0.069 Loaded shared library C:\Program Files\Java\jdk-20\bin\nio.dll
Event: 0.071 Loaded shared library C:\Program Files\Java\jdk-20\bin\zip.dll
Event: 0.082 Loaded shared library C:\Program Files\JetBrains\IntelliJ IDEA 2023.1.4\bin\breakgen64.dll
Event: 0.088 Loaded shared library C:\Program Files\Java\jdk-20\bin\extnet.dll
Event: 0.149 Loaded shared library C:\Program Files\Java\jdk-20\bin\jimage.dll
Event: 0.159 Loaded shared library C:\Users\Mahmoud Ghania\AppData\Local\Temp\jansi-2.4.0-614edb16bddd75c4-jansi.dll
Event: 0.166 Loaded shared library C:\Program Files\Java\jdk-20\bin\verify.dll

Deoptimization events (20 events):
Event: 0.381 Thread 0x000001f1c9db9ab0 Uncommon trap: trap_request=0xffffff76 fr.pc=0x000001f1d9a4cc30 relative=0x00000000000002f0
Event: 0.381 Thread 0x000001f1c9db9ab0 Uncommon trap: reason=predicate action=maybe_recompile pc=0x000001f1d9a4cc30 method=java.util.regex.Pattern$BmpCharPropertyGreedy.match(Ljava/util/regex/Matcher;ILjava/lang/CharSequence;)Z @ 12 c2
Event: 0.381 Thread 0x000001f1c9db9ab0 DEOPT PACKING pc=0x000001f1d9a4cc30 sp=0x000000af311fdbe0
Event: 0.381 Thread 0x000001f1c9db9ab0 DEOPT UNPACKING pc=0x000001f1d92dd2a2 sp=0x000000af311fdb98 mode 2
Event: 0.381 Thread 0x000001f1c9db9ab0 Uncommon trap: trap_request=0xffffff45 fr.pc=0x000001f1d9a42f3c relative=0x00000000000000bc
Event: 0.381 Thread 0x000001f1c9db9ab0 Uncommon trap: reason=unstable_if action=reinterpret pc=0x000001f1d9a42f3c method=org.codehaus.plexus.util.xml.pull.MXParser.more()C @ 8 c2
Event: 0.381 Thread 0x000001f1c9db9ab0 DEOPT PACKING pc=0x000001f1d9a42f3c sp=0x000000af311fe030
Event: 0.381 Thread 0x000001f1c9db9ab0 DEOPT UNPACKING pc=0x000001f1d92dd2a2 sp=0x000000af311fdfc0 mode 2
Event: 0.388 Thread 0x000001f1c9db9ab0 Uncommon trap: trap_request=0xffffffde fr.pc=0x000001f1d9a51b84 relative=0x0000000000000a84
Event: 0.388 Thread 0x000001f1c9db9ab0 Uncommon trap: reason=class_check action=maybe_recompile pc=0x000001f1d9a51b84 method=java.util.HashMap.putVal(ILjava/lang/Object;Ljava/lang/Object;ZZ)Ljava/lang/Object; @ 91 c2
Event: 0.388 Thread 0x000001f1c9db9ab0 DEOPT PACKING pc=0x000001f1d9a51b84 sp=0x000000af311fe040
Event: 0.388 Thread 0x000001f1c9db9ab0 DEOPT UNPACKING pc=0x000001f1d92dd2a2 sp=0x000000af311fdf88 mode 2
Event: 0.394 Thread 0x000001f1e9d453f0 Uncommon trap: trap_request=0xffffff45 fr.pc=0x000001f1d9a49ac0 relative=0x0000000000000040
Event: 0.394 Thread 0x000001f1e9d453f0 Uncommon trap: reason=unstable_if action=reinterpret pc=0x000001f1d9a49ac0 method=java.util.concurrent.locks.AbstractQueuedSynchronizer.signalNext(Ljava/util/concurrent/locks/AbstractQueuedSynchronizer$Node;)V @ 1 c2
Event: 0.394 Thread 0x000001f1e9d453f0 DEOPT PACKING pc=0x000001f1d9a49ac0 sp=0x000000af318ff5b0
Event: 0.394 Thread 0x000001f1e9d453f0 DEOPT UNPACKING pc=0x000001f1d92dd2a2 sp=0x000000af318ff540 mode 2
Event: 0.395 Thread 0x000001f1e9d453f0 Uncommon trap: trap_request=0xffffff45 fr.pc=0x000001f1d9a69470 relative=0x0000000000000170
Event: 0.395 Thread 0x000001f1e9d453f0 Uncommon trap: reason=unstable_if action=reinterpret pc=0x000001f1d9a69470 method=java.util.concurrent.locks.ReentrantLock$NonfairSync.initialTryLock()Z @ 25 c2
Event: 0.395 Thread 0x000001f1e9d453f0 DEOPT PACKING pc=0x000001f1d9a69470 sp=0x000000af318ff590
Event: 0.395 Thread 0x000001f1e9d453f0 DEOPT UNPACKING pc=0x000001f1d92dd2a2 sp=0x000000af318ff530 mode 2

Classes loaded (20 events):
Event: 0.364 Loading class sun/misc/Unsafe
Event: 0.364 Loading class sun/misc/Unsafe done
Event: 0.364 Loading class java/lang/invoke/DirectMethodHandle$StaticAccessor
Event: 0.364 Loading class java/lang/invoke/DirectMethodHandle$StaticAccessor done
Event: 0.367 Loading class java/lang/reflect/ParameterizedType
Event: 0.367 Loading class java/lang/reflect/ParameterizedType done
Event: 0.369 Loading class java/lang/reflect/WildcardType
Event: 0.369 Loading class java/lang/reflect/WildcardType done
Event: 0.370 Loading class sun/reflect/generics/tree/TypeVariableSignature
Event: 0.370 Loading class sun/reflect/generics/tree/TypeVariableSignature done
Event: 0.377 Loading class java/lang/annotation/IncompleteAnnotationException
Event: 0.377 Loading class java/lang/annotation/IncompleteAnnotationException done
Event: 0.380 Loading class jdk/internal/foreign/MemorySessionImpl
Event: 0.380 Loading class java/lang/foreign/SegmentScope
Event: 0.380 Loading class java/lang/foreign/SegmentScope done
Event: 0.380 Loading class java/lang/foreign/SegmentAllocator
Event: 0.380 Loading class java/lang/foreign/SegmentAllocator done
Event: 0.380 Loading class jdk/internal/foreign/MemorySessionImpl done
Event: 0.391 Loading class java/lang/foreign/MemorySegment
Event: 0.391 Loading class java/lang/foreign/MemorySegment done

Classes unloaded (0 events):
No events

Classes redefined (0 events):
No events

Internal exceptions (14 events):
Event: 0.076 Thread 0x000001f1c9db9ab0 Exception <a 'java/lang/NoSuchMethodError'{0x0000000713ac97d8}: 'void java.lang.invoke.DirectMethodHandle$Holder.invokeStatic(java.lang.Object, java.lang.Object, java.lang.Object)'> (0x0000000713ac97d8) 
thrown [s\open\src\hotspot\share\interpreter\linkResolver.cpp, line 773]
Event: 0.079 Thread 0x000001f1c9db9ab0 Exception <a 'java/lang/NoSuchMethodError'{0x0000000713ae0ce0}: 'java.lang.Object java.lang.invoke.Invokers$Holder.invokeExact_MT(java.lang.Object, java.lang.Object, java.lang.Object, java.lang.Object, java.lang.Object)'> (0x0000000713ae0ce0) 
thrown [s\open\src\hotspot\share\interpreter\linkResolver.cpp, line 773]
Event: 0.088 Thread 0x000001f1ee29b870 Exception <a 'java/lang/NoSuchMethodError'{0x0000000713807460}: 'void java.lang.invoke.DirectMethodHandle$Holder.invokeStatic(java.lang.Object, java.lang.Object)'> (0x0000000713807460) 
thrown [s\open\src\hotspot\share\interpreter\linkResolver.cpp, line 773]
Event: 0.098 Thread 0x000001f1c9db9ab0 Exception <a 'java/lang/NoSuchMethodError'{0x00000007138b5400}: 'int java.lang.invoke.DirectMethodHandle$Holder.invokeSpecial(java.lang.Object, java.lang.Object, java.lang.Object)'> (0x00000007138b5400) 
thrown [s\open\src\hotspot\share\interpreter\linkResolver.cpp, line 773]
Event: 0.146 Thread 0x000001f1c9db9ab0 Exception <a 'java/lang/NullPointerException'{0x0000000713723288}> (0x0000000713723288) 
thrown [s\open\src\hotspot\share\interpreter\linkResolver.cpp, line 1373]
Event: 0.212 Thread 0x000001f1c9db9ab0 Exception <a 'java/lang/NoSuchMethodError'{0x00000007135d6c80}: 'java.lang.Object java.lang.invoke.DirectMethodHandle$Holder.invokeSpecialIFC(java.lang.Object, java.lang.Object, java.lang.Object, java.lang.Object)'> (0x00000007135d6c80) 
thrown [s\open\src\hotspot\share\interpreter\linkResolver.cpp, line 773]
Event: 0.305 Thread 0x000001f1c9db9ab0 Exception <a 'java/lang/NoSuchMethodError'{0x0000000712fcde98}: 'void java.lang.invoke.DirectMethodHandle$Holder.invokeSpecial(java.lang.Object, java.lang.Object, java.lang.Object)'> (0x0000000712fcde98) 
thrown [s\open\src\hotspot\share\interpreter\linkResolver.cpp, line 773]
Event: 0.323 Thread 0x000001f1c9db9ab0 Exception <a 'java/lang/NoSuchMethodError'{0x0000000712d1b858}: 'java.lang.Object java.lang.invoke.DirectMethodHandle$Holder.invokeInterface(java.lang.Object, java.lang.Object)'> (0x0000000712d1b858) 
thrown [s\open\src\hotspot\share\interpreter\linkResolver.cpp, line 773]
Event: 0.331 Thread 0x000001f1c9db9ab0 Exception <a 'java/lang/NoSuchMethodError'{0x0000000712db6ca8}: 'int java.lang.invoke.DirectMethodHandle$Holder.invokeStatic(java.lang.Object, java.lang.Object, java.lang.Object, java.lang.Object)'> (0x0000000712db6ca8) 
thrown [s\open\src\hotspot\share\interpreter\linkResolver.cpp, line 773]
Event: 0.331 Thread 0x000001f1c9db9ab0 Exception <a 'java/lang/NoSuchMethodError'{0x0000000712dba360}: 'java.lang.Object java.lang.invoke.Invokers$Holder.invokeExact_MT(java.lang.Object, java.lang.Object, java.lang.Object, java.lang.Object, java.lang.Object, java.lang.Object)'> (0x0000000712dba360) 
thrown [s\open\src\hotspot\share\interpreter\linkResolver.cpp, line 773]
Event: 0.333 Thread 0x000001f1c9db9ab0 Exception <a 'java/lang/NoSuchMethodError'{0x0000000712dca810}: 'int java.lang.invoke.DirectMethodHandle$Holder.invokeSpecialIFC(java.lang.Object, java.lang.Object, java.lang.Object, java.lang.Object, java.lang.Object)'> (0x0000000712dca810) 
thrown [s\open\src\hotspot\share\interpreter\linkResolver.cpp, line 773]
Event: 0.358 Thread 0x000001f1c9db9ab0 Exception <a 'java/lang/NoSuchMethodError'{0x0000000712b5ebc8}: 'java.lang.Object java.lang.invoke.DirectMethodHandle$Holder.newInvokeSpecial(java.lang.Object, java.lang.Object, java.lang.Object, java.lang.Object, java.lang.Object)'> (0x0000000712b5ebc8) 
thrown [s\open\src\hotspot\share\interpreter\linkResolver.cpp, line 773]
Event: 0.373 Thread 0x000001f1c9db9ab0 Exception <a 'java/lang/NoSuchMethodError'{0x000000071285f090}: 'int java.lang.invoke.DirectMethodHandle$Holder.invokeStaticInit(java.lang.Object, java.lang.Object)'> (0x000000071285f090) 
thrown [s\open\src\hotspot\share\interpreter\linkResolver.cpp, line 773]
Event: 0.377 Thread 0x000001f1c9db9ab0 Exception <a 'java/lang/NoClassDefFoundError'{0x0000000712894d10}: javax/enterprise/inject/Typed> (0x0000000712894d10) 
thrown [s\open\src\hotspot\share\classfile\systemDictionary.cpp, line 294]

VM Operations (12 events):
Event: 0.052 Executing VM operation: HandshakeAllThreads
Event: 0.052 Executing VM operation: HandshakeAllThreads done
Event: 0.084 Executing VM operation: HandshakeAllThreads
Event: 0.084 Executing VM operation: HandshakeAllThreads done
Event: 0.146 Executing VM operation: HandshakeAllThreads
Event: 0.146 Executing VM operation: HandshakeAllThreads done
Event: 0.150 Executing VM operation: HandshakeAllThreads
Event: 0.150 Executing VM operation: HandshakeAllThreads done
Event: 0.305 Executing VM operation: ICBufferFull
Event: 0.305 Executing VM operation: ICBufferFull done
Event: 0.391 Executing VM operation: G1CollectForAllocation
Event: 0.394 Executing VM operation: G1CollectForAllocation done

Events (19 events):
Event: 0.014 Thread 0x000001f1c9db9ab0 Thread added: 0x000001f1c9db9ab0
Event: 0.023 Thread 0x000001f1e9d453f0 Thread added: 0x000001f1e9d453f0
Event: 0.023 Thread 0x000001f1e9d461f0 Thread added: 0x000001f1e9d461f0
Event: 0.023 Thread 0x000001f1e9d46ff0 Thread added: 0x000001f1e9d46ff0
Event: 0.023 Thread 0x000001f1e9d4abd0 Thread added: 0x000001f1e9d4abd0
Event: 0.023 Thread 0x000001f1e9d4bb20 Thread added: 0x000001f1e9d4bb20
Event: 0.023 Thread 0x000001f1e9d4c460 Thread added: 0x000001f1e9d4c460
Event: 0.023 Thread 0x000001f1e9d554e0 Thread added: 0x000001f1e9d554e0
Event: 0.024 Thread 0x000001f1e9d62680 Thread added: 0x000001f1e9d62680
Event: 0.048 Thread 0x000001f1ee10ad10 Thread added: 0x000001f1ee10ad10
Event: 0.052 Thread 0x000001f1ee11bde0 Thread added: 0x000001f1ee11bde0
Event: 0.053 Thread 0x000001f1ee131080 Thread added: 0x000001f1ee131080
Event: 0.082 Thread 0x000001f1ee29b870 Thread added: 0x000001f1ee29b870
Event: 0.082 Thread 0x000001f1ee29c890 Thread added: 0x000001f1ee29c890
Event: 0.097 Thread 0x000001f1ee2d2440 Thread added: 0x000001f1ee2d2440
Event: 0.235 Thread 0x000001f1ee70c9c0 Thread added: 0x000001f1ee70c9c0
Event: 0.389 Thread 0x000001f1eeeb8170 Thread added: 0x000001f1eeeb8170
Event: 0.395 Thread 0x000001f1eefbeb40 Thread added: 0x000001f1eefbeb40
Event: 0.396 Thread 0x000001f1ee8943d0 Thread added: 0x000001f1ee8943d0


Dynamic libraries:
0x00007ff6edc40000 - 0x00007ff6edc50000 	C:\Program Files\Java\jdk-20\bin\java.exe
0x00007ffd55950000 - 0x00007ffd55b48000 	C:\Windows\SYSTEM32\ntdll.dll
0x00007ffd53e90000 - 0x00007ffd53f4d000 	C:\Windows\System32\KERNEL32.DLL
0x00007ffd53530000 - 0x00007ffd53826000 	C:\Windows\System32\KERNELBASE.dll
0x00007ffd53140000 - 0x00007ffd53240000 	C:\Windows\System32\ucrtbase.dll
0x00007ffd1d1c0000 - 0x00007ffd1d1d9000 	C:\Program Files\Java\jdk-20\bin\jli.dll
0x00007ffd1d430000 - 0x00007ffd1d44b000 	C:\Program Files\Java\jdk-20\bin\VCRUNTIME140.dll
0x00007ffd53b90000 - 0x00007ffd53c43000 	C:\Windows\System32\ADVAPI32.dll
0x00007ffd53df0000 - 0x00007ffd53e8e000 	C:\Windows\System32\msvcrt.dll
0x00007ffd557c0000 - 0x00007ffd5585f000 	C:\Windows\System32\sechost.dll
0x00007ffd539a0000 - 0x00007ffd53ac6000 	C:\Windows\System32\RPCRT4.dll
0x00007ffd53300000 - 0x00007ffd53327000 	C:\Windows\System32\bcrypt.dll
0x00007ffd53c50000 - 0x00007ffd53dee000 	C:\Windows\System32\USER32.dll
0x00007ffd53970000 - 0x00007ffd53992000 	C:\Windows\System32\win32u.dll
0x00007ffd543c0000 - 0x00007ffd543ec000 	C:\Windows\System32\GDI32.dll
0x00007ffd382a0000 - 0x00007ffd3853a000 	C:\Windows\WinSxS\amd64_microsoft.windows.common-controls_6595b64144ccf1df_6.0.19041.3636_none_60b6a03d71f818d5\COMCTL32.dll
0x00007ffd53020000 - 0x00007ffd5313a000 	C:\Windows\System32\gdi32full.dll
0x00007ffd53330000 - 0x00007ffd533cd000 	C:\Windows\System32\msvcp_win.dll
0x00007ffd49df0000 - 0x00007ffd49dfa000 	C:\Windows\SYSTEM32\VERSION.dll
0x00007ffd550e0000 - 0x00007ffd55110000 	C:\Windows\System32\IMM32.DLL
0x00007ffd1d5b0000 - 0x00007ffd1d5bc000 	C:\Program Files\Java\jdk-20\bin\vcruntime140_1.dll
0x00007ffce6280000 - 0x00007ffce630e000 	C:\Program Files\Java\jdk-20\bin\msvcp140.dll
0x00007ffcc9090000 - 0x00007ffcc9d27000 	C:\Program Files\Java\jdk-20\bin\server\jvm.dll
0x00007ffd427c0000 - 0x00007ffd427c9000 	C:\Windows\SYSTEM32\WSOCK32.dll
0x00007ffd44140000 - 0x00007ffd44167000 	C:\Windows\SYSTEM32\WINMM.dll
0x00007ffd54fc0000 - 0x00007ffd5502b000 	C:\Windows\System32\WS2_32.dll
0x00007ffd50eb0000 - 0x00007ffd50ec2000 	C:\Windows\SYSTEM32\kernel.appcore.dll
0x00007ffd1d180000 - 0x00007ffd1d18a000 	C:\Program Files\Java\jdk-20\bin\jimage.dll
0x00007ffd50790000 - 0x00007ffd50974000 	C:\Windows\SYSTEM32\DBGHELP.DLL
0x00007ffd450f0000 - 0x00007ffd45124000 	C:\Windows\SYSTEM32\dbgcore.DLL
0x00007ffd53830000 - 0x00007ffd538b2000 	C:\Windows\System32\bcryptPrimitives.dll
0x00007ffd4f7c0000 - 0x00007ffd4f7ce000 	C:\Program Files\Java\jdk-20\bin\instrument.dll
0x00007ffd047b0000 - 0x00007ffd047d6000 	C:\Program Files\Java\jdk-20\bin\java.dll
0x00007ffcd5cf0000 - 0x00007ffcd5dc7000 	C:\Program Files\Java\jdk-20\bin\jsvml.dll
0x00007ffd544f0000 - 0x00007ffd54c35000 	C:\Windows\System32\SHELL32.dll
0x00007ffd510d0000 - 0x00007ffd5186b000 	C:\Windows\SYSTEM32\windows.storage.dll
0x00007ffd55460000 - 0x00007ffd557b4000 	C:\Windows\System32\combase.dll
0x00007ffd52a50000 - 0x00007ffd52a7d000 	C:\Windows\SYSTEM32\Wldp.dll
0x00007ffd55030000 - 0x00007ffd550dd000 	C:\Windows\System32\SHCORE.dll
0x00007ffd53ad0000 - 0x00007ffd53b25000 	C:\Windows\System32\shlwapi.dll
0x00007ffd52f50000 - 0x00007ffd52f75000 	C:\Windows\SYSTEM32\profapi.dll
0x00007ffce6f80000 - 0x00007ffce6f98000 	C:\Program Files\Java\jdk-20\bin\zip.dll
0x00007ffce9560000 - 0x00007ffce9573000 	C:\Program Files\Java\jdk-20\bin\net.dll
0x00007ffd4e360000 - 0x00007ffd4e46a000 	C:\Windows\SYSTEM32\WINHTTP.dll
0x00007ffd527b0000 - 0x00007ffd5281a000 	C:\Windows\system32\mswsock.dll
0x00007ffce6fa0000 - 0x00007ffce6fb6000 	C:\Program Files\Java\jdk-20\bin\nio.dll
0x00007ffd4f7a0000 - 0x00007ffd4f7ba000 	C:\Program Files\JetBrains\IntelliJ IDEA 2023.1.4\bin\breakgen64.dll
0x00007ffd1d170000 - 0x00007ffd1d177000 	C:\Program Files\Java\jdk-20\bin\extnet.dll
0x0000000069ac0000 - 0x0000000069ae4000 	C:\Users\Mahmoud Ghania\AppData\Local\Temp\jansi-2.4.0-614edb16bddd75c4-jansi.dll
0x00007ffcfa520000 - 0x00007ffcfa530000 	C:\Program Files\Java\jdk-20\bin\verify.dll

dbghelp: loaded successfully - version: 4.0.5 - missing functions: none
symbol engine: initialized successfully - sym options: 0x614 - pdb path: .;C:\Program Files\Java\jdk-20\bin;C:\Windows\SYSTEM32;C:\Windows\WinSxS\amd64_microsoft.windows.common-controls_6595b64144ccf1df_6.0.19041.3636_none_60b6a03d71f818d5;C:\Program Files\Java\jdk-20\bin\server;C:\Program Files\JetBrains\IntelliJ IDEA 2023.1.4\bin;C:\Users\Mahmoud Ghania\AppData\Local\Temp

VM Arguments:
jvm_args: -Dmaven.multiModuleProjectDirectory=E:\sidaliah -Djansi.passthrough=true -Dmaven.home=C:\Users\Mahmoud Ghania\.m2\wrapper\dists\apache-maven-3.9.4-bin\2vqnav6ufo1qvo5j2um40861m\apache-maven-3.9.4 -Dclassworlds.conf=C:\Users\Mahmoud Ghania\.m2\wrapper\dists\apache-maven-3.9.4-bin\2vqnav6ufo1qvo5j2um40861m\apache-maven-3.9.4\bin\m2.conf -Dmaven.ext.class.path=C:\Program Files\JetBrains\IntelliJ IDEA 2023.1.4\plugins\maven\lib\maven-event-listener.jar -javaagent:C:\Program Files\JetBrains\IntelliJ IDEA 2023.1.4\lib\idea_rt.jar=52843:C:\Program Files\JetBrains\IntelliJ IDEA 2023.1.4\bin -Dfile.encoding=UTF-8 -Dsun.stdout.encoding=UTF-8 -Dsun.stderr.encoding=UTF-8 
java_command: org.codehaus.classworlds.Launcher -Didea.version=2023.1.4 clean
java_class_path (initial): C:\Users\Mahmoud Ghania\.m2\wrapper\dists\apache-maven-3.9.4-bin\2vqnav6ufo1qvo5j2um40861m\apache-maven-3.9.4\boot\plexus-classworlds-2.7.0.jar;C:\Users\Mahmoud Ghania\.m2\wrapper\dists\apache-maven-3.9.4-bin\2vqnav6ufo1qvo5j2um40861m\apache-maven-3.9.4\boot\plexus-classworlds.license
Launcher Type: SUN_STANDARD

[Global flags]
     intx CICompilerCount                          = 12                                        {product} {ergonomic}
     uint ConcGCThreads                            = 3                                         {product} {ergonomic}
     uint G1ConcRefinementThreads                  = 13                                        {product} {ergonomic}
   size_t G1HeapRegionSize                         = 2097152                                   {product} {ergonomic}
    uintx GCDrainStackTargetSize                   = 64                                        {product} {ergonomic}
   size_t InitialHeapSize                          = 264241152                                 {product} {ergonomic}
   size_t MarkStackSize                            = 4194304                                   {product} {ergonomic}
   size_t MaxHeapSize                              = 4225761280                                {product} {ergonomic}
   size_t MaxNewSize                               = 2535456768                                {product} {ergonomic}
   size_t MinHeapDeltaBytes                        = 2097152                                   {product} {ergonomic}
   size_t MinHeapSize                              = 8388608                                   {product} {ergonomic}
    uintx NonNMethodCodeHeapSize                   = 7602480                                {pd product} {ergonomic}
    uintx NonProfiledCodeHeapSize                  = 122027880                              {pd product} {ergonomic}
    uintx ProfiledCodeHeapSize                     = 122027880                              {pd product} {ergonomic}
    uintx ReservedCodeCacheSize                    = 251658240                              {pd product} {ergonomic}
     bool SegmentedCodeCache                       = true                                      {product} {ergonomic}
   size_t SoftMaxHeapSize                          = 4225761280                             {manageable} {ergonomic}
     bool UseCompressedClassPointers               = true                           {product lp64_product} {ergonomic}
     bool UseCompressedOops                        = true                           {product lp64_product} {ergonomic}
     bool UseG1GC                                  = true                                      {product} {ergonomic}
     bool UseLargePagesIndividualAllocation        = false                                  {pd product} {ergonomic}

Logging:
Log output configuration:
 #0: stdout all=warning uptime,level,tags foldmultilines=false
 #1: stderr all=off uptime,level,tags foldmultilines=false

Environment Variables:
JAVA_HOME=C:\Program Files\Java\jdk-20
PATH=C:\Program Files\Common Files\Oracle\Java\javapath;C:\oraclexe\app\oracle\product\11.2.0\server\bin;C:\Program Files (x86)\Common Files\Oracle\Java\javapath;C:\Windows\system32;C:\Windows;C:\Windows\System32\Wbem;C:\Windows\System32\WindowsPowerShell\v1.0\;C:\Windows\System32\OpenSSH\;C:\Program Files (x86)\NVIDIA Corporation\PhysX\Common;C:\Program Files\NVIDIA Corporation\NVIDIA NvDLISR;C:\Program Files\dotnet\;C:\Program Files\Microsoft SQL Server\Client SDK\ODBC\110\Tools\Binn\;C:\Program Files (x86)\Microsoft SQL Server\120\Tools\Binn\;C:\Program Files\Microsoft SQL Server\120\Tools\Binn\;C:\Program Files\Microsoft SQL Server\120\DTS\Binn\;C:\Program Files (x86)\Microsoft SQL Server\120\Tools\Binn\ManagementStudio\;C:\Program Files (x86)\Microsoft SQL Server\120\DTS\Binn\;C:\Users\MAHMOU~1\AppData\Local\Pub\Cache\bin;C:\Program Files (x86)\Microsoft SQL Server\160\Tools\Binn\;C:\Program Files\Microsoft SQL Server\160\Tools\Binn\;C:\Program Files\Microsoft SQL Server\Client SDK\ODBC\170\Tools\Binn\;C:\Program Files\Microsoft SQL Server\160\DTS\Binn\;C:\Program Files\Microsoft SQL Server\150\Tools\Binn\;C:\Program Files\Java\jdk-20\bin;C:\Program Files\Git\cmd;C:\Program Files (x86)\Touch Portal\plugins\adb\platform-tools;C:\Program Files\nodejs\;C:\Program Files\Docker\Docker\resources\bin;C:\Program Files\MySQL\MySQL Server 8.0\bin;C:\Program Files\MySQL\MySQL Shell 8.0\bin\;C:\Users\Mahmoud Ghania\AppData\Local\Programs\Python\Python311\Scripts\;C:\Users\Mahmoud Ghania\AppData\Local\Programs\Python\Python311\;C:\Users\Mahmoud Ghania\AppData\Local\Microsoft\WindowsApps;C:\Users\Mahmoud Ghania\AppData\Local\Pub\Cache\bin;C:\Users\Mahmoud Ghania\AppData\Local\Pub\Cache\bin;C:\Program Files\Java\jre1.8.0_351\bin;E:\dart\dart-sdk\bin;C:\Users\Mahmoud Ghania\AppData\Local\Programs\Microsoft VS Code\bin;C:\src\flutter\bin;C:\Users\Mahmoud Ghania\.dotnet\tools;C:\Program Files\JetBrains\IntelliJ IDEA 2023.1.4\bin;;C:\Users\Mahmoud Ghania\AppData\Roaming\npm
USERNAME=Mahmoud Ghania
OS=Windows_NT
PROCESSOR_IDENTIFIER=Intel64 Family 6 Model 141 Stepping 1, GenuineIntel
TMP=C:\Users\MAHMOU~1\AppData\Local\Temp
TEMP=C:\Users\MAHMOU~1\AppData\Local\Temp




---------------  S Y S T E M  ---------------

OS:
 Windows 10 , 64 bit Build 19041 (10.0.19041.3636)
OS uptime: 0 days 1:24 hours

CPU: total 16 (initial active 16) (8 cores per cpu, 2 threads per core) family 6 model 141 stepping 1 microcode 0x4e, cx8, cmov, fxsr, ht, mmx, 3dnowpref, sse, sse2, sse3, ssse3, sse4.1, sse4.2, popcnt, lzcnt, tsc, tscinvbit, avx, avx2, aes, erms, clmul, bmi1, bmi2, adx, avx512f, avx512dq, avx512cd, avx512bw, avx512vl, sha, fma, vzeroupper, avx512_vpopcntdq, avx512_vpclmulqdq, avx512_vaes, avx512_vnni, clflush, clflushopt, clwb, avx512_vbmi2, avx512_vbmi, rdtscp, rdpid, fsrm, gfni, avx512_bitalg, f16c, pku, cet_ibt, cet_ss, avx512_ifma

Memory: 4k page, system-wide physical 16114M (3836M free)
TotalPageFile size 19496M (AvailPageFile size 5M)
current process WorkingSet (physical memory assigned to process): 84M, peak: 84M
current process commit charge ("private bytes"): 371M, peak: 371M

vm_info: Java HotSpot(TM) 64-Bit Server VM (20.0.1+9-29) for windows-amd64 JRE (20.0.1+9-29), built on 2023-03-07T13:56:11Z by "mach5one" with MS VC++ 17.1 (VS2022)

END.
